<?xml version="1.0" encoding="UTF-8" ?>
<testsuite failures="1" time="203.876" errors="0" skipped="0" tests="1" name="TestSuite">
  <properties>
    <property name="java.runtime.name" value="Java(TM) SE Runtime Environment"/>
    <property name="sun.boot.library.path" value="C:\Program Files\Java\jre7\bin"/>
    <property name="java.vm.version" value="23.25-b01"/>
    <property name="user.country.format" value="RU"/>
    <property name="java.vm.vendor" value="Oracle Corporation"/>
    <property name="java.vendor.url" value="http://java.oracle.com/"/>
    <property name="path.separator" value=";"/>
    <property name="guice.disable.misplaced.annotation.check" value="true"/>
    <property name="java.vm.name" value="Java HotSpot(TM) Client VM"/>
    <property name="file.encoding.pkg" value="sun.io"/>
    <property name="user.script" value=""/>
    <property name="user.country" value="US"/>
    <property name="sun.java.launcher" value="SUN_STANDARD"/>
    <property name="sun.os.patch.level" value="Service Pack 1"/>
    <property name="java.vm.specification.name" value="Java Virtual Machine Specification"/>
    <property name="user.dir" value="C:\Users\Karyna_Tarasenko@epam.com\Documents\GitHub\EveningFramework\EveningFramework"/>
    <property name="java.runtime.version" value="1.7.0_25-b17"/>
    <property name="java.awt.graphicsenv" value="sun.awt.Win32GraphicsEnvironment"/>
    <property name="java.endorsed.dirs" value="C:\Program Files\Java\jre7\lib\endorsed"/>
    <property name="os.arch" value="x86"/>
    <property name="java.io.tmpdir" value="C:\Users\KARYNA~1.COM\AppData\Local\Temp\"/>
    <property name="line.separator" value="
"/>
    <property name="java.vm.specification.vendor" value="Oracle Corporation"/>
    <property name="user.variant" value=""/>
    <property name="os.name" value="Windows 7"/>
    <property name="classworlds.conf" value="C:\Users\Karyna_Tarasenko@epam.com\GitHub\Framework\.metadata\.plugins\org.eclipse.m2e.launching\launches\m2conf7762010452192433485.tmp"/>
    <property name="sun.jnu.encoding" value="Cp1251"/>
    <property name="java.library.path" value="C:\Program Files\Java\jre7\bin;C:\WINDOWS\Sun\Java\bin;C:\WINDOWS\system32;C:\WINDOWS;C:/Program Files/Java/jre7/bin/client;C:/Program Files/Java/jre7/bin;C:/Program Files/Java/jre7/lib/i386;C:\WINDOWS\system32;C:\WINDOWS;C:\WINDOWS\System32\Wbem;C:\WINDOWS\System32\WindowsPowerShell\v1.0\;C:\Program Files\TortoiseSVN\bin;C:\Program Files\Microsoft SQL Server\100\Tools\Binn\;C:\Program Files\Microsoft SQL Server\100\DTS\Binn\;C:\Program Files\Microsoft SQL Server\110\Tools\Binn\;C:\apache-jmeter-2.9\bin; C:\Users\Karyna_Tarasenko@epam.com\maven\bin;C:\Program Files\TortoiseGit\bin;C:\Program Files\Git\cmd;%M2%; C:\Program Files\Java\jdk1.7.0_25\jre;C:\Users\Karyna_Tarasenko@epam.com\maven\bin;D:\eclipse-java-kepler-SR1-win32\eclipse;;."/>
    <property name="java.specification.name" value="Java Platform API Specification"/>
    <property name="java.class.version" value="51.0"/>
    <property name="sun.management.compiler" value="HotSpot Client Compiler"/>
    <property name="os.version" value="6.1"/>
    <property name="user.home" value="C:\Users\Karyna_Tarasenko@epam.com"/>
    <property name="user.timezone" value="Europe/Helsinki"/>
    <property name="java.awt.printerjob" value="sun.awt.windows.WPrinterJob"/>
    <property name="java.specification.version" value="1.7"/>
    <property name="file.encoding" value="Cp1251"/>
    <property name="user.name" value="Karyna_Tarasenko"/>
    <property name="java.class.path" value="/D:/eclipse-java-kepler-SR1-win32/eclipse/configuration/org.eclipse.osgi/bundles/231/1/.cp/jars/plexus-classworlds-2.4.jar"/>
    <property name="java.vm.specification.version" value="1.7"/>
    <property name="sun.arch.data.model" value="32"/>
    <property name="java.home" value="C:\Program Files\Java\jre7"/>
    <property name="sun.java.command" value="org.codehaus.plexus.classworlds.launcher.Launcher -B test"/>
    <property name="java.specification.vendor" value="Oracle Corporation"/>
    <property name="user.language" value="en"/>
    <property name="user.language.format" value="ru"/>
    <property name="awt.toolkit" value="sun.awt.windows.WToolkit"/>
    <property name="java.vm.info" value="mixed mode, sharing"/>
    <property name="java.version" value="1.7.0_25"/>
    <property name="java.ext.dirs" value="C:\Program Files\Java\jre7\lib\ext;C:\WINDOWS\Sun\Java\lib\ext"/>
    <property name="sun.boot.class.path" value="C:\Program Files\Java\jre7\lib\resources.jar;C:\Program Files\Java\jre7\lib\rt.jar;C:\Program Files\Java\jre7\lib\sunrsasign.jar;C:\Program Files\Java\jre7\lib\jsse.jar;C:\Program Files\Java\jre7\lib\jce.jar;C:\Program Files\Java\jre7\lib\charsets.jar;C:\Program Files\Java\jre7\lib\jfr.jar;C:\Program Files\Java\jre7\classes"/>
    <property name="java.vendor" value="Oracle Corporation"/>
    <property name="maven.home" value="C:\Users\Karyna_Tarasenko@epam.com\Documents\GitHub\EveningFramework\EveningFramework\EMBEDDED"/>
    <property name="file.separator" value="\"/>
    <property name="java.vendor.url.bug" value="http://bugreport.sun.com/bugreport/"/>
    <property name="maven.bootclasspath" value="/D:/eclipse-java-kepler-SR1-win32/eclipse/configuration/org.eclipse.osgi/bundles/231/1/.cp/jars/plexus-classworlds-2.4.jar"/>
    <property name="sun.cpu.endian" value="little"/>
    <property name="sun.io.unicode.encoding" value="UnicodeLittle"/>
    <property name="sun.desktop" value="windows"/>
    <property name="sun.cpu.isalist" value="pentium_pro+mmx pentium_pro pentium+mmx pentium i486 i386 i86"/>
  </properties>
  <testcase time="189.863" classname="com.epam.preproduction.tests.CheckPriceFilterTest" name="testFilterPrice">
    <failure message="Unable to locate element: {&quot;method&quot;:&quot;xpath&quot;,&quot;selector&quot;:&quot;//div[contains(text(),&apos;Минимальная цена&apos;)]/../div[2]/a[text()=&apos;7000&apos;]&quot;}
Command duration or timeout: 32.84 seconds
For documentation on this error, please visit: http://seleniumhq.org/exceptions/no_such_element.html
Build info: version: &apos;2.35.0&apos;, revision: &apos;8df0c6bedf70ff9f22c647788f9fe9c8d22210e2&apos;, time: &apos;2013-08-17 12:46:41&apos;
System info: os.name: &apos;Windows 7&apos;, os.arch: &apos;x86&apos;, os.version: &apos;6.1&apos;, java.version: &apos;1.7.0_25&apos;
Session ID: 0afd1359-6104-48da-ba3c-7e6a9c8b4483
Driver info: org.openqa.selenium.firefox.FirefoxDriver
Capabilities [{platform=XP, databaseEnabled=true, cssSelectorsEnabled=true, javascriptEnabled=true, acceptSslCerts=true, handlesAlerts=true, browserName=firefox, browserConnectionEnabled=true, nativeEvents=true, webStorageEnabled=true, rotatable=false, locationContextEnabled=true, applicationCacheEnabled=true, takesScreenshot=true, version=25.0}]" type="org.openqa.selenium.NoSuchElementException">org.openqa.selenium.NoSuchElementException: Unable to locate element: {&quot;method&quot;:&quot;xpath&quot;,&quot;selector&quot;:&quot;//div[contains(text(),&apos;Минимальная цена&apos;)]/../div[2]/a[text()=&apos;7000&apos;]&quot;}
Command duration or timeout: 32.84 seconds
For documentation on this error, please visit: http://seleniumhq.org/exceptions/no_such_element.html
Build info: version: &apos;2.35.0&apos;, revision: &apos;8df0c6bedf70ff9f22c647788f9fe9c8d22210e2&apos;, time: &apos;2013-08-17 12:46:41&apos;
System info: os.name: &apos;Windows 7&apos;, os.arch: &apos;x86&apos;, os.version: &apos;6.1&apos;, java.version: &apos;1.7.0_25&apos;
Session ID: 0afd1359-6104-48da-ba3c-7e6a9c8b4483
Driver info: org.openqa.selenium.firefox.FirefoxDriver
Capabilities [{platform=XP, databaseEnabled=true, cssSelectorsEnabled=true, javascriptEnabled=true, acceptSslCerts=true, handlesAlerts=true, browserName=firefox, browserConnectionEnabled=true, nativeEvents=true, webStorageEnabled=true, rotatable=false, locationContextEnabled=true, applicationCacheEnabled=true, takesScreenshot=true, version=25.0}]
	at sun.reflect.NativeConstructorAccessorImpl.newInstance0(Native Method)
	at sun.reflect.NativeConstructorAccessorImpl.newInstance(Unknown Source)
	at sun.reflect.DelegatingConstructorAccessorImpl.newInstance(Unknown Source)
	at java.lang.reflect.Constructor.newInstance(Unknown Source)
	at org.openqa.selenium.remote.ErrorHandler.createThrowable(ErrorHandler.java:191)
	at org.openqa.selenium.remote.ErrorHandler.throwIfResponseFailed(ErrorHandler.java:145)
	at org.openqa.selenium.remote.RemoteWebDriver.execute(RemoteWebDriver.java:554)
	at org.openqa.selenium.remote.RemoteWebDriver.findElement(RemoteWebDriver.java:307)
	at org.openqa.selenium.remote.RemoteWebDriver.findElementByXPath(RemoteWebDriver.java:404)
	at org.openqa.selenium.By$ByXPath.findElement(By.java:344)
	at org.openqa.selenium.remote.RemoteWebDriver.findElement(RemoteWebDriver.java:299)
	at com.epam.preproduction.pages.PricePage.clickAtPriceFilters(PricePage.java:36)
	at com.epam.preproduction.helpers.PriceFilterTestHelper.verifyPriceFilter(PriceFilterTestHelper.java:46)
	at com.epam.preproduction.tests.CheckPriceFilterTest.testFilterPrice(CheckPriceFilterTest.java:41)
Caused by: org.openqa.selenium.remote.ErrorHandler$UnknownServerException: Unable to locate element: {&quot;method&quot;:&quot;xpath&quot;,&quot;selector&quot;:&quot;//div[contains(text(),&apos;Минимальная цена&apos;)]/../div[2]/a[text()=&apos;7000&apos;]&quot;}
Build info: version: &apos;2.35.0&apos;, revision: &apos;8df0c6bedf70ff9f22c647788f9fe9c8d22210e2&apos;, time: &apos;2013-08-17 12:46:41&apos;
System info: os.name: &apos;Windows 7&apos;, os.arch: &apos;x86&apos;, os.version: &apos;6.1&apos;, java.version: &apos;1.7.0_25&apos;
Driver info: driver.version: unknown
	at &lt;anonymous class&gt;.FirefoxDriver.prototype.findElementInternal_(file:///C:/Users/KARYNA~1.COM/AppData/Local/Temp/anonymous8102443749881929876webdriver-profile/extensions/fxdriver@googlecode.com/components/driver_component.js:8880)
	at &lt;anonymous class&gt;.fxdriver.Timer.prototype.setTimeout/&lt;.notify(file:///C:/Users/KARYNA~1.COM/AppData/Local/Temp/anonymous8102443749881929876webdriver-profile/extensions/fxdriver@googlecode.com/components/driver_component.js:396)
</failure>
    <system-out>==start==&gt;setUp
===end===&gt;setUp
[[[FirefoxDriver: firefox on XP (0afd1359-6104-48da-ba3c-7e6a9c8b4483)] -&gt; xpath: //div[@class=&apos;item&apos;]], [[FirefoxDriver: firefox on XP (0afd1359-6104-48da-ba3c-7e6a9c8b4483)] -&gt; xpath: //div[@class=&apos;item&apos;]], [[FirefoxDriver: firefox on XP (0afd1359-6104-48da-ba3c-7e6a9c8b4483)] -&gt; xpath: //div[@class=&apos;item&apos;]], [[FirefoxDriver: firefox on XP (0afd1359-6104-48da-ba3c-7e6a9c8b4483)] -&gt; xpath: //div[@class=&apos;item&apos;]], [[FirefoxDriver: firefox on XP (0afd1359-6104-48da-ba3c-7e6a9c8b4483)] -&gt; xpath: //div[@class=&apos;item&apos;]], [[FirefoxDriver: firefox on XP (0afd1359-6104-48da-ba3c-7e6a9c8b4483)] -&gt; xpath: //div[@class=&apos;item&apos;]], [[FirefoxDriver: firefox on XP (0afd1359-6104-48da-ba3c-7e6a9c8b4483)] -&gt; xpath: //div[@class=&apos;item&apos;]], [[FirefoxDriver: firefox on XP (0afd1359-6104-48da-ba3c-7e6a9c8b4483)] -&gt; xpath: //div[@class=&apos;item&apos;]], [[FirefoxDriver: firefox on XP (0afd1359-6104-48da-ba3c-7e6a9c8b4483)] -&gt; xpath: //div[@class=&apos;item&apos;]], [[FirefoxDriver: firefox on XP (0afd1359-6104-48da-ba3c-7e6a9c8b4483)] -&gt; xpath: //div[@class=&apos;item&apos;]], [[FirefoxDriver: firefox on XP (0afd1359-6104-48da-ba3c-7e6a9c8b4483)] -&gt; xpath: //div[@class=&apos;item&apos;]], [[FirefoxDriver: firefox on XP (0afd1359-6104-48da-ba3c-7e6a9c8b4483)] -&gt; xpath: //div[@class=&apos;item&apos;]], [[FirefoxDriver: firefox on XP (0afd1359-6104-48da-ba3c-7e6a9c8b4483)] -&gt; xpath: //div[@class=&apos;item&apos;]], [[FirefoxDriver: firefox on XP (0afd1359-6104-48da-ba3c-7e6a9c8b4483)] -&gt; xpath: //div[@class=&apos;item&apos;]], [[FirefoxDriver: firefox on XP (0afd1359-6104-48da-ba3c-7e6a9c8b4483)] -&gt; xpath: //div[@class=&apos;item&apos;]], [[FirefoxDriver: firefox on XP (0afd1359-6104-48da-ba3c-7e6a9c8b4483)] -&gt; xpath: //div[@class=&apos;item&apos;]], [[FirefoxDriver: firefox on XP (0afd1359-6104-48da-ba3c-7e6a9c8b4483)] -&gt; xpath: //div[@class=&apos;item&apos;]], [[FirefoxDriver: firefox on XP (0afd1359-6104-48da-ba3c-7e6a9c8b4483)] -&gt; xpath: //div[@class=&apos;item&apos;]], [[FirefoxDriver: firefox on XP (0afd1359-6104-48da-ba3c-7e6a9c8b4483)] -&gt; xpath: //div[@class=&apos;item&apos;]], [[FirefoxDriver: firefox on XP (0afd1359-6104-48da-ba3c-7e6a9c8b4483)] -&gt; xpath: //div[@class=&apos;item&apos;]]]
allMachines.size: 20
[[[FirefoxDriver: firefox on XP (0afd1359-6104-48da-ba3c-7e6a9c8b4483)] -&gt; xpath: //div[@class=&apos;item&apos;]], [[FirefoxDriver: firefox on XP (0afd1359-6104-48da-ba3c-7e6a9c8b4483)] -&gt; xpath: //div[@class=&apos;item&apos;]], [[FirefoxDriver: firefox on XP (0afd1359-6104-48da-ba3c-7e6a9c8b4483)] -&gt; xpath: //div[@class=&apos;item&apos;]], [[FirefoxDriver: firefox on XP (0afd1359-6104-48da-ba3c-7e6a9c8b4483)] -&gt; xpath: //div[@class=&apos;item&apos;]], [[FirefoxDriver: firefox on XP (0afd1359-6104-48da-ba3c-7e6a9c8b4483)] -&gt; xpath: //div[@class=&apos;item&apos;]], [[FirefoxDriver: firefox on XP (0afd1359-6104-48da-ba3c-7e6a9c8b4483)] -&gt; xpath: //div[@class=&apos;item&apos;]], [[FirefoxDriver: firefox on XP (0afd1359-6104-48da-ba3c-7e6a9c8b4483)] -&gt; xpath: //div[@class=&apos;item&apos;]], [[FirefoxDriver: firefox on XP (0afd1359-6104-48da-ba3c-7e6a9c8b4483)] -&gt; xpath: //div[@class=&apos;item&apos;]], [[FirefoxDriver: firefox on XP (0afd1359-6104-48da-ba3c-7e6a9c8b4483)] -&gt; xpath: //div[@class=&apos;item&apos;]], [[FirefoxDriver: firefox on XP (0afd1359-6104-48da-ba3c-7e6a9c8b4483)] -&gt; xpath: //div[@class=&apos;item&apos;]], [[FirefoxDriver: firefox on XP (0afd1359-6104-48da-ba3c-7e6a9c8b4483)] -&gt; xpath: //div[@class=&apos;item&apos;]], [[FirefoxDriver: firefox on XP (0afd1359-6104-48da-ba3c-7e6a9c8b4483)] -&gt; xpath: //div[@class=&apos;item&apos;]], [[FirefoxDriver: firefox on XP (0afd1359-6104-48da-ba3c-7e6a9c8b4483)] -&gt; xpath: //div[@class=&apos;item&apos;]], [[FirefoxDriver: firefox on XP (0afd1359-6104-48da-ba3c-7e6a9c8b4483)] -&gt; xpath: //div[@class=&apos;item&apos;]], [[FirefoxDriver: firefox on XP (0afd1359-6104-48da-ba3c-7e6a9c8b4483)] -&gt; xpath: //div[@class=&apos;item&apos;]], [[FirefoxDriver: firefox on XP (0afd1359-6104-48da-ba3c-7e6a9c8b4483)] -&gt; xpath: //div[@class=&apos;item&apos;]], [[FirefoxDriver: firefox on XP (0afd1359-6104-48da-ba3c-7e6a9c8b4483)] -&gt; xpath: //div[@class=&apos;item&apos;]], [[FirefoxDriver: firefox on XP (0afd1359-6104-48da-ba3c-7e6a9c8b4483)] -&gt; xpath: //div[@class=&apos;item&apos;]], [[FirefoxDriver: firefox on XP (0afd1359-6104-48da-ba3c-7e6a9c8b4483)] -&gt; xpath: //div[@class=&apos;item&apos;]], [[FirefoxDriver: firefox on XP (0afd1359-6104-48da-ba3c-7e6a9c8b4483)] -&gt; xpath: //div[@class=&apos;item&apos;]]]
allMachines.size: 40
[[[FirefoxDriver: firefox on XP (0afd1359-6104-48da-ba3c-7e6a9c8b4483)] -&gt; xpath: //div[@class=&apos;item&apos;]], [[FirefoxDriver: firefox on XP (0afd1359-6104-48da-ba3c-7e6a9c8b4483)] -&gt; xpath: //div[@class=&apos;item&apos;]], [[FirefoxDriver: firefox on XP (0afd1359-6104-48da-ba3c-7e6a9c8b4483)] -&gt; xpath: //div[@class=&apos;item&apos;]], [[FirefoxDriver: firefox on XP (0afd1359-6104-48da-ba3c-7e6a9c8b4483)] -&gt; xpath: //div[@class=&apos;item&apos;]], [[FirefoxDriver: firefox on XP (0afd1359-6104-48da-ba3c-7e6a9c8b4483)] -&gt; xpath: //div[@class=&apos;item&apos;]], [[FirefoxDriver: firefox on XP (0afd1359-6104-48da-ba3c-7e6a9c8b4483)] -&gt; xpath: //div[@class=&apos;item&apos;]], [[FirefoxDriver: firefox on XP (0afd1359-6104-48da-ba3c-7e6a9c8b4483)] -&gt; xpath: //div[@class=&apos;item&apos;]], [[FirefoxDriver: firefox on XP (0afd1359-6104-48da-ba3c-7e6a9c8b4483)] -&gt; xpath: //div[@class=&apos;item&apos;]], [[FirefoxDriver: firefox on XP (0afd1359-6104-48da-ba3c-7e6a9c8b4483)] -&gt; xpath: //div[@class=&apos;item&apos;]], [[FirefoxDriver: firefox on XP (0afd1359-6104-48da-ba3c-7e6a9c8b4483)] -&gt; xpath: //div[@class=&apos;item&apos;]], [[FirefoxDriver: firefox on XP (0afd1359-6104-48da-ba3c-7e6a9c8b4483)] -&gt; xpath: //div[@class=&apos;item&apos;]], [[FirefoxDriver: firefox on XP (0afd1359-6104-48da-ba3c-7e6a9c8b4483)] -&gt; xpath: //div[@class=&apos;item&apos;]], [[FirefoxDriver: firefox on XP (0afd1359-6104-48da-ba3c-7e6a9c8b4483)] -&gt; xpath: //div[@class=&apos;item&apos;]], [[FirefoxDriver: firefox on XP (0afd1359-6104-48da-ba3c-7e6a9c8b4483)] -&gt; xpath: //div[@class=&apos;item&apos;]], [[FirefoxDriver: firefox on XP (0afd1359-6104-48da-ba3c-7e6a9c8b4483)] -&gt; xpath: //div[@class=&apos;item&apos;]], [[FirefoxDriver: firefox on XP (0afd1359-6104-48da-ba3c-7e6a9c8b4483)] -&gt; xpath: //div[@class=&apos;item&apos;]], [[FirefoxDriver: firefox on XP (0afd1359-6104-48da-ba3c-7e6a9c8b4483)] -&gt; xpath: //div[@class=&apos;item&apos;]], [[FirefoxDriver: firefox on XP (0afd1359-6104-48da-ba3c-7e6a9c8b4483)] -&gt; xpath: //div[@class=&apos;item&apos;]], [[FirefoxDriver: firefox on XP (0afd1359-6104-48da-ba3c-7e6a9c8b4483)] -&gt; xpath: //div[@class=&apos;item&apos;]], [[FirefoxDriver: firefox on XP (0afd1359-6104-48da-ba3c-7e6a9c8b4483)] -&gt; xpath: //div[@class=&apos;item&apos;]]]
allMachines.size: 60
[[[FirefoxDriver: firefox on XP (0afd1359-6104-48da-ba3c-7e6a9c8b4483)] -&gt; xpath: //div[@class=&apos;item&apos;]], [[FirefoxDriver: firefox on XP (0afd1359-6104-48da-ba3c-7e6a9c8b4483)] -&gt; xpath: //div[@class=&apos;item&apos;]], [[FirefoxDriver: firefox on XP (0afd1359-6104-48da-ba3c-7e6a9c8b4483)] -&gt; xpath: //div[@class=&apos;item&apos;]], [[FirefoxDriver: firefox on XP (0afd1359-6104-48da-ba3c-7e6a9c8b4483)] -&gt; xpath: //div[@class=&apos;item&apos;]], [[FirefoxDriver: firefox on XP (0afd1359-6104-48da-ba3c-7e6a9c8b4483)] -&gt; xpath: //div[@class=&apos;item&apos;]], [[FirefoxDriver: firefox on XP (0afd1359-6104-48da-ba3c-7e6a9c8b4483)] -&gt; xpath: //div[@class=&apos;item&apos;]], [[FirefoxDriver: firefox on XP (0afd1359-6104-48da-ba3c-7e6a9c8b4483)] -&gt; xpath: //div[@class=&apos;item&apos;]], [[FirefoxDriver: firefox on XP (0afd1359-6104-48da-ba3c-7e6a9c8b4483)] -&gt; xpath: //div[@class=&apos;item&apos;]], [[FirefoxDriver: firefox on XP (0afd1359-6104-48da-ba3c-7e6a9c8b4483)] -&gt; xpath: //div[@class=&apos;item&apos;]], [[FirefoxDriver: firefox on XP (0afd1359-6104-48da-ba3c-7e6a9c8b4483)] -&gt; xpath: //div[@class=&apos;item&apos;]], [[FirefoxDriver: firefox on XP (0afd1359-6104-48da-ba3c-7e6a9c8b4483)] -&gt; xpath: //div[@class=&apos;item&apos;]], [[FirefoxDriver: firefox on XP (0afd1359-6104-48da-ba3c-7e6a9c8b4483)] -&gt; xpath: //div[@class=&apos;item&apos;]], [[FirefoxDriver: firefox on XP (0afd1359-6104-48da-ba3c-7e6a9c8b4483)] -&gt; xpath: //div[@class=&apos;item&apos;]], [[FirefoxDriver: firefox on XP (0afd1359-6104-48da-ba3c-7e6a9c8b4483)] -&gt; xpath: //div[@class=&apos;item&apos;]], [[FirefoxDriver: firefox on XP (0afd1359-6104-48da-ba3c-7e6a9c8b4483)] -&gt; xpath: //div[@class=&apos;item&apos;]], [[FirefoxDriver: firefox on XP (0afd1359-6104-48da-ba3c-7e6a9c8b4483)] -&gt; xpath: //div[@class=&apos;item&apos;]], [[FirefoxDriver: firefox on XP (0afd1359-6104-48da-ba3c-7e6a9c8b4483)] -&gt; xpath: //div[@class=&apos;item&apos;]], [[FirefoxDriver: firefox on XP (0afd1359-6104-48da-ba3c-7e6a9c8b4483)] -&gt; xpath: //div[@class=&apos;item&apos;]], [[FirefoxDriver: firefox on XP (0afd1359-6104-48da-ba3c-7e6a9c8b4483)] -&gt; xpath: //div[@class=&apos;item&apos;]], [[FirefoxDriver: firefox on XP (0afd1359-6104-48da-ba3c-7e6a9c8b4483)] -&gt; xpath: //div[@class=&apos;item&apos;]]]
allMachines.size: 80
[[[FirefoxDriver: firefox on XP (0afd1359-6104-48da-ba3c-7e6a9c8b4483)] -&gt; xpath: //div[@class=&apos;item&apos;]], [[FirefoxDriver: firefox on XP (0afd1359-6104-48da-ba3c-7e6a9c8b4483)] -&gt; xpath: //div[@class=&apos;item&apos;]], [[FirefoxDriver: firefox on XP (0afd1359-6104-48da-ba3c-7e6a9c8b4483)] -&gt; xpath: //div[@class=&apos;item&apos;]], [[FirefoxDriver: firefox on XP (0afd1359-6104-48da-ba3c-7e6a9c8b4483)] -&gt; xpath: //div[@class=&apos;item&apos;]], [[FirefoxDriver: firefox on XP (0afd1359-6104-48da-ba3c-7e6a9c8b4483)] -&gt; xpath: //div[@class=&apos;item&apos;]], [[FirefoxDriver: firefox on XP (0afd1359-6104-48da-ba3c-7e6a9c8b4483)] -&gt; xpath: //div[@class=&apos;item&apos;]], [[FirefoxDriver: firefox on XP (0afd1359-6104-48da-ba3c-7e6a9c8b4483)] -&gt; xpath: //div[@class=&apos;item&apos;]], [[FirefoxDriver: firefox on XP (0afd1359-6104-48da-ba3c-7e6a9c8b4483)] -&gt; xpath: //div[@class=&apos;item&apos;]], [[FirefoxDriver: firefox on XP (0afd1359-6104-48da-ba3c-7e6a9c8b4483)] -&gt; xpath: //div[@class=&apos;item&apos;]], [[FirefoxDriver: firefox on XP (0afd1359-6104-48da-ba3c-7e6a9c8b4483)] -&gt; xpath: //div[@class=&apos;item&apos;]], [[FirefoxDriver: firefox on XP (0afd1359-6104-48da-ba3c-7e6a9c8b4483)] -&gt; xpath: //div[@class=&apos;item&apos;]], [[FirefoxDriver: firefox on XP (0afd1359-6104-48da-ba3c-7e6a9c8b4483)] -&gt; xpath: //div[@class=&apos;item&apos;]], [[FirefoxDriver: firefox on XP (0afd1359-6104-48da-ba3c-7e6a9c8b4483)] -&gt; xpath: //div[@class=&apos;item&apos;]], [[FirefoxDriver: firefox on XP (0afd1359-6104-48da-ba3c-7e6a9c8b4483)] -&gt; xpath: //div[@class=&apos;item&apos;]], [[FirefoxDriver: firefox on XP (0afd1359-6104-48da-ba3c-7e6a9c8b4483)] -&gt; xpath: //div[@class=&apos;item&apos;]], [[FirefoxDriver: firefox on XP (0afd1359-6104-48da-ba3c-7e6a9c8b4483)] -&gt; xpath: //div[@class=&apos;item&apos;]], [[FirefoxDriver: firefox on XP (0afd1359-6104-48da-ba3c-7e6a9c8b4483)] -&gt; xpath: //div[@class=&apos;item&apos;]], [[FirefoxDriver: firefox on XP (0afd1359-6104-48da-ba3c-7e6a9c8b4483)] -&gt; xpath: //div[@class=&apos;item&apos;]], [[FirefoxDriver: firefox on XP (0afd1359-6104-48da-ba3c-7e6a9c8b4483)] -&gt; xpath: //div[@class=&apos;item&apos;]], [[FirefoxDriver: firefox on XP (0afd1359-6104-48da-ba3c-7e6a9c8b4483)] -&gt; xpath: //div[@class=&apos;item&apos;]]]
allMachines.size: 100
[[[FirefoxDriver: firefox on XP (0afd1359-6104-48da-ba3c-7e6a9c8b4483)] -&gt; xpath: //div[@class=&apos;item&apos;]], [[FirefoxDriver: firefox on XP (0afd1359-6104-48da-ba3c-7e6a9c8b4483)] -&gt; xpath: //div[@class=&apos;item&apos;]], [[FirefoxDriver: firefox on XP (0afd1359-6104-48da-ba3c-7e6a9c8b4483)] -&gt; xpath: //div[@class=&apos;item&apos;]], [[FirefoxDriver: firefox on XP (0afd1359-6104-48da-ba3c-7e6a9c8b4483)] -&gt; xpath: //div[@class=&apos;item&apos;]], [[FirefoxDriver: firefox on XP (0afd1359-6104-48da-ba3c-7e6a9c8b4483)] -&gt; xpath: //div[@class=&apos;item&apos;]], [[FirefoxDriver: firefox on XP (0afd1359-6104-48da-ba3c-7e6a9c8b4483)] -&gt; xpath: //div[@class=&apos;item&apos;]], [[FirefoxDriver: firefox on XP (0afd1359-6104-48da-ba3c-7e6a9c8b4483)] -&gt; xpath: //div[@class=&apos;item&apos;]], [[FirefoxDriver: firefox on XP (0afd1359-6104-48da-ba3c-7e6a9c8b4483)] -&gt; xpath: //div[@class=&apos;item&apos;]], [[FirefoxDriver: firefox on XP (0afd1359-6104-48da-ba3c-7e6a9c8b4483)] -&gt; xpath: //div[@class=&apos;item&apos;]], [[FirefoxDriver: firefox on XP (0afd1359-6104-48da-ba3c-7e6a9c8b4483)] -&gt; xpath: //div[@class=&apos;item&apos;]], [[FirefoxDriver: firefox on XP (0afd1359-6104-48da-ba3c-7e6a9c8b4483)] -&gt; xpath: //div[@class=&apos;item&apos;]], [[FirefoxDriver: firefox on XP (0afd1359-6104-48da-ba3c-7e6a9c8b4483)] -&gt; xpath: //div[@class=&apos;item&apos;]], [[FirefoxDriver: firefox on XP (0afd1359-6104-48da-ba3c-7e6a9c8b4483)] -&gt; xpath: //div[@class=&apos;item&apos;]], [[FirefoxDriver: firefox on XP (0afd1359-6104-48da-ba3c-7e6a9c8b4483)] -&gt; xpath: //div[@class=&apos;item&apos;]], [[FirefoxDriver: firefox on XP (0afd1359-6104-48da-ba3c-7e6a9c8b4483)] -&gt; xpath: //div[@class=&apos;item&apos;]], [[FirefoxDriver: firefox on XP (0afd1359-6104-48da-ba3c-7e6a9c8b4483)] -&gt; xpath: //div[@class=&apos;item&apos;]], [[FirefoxDriver: firefox on XP (0afd1359-6104-48da-ba3c-7e6a9c8b4483)] -&gt; xpath: //div[@class=&apos;item&apos;]], [[FirefoxDriver: firefox on XP (0afd1359-6104-48da-ba3c-7e6a9c8b4483)] -&gt; xpath: //div[@class=&apos;item&apos;]], [[FirefoxDriver: firefox on XP (0afd1359-6104-48da-ba3c-7e6a9c8b4483)] -&gt; xpath: //div[@class=&apos;item&apos;]], [[FirefoxDriver: firefox on XP (0afd1359-6104-48da-ba3c-7e6a9c8b4483)] -&gt; xpath: //div[@class=&apos;item&apos;]]]
allMachines.size: 120
[[[FirefoxDriver: firefox on XP (0afd1359-6104-48da-ba3c-7e6a9c8b4483)] -&gt; xpath: //div[@class=&apos;item&apos;]], [[FirefoxDriver: firefox on XP (0afd1359-6104-48da-ba3c-7e6a9c8b4483)] -&gt; xpath: //div[@class=&apos;item&apos;]], [[FirefoxDriver: firefox on XP (0afd1359-6104-48da-ba3c-7e6a9c8b4483)] -&gt; xpath: //div[@class=&apos;item&apos;]], [[FirefoxDriver: firefox on XP (0afd1359-6104-48da-ba3c-7e6a9c8b4483)] -&gt; xpath: //div[@class=&apos;item&apos;]], [[FirefoxDriver: firefox on XP (0afd1359-6104-48da-ba3c-7e6a9c8b4483)] -&gt; xpath: //div[@class=&apos;item&apos;]], [[FirefoxDriver: firefox on XP (0afd1359-6104-48da-ba3c-7e6a9c8b4483)] -&gt; xpath: //div[@class=&apos;item&apos;]], [[FirefoxDriver: firefox on XP (0afd1359-6104-48da-ba3c-7e6a9c8b4483)] -&gt; xpath: //div[@class=&apos;item&apos;]], [[FirefoxDriver: firefox on XP (0afd1359-6104-48da-ba3c-7e6a9c8b4483)] -&gt; xpath: //div[@class=&apos;item&apos;]], [[FirefoxDriver: firefox on XP (0afd1359-6104-48da-ba3c-7e6a9c8b4483)] -&gt; xpath: //div[@class=&apos;item&apos;]], [[FirefoxDriver: firefox on XP (0afd1359-6104-48da-ba3c-7e6a9c8b4483)] -&gt; xpath: //div[@class=&apos;item&apos;]], [[FirefoxDriver: firefox on XP (0afd1359-6104-48da-ba3c-7e6a9c8b4483)] -&gt; xpath: //div[@class=&apos;item&apos;]], [[FirefoxDriver: firefox on XP (0afd1359-6104-48da-ba3c-7e6a9c8b4483)] -&gt; xpath: //div[@class=&apos;item&apos;]], [[FirefoxDriver: firefox on XP (0afd1359-6104-48da-ba3c-7e6a9c8b4483)] -&gt; xpath: //div[@class=&apos;item&apos;]], [[FirefoxDriver: firefox on XP (0afd1359-6104-48da-ba3c-7e6a9c8b4483)] -&gt; xpath: //div[@class=&apos;item&apos;]], [[FirefoxDriver: firefox on XP (0afd1359-6104-48da-ba3c-7e6a9c8b4483)] -&gt; xpath: //div[@class=&apos;item&apos;]], [[FirefoxDriver: firefox on XP (0afd1359-6104-48da-ba3c-7e6a9c8b4483)] -&gt; xpath: //div[@class=&apos;item&apos;]], [[FirefoxDriver: firefox on XP (0afd1359-6104-48da-ba3c-7e6a9c8b4483)] -&gt; xpath: //div[@class=&apos;item&apos;]], [[FirefoxDriver: firefox on XP (0afd1359-6104-48da-ba3c-7e6a9c8b4483)] -&gt; xpath: //div[@class=&apos;item&apos;]], [[FirefoxDriver: firefox on XP (0afd1359-6104-48da-ba3c-7e6a9c8b4483)] -&gt; xpath: //div[@class=&apos;item&apos;]], [[FirefoxDriver: firefox on XP (0afd1359-6104-48da-ba3c-7e6a9c8b4483)] -&gt; xpath: //div[@class=&apos;item&apos;]]]
allMachines.size: 140
[[[FirefoxDriver: firefox on XP (0afd1359-6104-48da-ba3c-7e6a9c8b4483)] -&gt; xpath: //div[@class=&apos;item&apos;]], [[FirefoxDriver: firefox on XP (0afd1359-6104-48da-ba3c-7e6a9c8b4483)] -&gt; xpath: //div[@class=&apos;item&apos;]], [[FirefoxDriver: firefox on XP (0afd1359-6104-48da-ba3c-7e6a9c8b4483)] -&gt; xpath: //div[@class=&apos;item&apos;]], [[FirefoxDriver: firefox on XP (0afd1359-6104-48da-ba3c-7e6a9c8b4483)] -&gt; xpath: //div[@class=&apos;item&apos;]], [[FirefoxDriver: firefox on XP (0afd1359-6104-48da-ba3c-7e6a9c8b4483)] -&gt; xpath: //div[@class=&apos;item&apos;]], [[FirefoxDriver: firefox on XP (0afd1359-6104-48da-ba3c-7e6a9c8b4483)] -&gt; xpath: //div[@class=&apos;item&apos;]], [[FirefoxDriver: firefox on XP (0afd1359-6104-48da-ba3c-7e6a9c8b4483)] -&gt; xpath: //div[@class=&apos;item&apos;]], [[FirefoxDriver: firefox on XP (0afd1359-6104-48da-ba3c-7e6a9c8b4483)] -&gt; xpath: //div[@class=&apos;item&apos;]], [[FirefoxDriver: firefox on XP (0afd1359-6104-48da-ba3c-7e6a9c8b4483)] -&gt; xpath: //div[@class=&apos;item&apos;]], [[FirefoxDriver: firefox on XP (0afd1359-6104-48da-ba3c-7e6a9c8b4483)] -&gt; xpath: //div[@class=&apos;item&apos;]], [[FirefoxDriver: firefox on XP (0afd1359-6104-48da-ba3c-7e6a9c8b4483)] -&gt; xpath: //div[@class=&apos;item&apos;]], [[FirefoxDriver: firefox on XP (0afd1359-6104-48da-ba3c-7e6a9c8b4483)] -&gt; xpath: //div[@class=&apos;item&apos;]], [[FirefoxDriver: firefox on XP (0afd1359-6104-48da-ba3c-7e6a9c8b4483)] -&gt; xpath: //div[@class=&apos;item&apos;]], [[FirefoxDriver: firefox on XP (0afd1359-6104-48da-ba3c-7e6a9c8b4483)] -&gt; xpath: //div[@class=&apos;item&apos;]], [[FirefoxDriver: firefox on XP (0afd1359-6104-48da-ba3c-7e6a9c8b4483)] -&gt; xpath: //div[@class=&apos;item&apos;]], [[FirefoxDriver: firefox on XP (0afd1359-6104-48da-ba3c-7e6a9c8b4483)] -&gt; xpath: //div[@class=&apos;item&apos;]], [[FirefoxDriver: firefox on XP (0afd1359-6104-48da-ba3c-7e6a9c8b4483)] -&gt; xpath: //div[@class=&apos;item&apos;]], [[FirefoxDriver: firefox on XP (0afd1359-6104-48da-ba3c-7e6a9c8b4483)] -&gt; xpath: //div[@class=&apos;item&apos;]], [[FirefoxDriver: firefox on XP (0afd1359-6104-48da-ba3c-7e6a9c8b4483)] -&gt; xpath: //div[@class=&apos;item&apos;]], [[FirefoxDriver: firefox on XP (0afd1359-6104-48da-ba3c-7e6a9c8b4483)] -&gt; xpath: //div[@class=&apos;item&apos;]]]
allMachines.size: 160
[[[FirefoxDriver: firefox on XP (0afd1359-6104-48da-ba3c-7e6a9c8b4483)] -&gt; xpath: //div[@class=&apos;item&apos;]], [[FirefoxDriver: firefox on XP (0afd1359-6104-48da-ba3c-7e6a9c8b4483)] -&gt; xpath: //div[@class=&apos;item&apos;]], [[FirefoxDriver: firefox on XP (0afd1359-6104-48da-ba3c-7e6a9c8b4483)] -&gt; xpath: //div[@class=&apos;item&apos;]], [[FirefoxDriver: firefox on XP (0afd1359-6104-48da-ba3c-7e6a9c8b4483)] -&gt; xpath: //div[@class=&apos;item&apos;]], [[FirefoxDriver: firefox on XP (0afd1359-6104-48da-ba3c-7e6a9c8b4483)] -&gt; xpath: //div[@class=&apos;item&apos;]], [[FirefoxDriver: firefox on XP (0afd1359-6104-48da-ba3c-7e6a9c8b4483)] -&gt; xpath: //div[@class=&apos;item&apos;]], [[FirefoxDriver: firefox on XP (0afd1359-6104-48da-ba3c-7e6a9c8b4483)] -&gt; xpath: //div[@class=&apos;item&apos;]], [[FirefoxDriver: firefox on XP (0afd1359-6104-48da-ba3c-7e6a9c8b4483)] -&gt; xpath: //div[@class=&apos;item&apos;]], [[FirefoxDriver: firefox on XP (0afd1359-6104-48da-ba3c-7e6a9c8b4483)] -&gt; xpath: //div[@class=&apos;item&apos;]], [[FirefoxDriver: firefox on XP (0afd1359-6104-48da-ba3c-7e6a9c8b4483)] -&gt; xpath: //div[@class=&apos;item&apos;]], [[FirefoxDriver: firefox on XP (0afd1359-6104-48da-ba3c-7e6a9c8b4483)] -&gt; xpath: //div[@class=&apos;item&apos;]], [[FirefoxDriver: firefox on XP (0afd1359-6104-48da-ba3c-7e6a9c8b4483)] -&gt; xpath: //div[@class=&apos;item&apos;]], [[FirefoxDriver: firefox on XP (0afd1359-6104-48da-ba3c-7e6a9c8b4483)] -&gt; xpath: //div[@class=&apos;item&apos;]], [[FirefoxDriver: firefox on XP (0afd1359-6104-48da-ba3c-7e6a9c8b4483)] -&gt; xpath: //div[@class=&apos;item&apos;]], [[FirefoxDriver: firefox on XP (0afd1359-6104-48da-ba3c-7e6a9c8b4483)] -&gt; xpath: //div[@class=&apos;item&apos;]], [[FirefoxDriver: firefox on XP (0afd1359-6104-48da-ba3c-7e6a9c8b4483)] -&gt; xpath: //div[@class=&apos;item&apos;]], [[FirefoxDriver: firefox on XP (0afd1359-6104-48da-ba3c-7e6a9c8b4483)] -&gt; xpath: //div[@class=&apos;item&apos;]], [[FirefoxDriver: firefox on XP (0afd1359-6104-48da-ba3c-7e6a9c8b4483)] -&gt; xpath: //div[@class=&apos;item&apos;]], [[FirefoxDriver: firefox on XP (0afd1359-6104-48da-ba3c-7e6a9c8b4483)] -&gt; xpath: //div[@class=&apos;item&apos;]], [[FirefoxDriver: firefox on XP (0afd1359-6104-48da-ba3c-7e6a9c8b4483)] -&gt; xpath: //div[@class=&apos;item&apos;]]]
allMachines.size: 180
[[[FirefoxDriver: firefox on XP (0afd1359-6104-48da-ba3c-7e6a9c8b4483)] -&gt; xpath: //div[@class=&apos;item&apos;]], [[FirefoxDriver: firefox on XP (0afd1359-6104-48da-ba3c-7e6a9c8b4483)] -&gt; xpath: //div[@class=&apos;item&apos;]], [[FirefoxDriver: firefox on XP (0afd1359-6104-48da-ba3c-7e6a9c8b4483)] -&gt; xpath: //div[@class=&apos;item&apos;]], [[FirefoxDriver: firefox on XP (0afd1359-6104-48da-ba3c-7e6a9c8b4483)] -&gt; xpath: //div[@class=&apos;item&apos;]], [[FirefoxDriver: firefox on XP (0afd1359-6104-48da-ba3c-7e6a9c8b4483)] -&gt; xpath: //div[@class=&apos;item&apos;]], [[FirefoxDriver: firefox on XP (0afd1359-6104-48da-ba3c-7e6a9c8b4483)] -&gt; xpath: //div[@class=&apos;item&apos;]], [[FirefoxDriver: firefox on XP (0afd1359-6104-48da-ba3c-7e6a9c8b4483)] -&gt; xpath: //div[@class=&apos;item&apos;]], [[FirefoxDriver: firefox on XP (0afd1359-6104-48da-ba3c-7e6a9c8b4483)] -&gt; xpath: //div[@class=&apos;item&apos;]], [[FirefoxDriver: firefox on XP (0afd1359-6104-48da-ba3c-7e6a9c8b4483)] -&gt; xpath: //div[@class=&apos;item&apos;]], [[FirefoxDriver: firefox on XP (0afd1359-6104-48da-ba3c-7e6a9c8b4483)] -&gt; xpath: //div[@class=&apos;item&apos;]], [[FirefoxDriver: firefox on XP (0afd1359-6104-48da-ba3c-7e6a9c8b4483)] -&gt; xpath: //div[@class=&apos;item&apos;]], [[FirefoxDriver: firefox on XP (0afd1359-6104-48da-ba3c-7e6a9c8b4483)] -&gt; xpath: //div[@class=&apos;item&apos;]], [[FirefoxDriver: firefox on XP (0afd1359-6104-48da-ba3c-7e6a9c8b4483)] -&gt; xpath: //div[@class=&apos;item&apos;]], [[FirefoxDriver: firefox on XP (0afd1359-6104-48da-ba3c-7e6a9c8b4483)] -&gt; xpath: //div[@class=&apos;item&apos;]], [[FirefoxDriver: firefox on XP (0afd1359-6104-48da-ba3c-7e6a9c8b4483)] -&gt; xpath: //div[@class=&apos;item&apos;]], [[FirefoxDriver: firefox on XP (0afd1359-6104-48da-ba3c-7e6a9c8b4483)] -&gt; xpath: //div[@class=&apos;item&apos;]], [[FirefoxDriver: firefox on XP (0afd1359-6104-48da-ba3c-7e6a9c8b4483)] -&gt; xpath: //div[@class=&apos;item&apos;]], [[FirefoxDriver: firefox on XP (0afd1359-6104-48da-ba3c-7e6a9c8b4483)] -&gt; xpath: //div[@class=&apos;item&apos;]], [[FirefoxDriver: firefox on XP (0afd1359-6104-48da-ba3c-7e6a9c8b4483)] -&gt; xpath: //div[@class=&apos;item&apos;]], [[FirefoxDriver: firefox on XP (0afd1359-6104-48da-ba3c-7e6a9c8b4483)] -&gt; xpath: //div[@class=&apos;item&apos;]]]
allMachines.size: 200
[[[FirefoxDriver: firefox on XP (0afd1359-6104-48da-ba3c-7e6a9c8b4483)] -&gt; xpath: //div[@class=&apos;item&apos;]], [[FirefoxDriver: firefox on XP (0afd1359-6104-48da-ba3c-7e6a9c8b4483)] -&gt; xpath: //div[@class=&apos;item&apos;]], [[FirefoxDriver: firefox on XP (0afd1359-6104-48da-ba3c-7e6a9c8b4483)] -&gt; xpath: //div[@class=&apos;item&apos;]], [[FirefoxDriver: firefox on XP (0afd1359-6104-48da-ba3c-7e6a9c8b4483)] -&gt; xpath: //div[@class=&apos;item&apos;]], [[FirefoxDriver: firefox on XP (0afd1359-6104-48da-ba3c-7e6a9c8b4483)] -&gt; xpath: //div[@class=&apos;item&apos;]], [[FirefoxDriver: firefox on XP (0afd1359-6104-48da-ba3c-7e6a9c8b4483)] -&gt; xpath: //div[@class=&apos;item&apos;]], [[FirefoxDriver: firefox on XP (0afd1359-6104-48da-ba3c-7e6a9c8b4483)] -&gt; xpath: //div[@class=&apos;item&apos;]], [[FirefoxDriver: firefox on XP (0afd1359-6104-48da-ba3c-7e6a9c8b4483)] -&gt; xpath: //div[@class=&apos;item&apos;]], [[FirefoxDriver: firefox on XP (0afd1359-6104-48da-ba3c-7e6a9c8b4483)] -&gt; xpath: //div[@class=&apos;item&apos;]], [[FirefoxDriver: firefox on XP (0afd1359-6104-48da-ba3c-7e6a9c8b4483)] -&gt; xpath: //div[@class=&apos;item&apos;]], [[FirefoxDriver: firefox on XP (0afd1359-6104-48da-ba3c-7e6a9c8b4483)] -&gt; xpath: //div[@class=&apos;item&apos;]], [[FirefoxDriver: firefox on XP (0afd1359-6104-48da-ba3c-7e6a9c8b4483)] -&gt; xpath: //div[@class=&apos;item&apos;]], [[FirefoxDriver: firefox on XP (0afd1359-6104-48da-ba3c-7e6a9c8b4483)] -&gt; xpath: //div[@class=&apos;item&apos;]], [[FirefoxDriver: firefox on XP (0afd1359-6104-48da-ba3c-7e6a9c8b4483)] -&gt; xpath: //div[@class=&apos;item&apos;]], [[FirefoxDriver: firefox on XP (0afd1359-6104-48da-ba3c-7e6a9c8b4483)] -&gt; xpath: //div[@class=&apos;item&apos;]], [[FirefoxDriver: firefox on XP (0afd1359-6104-48da-ba3c-7e6a9c8b4483)] -&gt; xpath: //div[@class=&apos;item&apos;]], [[FirefoxDriver: firefox on XP (0afd1359-6104-48da-ba3c-7e6a9c8b4483)] -&gt; xpath: //div[@class=&apos;item&apos;]], [[FirefoxDriver: firefox on XP (0afd1359-6104-48da-ba3c-7e6a9c8b4483)] -&gt; xpath: //div[@class=&apos;item&apos;]], [[FirefoxDriver: firefox on XP (0afd1359-6104-48da-ba3c-7e6a9c8b4483)] -&gt; xpath: //div[@class=&apos;item&apos;]], [[FirefoxDriver: firefox on XP (0afd1359-6104-48da-ba3c-7e6a9c8b4483)] -&gt; xpath: //div[@class=&apos;item&apos;]]]
allMachines.size: 220
[[[FirefoxDriver: firefox on XP (0afd1359-6104-48da-ba3c-7e6a9c8b4483)] -&gt; xpath: //div[@class=&apos;item&apos;]], [[FirefoxDriver: firefox on XP (0afd1359-6104-48da-ba3c-7e6a9c8b4483)] -&gt; xpath: //div[@class=&apos;item&apos;]], [[FirefoxDriver: firefox on XP (0afd1359-6104-48da-ba3c-7e6a9c8b4483)] -&gt; xpath: //div[@class=&apos;item&apos;]], [[FirefoxDriver: firefox on XP (0afd1359-6104-48da-ba3c-7e6a9c8b4483)] -&gt; xpath: //div[@class=&apos;item&apos;]], [[FirefoxDriver: firefox on XP (0afd1359-6104-48da-ba3c-7e6a9c8b4483)] -&gt; xpath: //div[@class=&apos;item&apos;]], [[FirefoxDriver: firefox on XP (0afd1359-6104-48da-ba3c-7e6a9c8b4483)] -&gt; xpath: //div[@class=&apos;item&apos;]], [[FirefoxDriver: firefox on XP (0afd1359-6104-48da-ba3c-7e6a9c8b4483)] -&gt; xpath: //div[@class=&apos;item&apos;]], [[FirefoxDriver: firefox on XP (0afd1359-6104-48da-ba3c-7e6a9c8b4483)] -&gt; xpath: //div[@class=&apos;item&apos;]], [[FirefoxDriver: firefox on XP (0afd1359-6104-48da-ba3c-7e6a9c8b4483)] -&gt; xpath: //div[@class=&apos;item&apos;]], [[FirefoxDriver: firefox on XP (0afd1359-6104-48da-ba3c-7e6a9c8b4483)] -&gt; xpath: //div[@class=&apos;item&apos;]], [[FirefoxDriver: firefox on XP (0afd1359-6104-48da-ba3c-7e6a9c8b4483)] -&gt; xpath: //div[@class=&apos;item&apos;]], [[FirefoxDriver: firefox on XP (0afd1359-6104-48da-ba3c-7e6a9c8b4483)] -&gt; xpath: //div[@class=&apos;item&apos;]], [[FirefoxDriver: firefox on XP (0afd1359-6104-48da-ba3c-7e6a9c8b4483)] -&gt; xpath: //div[@class=&apos;item&apos;]], [[FirefoxDriver: firefox on XP (0afd1359-6104-48da-ba3c-7e6a9c8b4483)] -&gt; xpath: //div[@class=&apos;item&apos;]], [[FirefoxDriver: firefox on XP (0afd1359-6104-48da-ba3c-7e6a9c8b4483)] -&gt; xpath: //div[@class=&apos;item&apos;]], [[FirefoxDriver: firefox on XP (0afd1359-6104-48da-ba3c-7e6a9c8b4483)] -&gt; xpath: //div[@class=&apos;item&apos;]], [[FirefoxDriver: firefox on XP (0afd1359-6104-48da-ba3c-7e6a9c8b4483)] -&gt; xpath: //div[@class=&apos;item&apos;]], [[FirefoxDriver: firefox on XP (0afd1359-6104-48da-ba3c-7e6a9c8b4483)] -&gt; xpath: //div[@class=&apos;item&apos;]], [[FirefoxDriver: firefox on XP (0afd1359-6104-48da-ba3c-7e6a9c8b4483)] -&gt; xpath: //div[@class=&apos;item&apos;]], [[FirefoxDriver: firefox on XP (0afd1359-6104-48da-ba3c-7e6a9c8b4483)] -&gt; xpath: //div[@class=&apos;item&apos;]]]
allMachines.size: 240
[[[FirefoxDriver: firefox on XP (0afd1359-6104-48da-ba3c-7e6a9c8b4483)] -&gt; xpath: //div[@class=&apos;item&apos;]], [[FirefoxDriver: firefox on XP (0afd1359-6104-48da-ba3c-7e6a9c8b4483)] -&gt; xpath: //div[@class=&apos;item&apos;]], [[FirefoxDriver: firefox on XP (0afd1359-6104-48da-ba3c-7e6a9c8b4483)] -&gt; xpath: //div[@class=&apos;item&apos;]], [[FirefoxDriver: firefox on XP (0afd1359-6104-48da-ba3c-7e6a9c8b4483)] -&gt; xpath: //div[@class=&apos;item&apos;]], [[FirefoxDriver: firefox on XP (0afd1359-6104-48da-ba3c-7e6a9c8b4483)] -&gt; xpath: //div[@class=&apos;item&apos;]], [[FirefoxDriver: firefox on XP (0afd1359-6104-48da-ba3c-7e6a9c8b4483)] -&gt; xpath: //div[@class=&apos;item&apos;]], [[FirefoxDriver: firefox on XP (0afd1359-6104-48da-ba3c-7e6a9c8b4483)] -&gt; xpath: //div[@class=&apos;item&apos;]], [[FirefoxDriver: firefox on XP (0afd1359-6104-48da-ba3c-7e6a9c8b4483)] -&gt; xpath: //div[@class=&apos;item&apos;]], [[FirefoxDriver: firefox on XP (0afd1359-6104-48da-ba3c-7e6a9c8b4483)] -&gt; xpath: //div[@class=&apos;item&apos;]], [[FirefoxDriver: firefox on XP (0afd1359-6104-48da-ba3c-7e6a9c8b4483)] -&gt; xpath: //div[@class=&apos;item&apos;]], [[FirefoxDriver: firefox on XP (0afd1359-6104-48da-ba3c-7e6a9c8b4483)] -&gt; xpath: //div[@class=&apos;item&apos;]], [[FirefoxDriver: firefox on XP (0afd1359-6104-48da-ba3c-7e6a9c8b4483)] -&gt; xpath: //div[@class=&apos;item&apos;]], [[FirefoxDriver: firefox on XP (0afd1359-6104-48da-ba3c-7e6a9c8b4483)] -&gt; xpath: //div[@class=&apos;item&apos;]], [[FirefoxDriver: firefox on XP (0afd1359-6104-48da-ba3c-7e6a9c8b4483)] -&gt; xpath: //div[@class=&apos;item&apos;]], [[FirefoxDriver: firefox on XP (0afd1359-6104-48da-ba3c-7e6a9c8b4483)] -&gt; xpath: //div[@class=&apos;item&apos;]], [[FirefoxDriver: firefox on XP (0afd1359-6104-48da-ba3c-7e6a9c8b4483)] -&gt; xpath: //div[@class=&apos;item&apos;]], [[FirefoxDriver: firefox on XP (0afd1359-6104-48da-ba3c-7e6a9c8b4483)] -&gt; xpath: //div[@class=&apos;item&apos;]], [[FirefoxDriver: firefox on XP (0afd1359-6104-48da-ba3c-7e6a9c8b4483)] -&gt; xpath: //div[@class=&apos;item&apos;]], [[FirefoxDriver: firefox on XP (0afd1359-6104-48da-ba3c-7e6a9c8b4483)] -&gt; xpath: //div[@class=&apos;item&apos;]], [[FirefoxDriver: firefox on XP (0afd1359-6104-48da-ba3c-7e6a9c8b4483)] -&gt; xpath: //div[@class=&apos;item&apos;]]]
allMachines.size: 260
[[[FirefoxDriver: firefox on XP (0afd1359-6104-48da-ba3c-7e6a9c8b4483)] -&gt; xpath: //div[@class=&apos;item&apos;]], [[FirefoxDriver: firefox on XP (0afd1359-6104-48da-ba3c-7e6a9c8b4483)] -&gt; xpath: //div[@class=&apos;item&apos;]], [[FirefoxDriver: firefox on XP (0afd1359-6104-48da-ba3c-7e6a9c8b4483)] -&gt; xpath: //div[@class=&apos;item&apos;]], [[FirefoxDriver: firefox on XP (0afd1359-6104-48da-ba3c-7e6a9c8b4483)] -&gt; xpath: //div[@class=&apos;item&apos;]], [[FirefoxDriver: firefox on XP (0afd1359-6104-48da-ba3c-7e6a9c8b4483)] -&gt; xpath: //div[@class=&apos;item&apos;]], [[FirefoxDriver: firefox on XP (0afd1359-6104-48da-ba3c-7e6a9c8b4483)] -&gt; xpath: //div[@class=&apos;item&apos;]], [[FirefoxDriver: firefox on XP (0afd1359-6104-48da-ba3c-7e6a9c8b4483)] -&gt; xpath: //div[@class=&apos;item&apos;]], [[FirefoxDriver: firefox on XP (0afd1359-6104-48da-ba3c-7e6a9c8b4483)] -&gt; xpath: //div[@class=&apos;item&apos;]], [[FirefoxDriver: firefox on XP (0afd1359-6104-48da-ba3c-7e6a9c8b4483)] -&gt; xpath: //div[@class=&apos;item&apos;]], [[FirefoxDriver: firefox on XP (0afd1359-6104-48da-ba3c-7e6a9c8b4483)] -&gt; xpath: //div[@class=&apos;item&apos;]], [[FirefoxDriver: firefox on XP (0afd1359-6104-48da-ba3c-7e6a9c8b4483)] -&gt; xpath: //div[@class=&apos;item&apos;]], [[FirefoxDriver: firefox on XP (0afd1359-6104-48da-ba3c-7e6a9c8b4483)] -&gt; xpath: //div[@class=&apos;item&apos;]], [[FirefoxDriver: firefox on XP (0afd1359-6104-48da-ba3c-7e6a9c8b4483)] -&gt; xpath: //div[@class=&apos;item&apos;]], [[FirefoxDriver: firefox on XP (0afd1359-6104-48da-ba3c-7e6a9c8b4483)] -&gt; xpath: //div[@class=&apos;item&apos;]], [[FirefoxDriver: firefox on XP (0afd1359-6104-48da-ba3c-7e6a9c8b4483)] -&gt; xpath: //div[@class=&apos;item&apos;]], [[FirefoxDriver: firefox on XP (0afd1359-6104-48da-ba3c-7e6a9c8b4483)] -&gt; xpath: //div[@class=&apos;item&apos;]], [[FirefoxDriver: firefox on XP (0afd1359-6104-48da-ba3c-7e6a9c8b4483)] -&gt; xpath: //div[@class=&apos;item&apos;]], [[FirefoxDriver: firefox on XP (0afd1359-6104-48da-ba3c-7e6a9c8b4483)] -&gt; xpath: //div[@class=&apos;item&apos;]], [[FirefoxDriver: firefox on XP (0afd1359-6104-48da-ba3c-7e6a9c8b4483)] -&gt; xpath: //div[@class=&apos;item&apos;]], [[FirefoxDriver: firefox on XP (0afd1359-6104-48da-ba3c-7e6a9c8b4483)] -&gt; xpath: //div[@class=&apos;item&apos;]]]
allMachines.size: 280
[[[FirefoxDriver: firefox on XP (0afd1359-6104-48da-ba3c-7e6a9c8b4483)] -&gt; xpath: //div[@class=&apos;item&apos;]], [[FirefoxDriver: firefox on XP (0afd1359-6104-48da-ba3c-7e6a9c8b4483)] -&gt; xpath: //div[@class=&apos;item&apos;]], [[FirefoxDriver: firefox on XP (0afd1359-6104-48da-ba3c-7e6a9c8b4483)] -&gt; xpath: //div[@class=&apos;item&apos;]], [[FirefoxDriver: firefox on XP (0afd1359-6104-48da-ba3c-7e6a9c8b4483)] -&gt; xpath: //div[@class=&apos;item&apos;]], [[FirefoxDriver: firefox on XP (0afd1359-6104-48da-ba3c-7e6a9c8b4483)] -&gt; xpath: //div[@class=&apos;item&apos;]], [[FirefoxDriver: firefox on XP (0afd1359-6104-48da-ba3c-7e6a9c8b4483)] -&gt; xpath: //div[@class=&apos;item&apos;]], [[FirefoxDriver: firefox on XP (0afd1359-6104-48da-ba3c-7e6a9c8b4483)] -&gt; xpath: //div[@class=&apos;item&apos;]], [[FirefoxDriver: firefox on XP (0afd1359-6104-48da-ba3c-7e6a9c8b4483)] -&gt; xpath: //div[@class=&apos;item&apos;]], [[FirefoxDriver: firefox on XP (0afd1359-6104-48da-ba3c-7e6a9c8b4483)] -&gt; xpath: //div[@class=&apos;item&apos;]], [[FirefoxDriver: firefox on XP (0afd1359-6104-48da-ba3c-7e6a9c8b4483)] -&gt; xpath: //div[@class=&apos;item&apos;]], [[FirefoxDriver: firefox on XP (0afd1359-6104-48da-ba3c-7e6a9c8b4483)] -&gt; xpath: //div[@class=&apos;item&apos;]], [[FirefoxDriver: firefox on XP (0afd1359-6104-48da-ba3c-7e6a9c8b4483)] -&gt; xpath: //div[@class=&apos;item&apos;]], [[FirefoxDriver: firefox on XP (0afd1359-6104-48da-ba3c-7e6a9c8b4483)] -&gt; xpath: //div[@class=&apos;item&apos;]], [[FirefoxDriver: firefox on XP (0afd1359-6104-48da-ba3c-7e6a9c8b4483)] -&gt; xpath: //div[@class=&apos;item&apos;]], [[FirefoxDriver: firefox on XP (0afd1359-6104-48da-ba3c-7e6a9c8b4483)] -&gt; xpath: //div[@class=&apos;item&apos;]], [[FirefoxDriver: firefox on XP (0afd1359-6104-48da-ba3c-7e6a9c8b4483)] -&gt; xpath: //div[@class=&apos;item&apos;]], [[FirefoxDriver: firefox on XP (0afd1359-6104-48da-ba3c-7e6a9c8b4483)] -&gt; xpath: //div[@class=&apos;item&apos;]], [[FirefoxDriver: firefox on XP (0afd1359-6104-48da-ba3c-7e6a9c8b4483)] -&gt; xpath: //div[@class=&apos;item&apos;]], [[FirefoxDriver: firefox on XP (0afd1359-6104-48da-ba3c-7e6a9c8b4483)] -&gt; xpath: //div[@class=&apos;item&apos;]], [[FirefoxDriver: firefox on XP (0afd1359-6104-48da-ba3c-7e6a9c8b4483)] -&gt; xpath: //div[@class=&apos;item&apos;]]]
allMachines.size: 300
[[[FirefoxDriver: firefox on XP (0afd1359-6104-48da-ba3c-7e6a9c8b4483)] -&gt; xpath: //div[@class=&apos;item&apos;]], [[FirefoxDriver: firefox on XP (0afd1359-6104-48da-ba3c-7e6a9c8b4483)] -&gt; xpath: //div[@class=&apos;item&apos;]], [[FirefoxDriver: firefox on XP (0afd1359-6104-48da-ba3c-7e6a9c8b4483)] -&gt; xpath: //div[@class=&apos;item&apos;]], [[FirefoxDriver: firefox on XP (0afd1359-6104-48da-ba3c-7e6a9c8b4483)] -&gt; xpath: //div[@class=&apos;item&apos;]], [[FirefoxDriver: firefox on XP (0afd1359-6104-48da-ba3c-7e6a9c8b4483)] -&gt; xpath: //div[@class=&apos;item&apos;]], [[FirefoxDriver: firefox on XP (0afd1359-6104-48da-ba3c-7e6a9c8b4483)] -&gt; xpath: //div[@class=&apos;item&apos;]], [[FirefoxDriver: firefox on XP (0afd1359-6104-48da-ba3c-7e6a9c8b4483)] -&gt; xpath: //div[@class=&apos;item&apos;]], [[FirefoxDriver: firefox on XP (0afd1359-6104-48da-ba3c-7e6a9c8b4483)] -&gt; xpath: //div[@class=&apos;item&apos;]], [[FirefoxDriver: firefox on XP (0afd1359-6104-48da-ba3c-7e6a9c8b4483)] -&gt; xpath: //div[@class=&apos;item&apos;]], [[FirefoxDriver: firefox on XP (0afd1359-6104-48da-ba3c-7e6a9c8b4483)] -&gt; xpath: //div[@class=&apos;item&apos;]], [[FirefoxDriver: firefox on XP (0afd1359-6104-48da-ba3c-7e6a9c8b4483)] -&gt; xpath: //div[@class=&apos;item&apos;]], [[FirefoxDriver: firefox on XP (0afd1359-6104-48da-ba3c-7e6a9c8b4483)] -&gt; xpath: //div[@class=&apos;item&apos;]], [[FirefoxDriver: firefox on XP (0afd1359-6104-48da-ba3c-7e6a9c8b4483)] -&gt; xpath: //div[@class=&apos;item&apos;]], [[FirefoxDriver: firefox on XP (0afd1359-6104-48da-ba3c-7e6a9c8b4483)] -&gt; xpath: //div[@class=&apos;item&apos;]], [[FirefoxDriver: firefox on XP (0afd1359-6104-48da-ba3c-7e6a9c8b4483)] -&gt; xpath: //div[@class=&apos;item&apos;]], [[FirefoxDriver: firefox on XP (0afd1359-6104-48da-ba3c-7e6a9c8b4483)] -&gt; xpath: //div[@class=&apos;item&apos;]], [[FirefoxDriver: firefox on XP (0afd1359-6104-48da-ba3c-7e6a9c8b4483)] -&gt; xpath: //div[@class=&apos;item&apos;]], [[FirefoxDriver: firefox on XP (0afd1359-6104-48da-ba3c-7e6a9c8b4483)] -&gt; xpath: //div[@class=&apos;item&apos;]], [[FirefoxDriver: firefox on XP (0afd1359-6104-48da-ba3c-7e6a9c8b4483)] -&gt; xpath: //div[@class=&apos;item&apos;]], [[FirefoxDriver: firefox on XP (0afd1359-6104-48da-ba3c-7e6a9c8b4483)] -&gt; xpath: //div[@class=&apos;item&apos;]]]
allMachines.size: 320
[[[FirefoxDriver: firefox on XP (0afd1359-6104-48da-ba3c-7e6a9c8b4483)] -&gt; xpath: //div[@class=&apos;item&apos;]], [[FirefoxDriver: firefox on XP (0afd1359-6104-48da-ba3c-7e6a9c8b4483)] -&gt; xpath: //div[@class=&apos;item&apos;]], [[FirefoxDriver: firefox on XP (0afd1359-6104-48da-ba3c-7e6a9c8b4483)] -&gt; xpath: //div[@class=&apos;item&apos;]], [[FirefoxDriver: firefox on XP (0afd1359-6104-48da-ba3c-7e6a9c8b4483)] -&gt; xpath: //div[@class=&apos;item&apos;]], [[FirefoxDriver: firefox on XP (0afd1359-6104-48da-ba3c-7e6a9c8b4483)] -&gt; xpath: //div[@class=&apos;item&apos;]], [[FirefoxDriver: firefox on XP (0afd1359-6104-48da-ba3c-7e6a9c8b4483)] -&gt; xpath: //div[@class=&apos;item&apos;]], [[FirefoxDriver: firefox on XP (0afd1359-6104-48da-ba3c-7e6a9c8b4483)] -&gt; xpath: //div[@class=&apos;item&apos;]], [[FirefoxDriver: firefox on XP (0afd1359-6104-48da-ba3c-7e6a9c8b4483)] -&gt; xpath: //div[@class=&apos;item&apos;]], [[FirefoxDriver: firefox on XP (0afd1359-6104-48da-ba3c-7e6a9c8b4483)] -&gt; xpath: //div[@class=&apos;item&apos;]], [[FirefoxDriver: firefox on XP (0afd1359-6104-48da-ba3c-7e6a9c8b4483)] -&gt; xpath: //div[@class=&apos;item&apos;]], [[FirefoxDriver: firefox on XP (0afd1359-6104-48da-ba3c-7e6a9c8b4483)] -&gt; xpath: //div[@class=&apos;item&apos;]], [[FirefoxDriver: firefox on XP (0afd1359-6104-48da-ba3c-7e6a9c8b4483)] -&gt; xpath: //div[@class=&apos;item&apos;]], [[FirefoxDriver: firefox on XP (0afd1359-6104-48da-ba3c-7e6a9c8b4483)] -&gt; xpath: //div[@class=&apos;item&apos;]], [[FirefoxDriver: firefox on XP (0afd1359-6104-48da-ba3c-7e6a9c8b4483)] -&gt; xpath: //div[@class=&apos;item&apos;]], [[FirefoxDriver: firefox on XP (0afd1359-6104-48da-ba3c-7e6a9c8b4483)] -&gt; xpath: //div[@class=&apos;item&apos;]], [[FirefoxDriver: firefox on XP (0afd1359-6104-48da-ba3c-7e6a9c8b4483)] -&gt; xpath: //div[@class=&apos;item&apos;]], [[FirefoxDriver: firefox on XP (0afd1359-6104-48da-ba3c-7e6a9c8b4483)] -&gt; xpath: //div[@class=&apos;item&apos;]], [[FirefoxDriver: firefox on XP (0afd1359-6104-48da-ba3c-7e6a9c8b4483)] -&gt; xpath: //div[@class=&apos;item&apos;]], [[FirefoxDriver: firefox on XP (0afd1359-6104-48da-ba3c-7e6a9c8b4483)] -&gt; xpath: //div[@class=&apos;item&apos;]], [[FirefoxDriver: firefox on XP (0afd1359-6104-48da-ba3c-7e6a9c8b4483)] -&gt; xpath: //div[@class=&apos;item&apos;]]]
allMachines.size: 340
[[[FirefoxDriver: firefox on XP (0afd1359-6104-48da-ba3c-7e6a9c8b4483)] -&gt; xpath: //div[@class=&apos;item&apos;]], [[FirefoxDriver: firefox on XP (0afd1359-6104-48da-ba3c-7e6a9c8b4483)] -&gt; xpath: //div[@class=&apos;item&apos;]], [[FirefoxDriver: firefox on XP (0afd1359-6104-48da-ba3c-7e6a9c8b4483)] -&gt; xpath: //div[@class=&apos;item&apos;]], [[FirefoxDriver: firefox on XP (0afd1359-6104-48da-ba3c-7e6a9c8b4483)] -&gt; xpath: //div[@class=&apos;item&apos;]], [[FirefoxDriver: firefox on XP (0afd1359-6104-48da-ba3c-7e6a9c8b4483)] -&gt; xpath: //div[@class=&apos;item&apos;]], [[FirefoxDriver: firefox on XP (0afd1359-6104-48da-ba3c-7e6a9c8b4483)] -&gt; xpath: //div[@class=&apos;item&apos;]], [[FirefoxDriver: firefox on XP (0afd1359-6104-48da-ba3c-7e6a9c8b4483)] -&gt; xpath: //div[@class=&apos;item&apos;]], [[FirefoxDriver: firefox on XP (0afd1359-6104-48da-ba3c-7e6a9c8b4483)] -&gt; xpath: //div[@class=&apos;item&apos;]], [[FirefoxDriver: firefox on XP (0afd1359-6104-48da-ba3c-7e6a9c8b4483)] -&gt; xpath: //div[@class=&apos;item&apos;]], [[FirefoxDriver: firefox on XP (0afd1359-6104-48da-ba3c-7e6a9c8b4483)] -&gt; xpath: //div[@class=&apos;item&apos;]], [[FirefoxDriver: firefox on XP (0afd1359-6104-48da-ba3c-7e6a9c8b4483)] -&gt; xpath: //div[@class=&apos;item&apos;]], [[FirefoxDriver: firefox on XP (0afd1359-6104-48da-ba3c-7e6a9c8b4483)] -&gt; xpath: //div[@class=&apos;item&apos;]], [[FirefoxDriver: firefox on XP (0afd1359-6104-48da-ba3c-7e6a9c8b4483)] -&gt; xpath: //div[@class=&apos;item&apos;]], [[FirefoxDriver: firefox on XP (0afd1359-6104-48da-ba3c-7e6a9c8b4483)] -&gt; xpath: //div[@class=&apos;item&apos;]], [[FirefoxDriver: firefox on XP (0afd1359-6104-48da-ba3c-7e6a9c8b4483)] -&gt; xpath: //div[@class=&apos;item&apos;]], [[FirefoxDriver: firefox on XP (0afd1359-6104-48da-ba3c-7e6a9c8b4483)] -&gt; xpath: //div[@class=&apos;item&apos;]], [[FirefoxDriver: firefox on XP (0afd1359-6104-48da-ba3c-7e6a9c8b4483)] -&gt; xpath: //div[@class=&apos;item&apos;]], [[FirefoxDriver: firefox on XP (0afd1359-6104-48da-ba3c-7e6a9c8b4483)] -&gt; xpath: //div[@class=&apos;item&apos;]], [[FirefoxDriver: firefox on XP (0afd1359-6104-48da-ba3c-7e6a9c8b4483)] -&gt; xpath: //div[@class=&apos;item&apos;]], [[FirefoxDriver: firefox on XP (0afd1359-6104-48da-ba3c-7e6a9c8b4483)] -&gt; xpath: //div[@class=&apos;item&apos;]]]
allMachines.size: 360
[[[FirefoxDriver: firefox on XP (0afd1359-6104-48da-ba3c-7e6a9c8b4483)] -&gt; xpath: //div[@class=&apos;item&apos;]], [[FirefoxDriver: firefox on XP (0afd1359-6104-48da-ba3c-7e6a9c8b4483)] -&gt; xpath: //div[@class=&apos;item&apos;]], [[FirefoxDriver: firefox on XP (0afd1359-6104-48da-ba3c-7e6a9c8b4483)] -&gt; xpath: //div[@class=&apos;item&apos;]], [[FirefoxDriver: firefox on XP (0afd1359-6104-48da-ba3c-7e6a9c8b4483)] -&gt; xpath: //div[@class=&apos;item&apos;]], [[FirefoxDriver: firefox on XP (0afd1359-6104-48da-ba3c-7e6a9c8b4483)] -&gt; xpath: //div[@class=&apos;item&apos;]], [[FirefoxDriver: firefox on XP (0afd1359-6104-48da-ba3c-7e6a9c8b4483)] -&gt; xpath: //div[@class=&apos;item&apos;]], [[FirefoxDriver: firefox on XP (0afd1359-6104-48da-ba3c-7e6a9c8b4483)] -&gt; xpath: //div[@class=&apos;item&apos;]], [[FirefoxDriver: firefox on XP (0afd1359-6104-48da-ba3c-7e6a9c8b4483)] -&gt; xpath: //div[@class=&apos;item&apos;]], [[FirefoxDriver: firefox on XP (0afd1359-6104-48da-ba3c-7e6a9c8b4483)] -&gt; xpath: //div[@class=&apos;item&apos;]], [[FirefoxDriver: firefox on XP (0afd1359-6104-48da-ba3c-7e6a9c8b4483)] -&gt; xpath: //div[@class=&apos;item&apos;]], [[FirefoxDriver: firefox on XP (0afd1359-6104-48da-ba3c-7e6a9c8b4483)] -&gt; xpath: //div[@class=&apos;item&apos;]], [[FirefoxDriver: firefox on XP (0afd1359-6104-48da-ba3c-7e6a9c8b4483)] -&gt; xpath: //div[@class=&apos;item&apos;]], [[FirefoxDriver: firefox on XP (0afd1359-6104-48da-ba3c-7e6a9c8b4483)] -&gt; xpath: //div[@class=&apos;item&apos;]], [[FirefoxDriver: firefox on XP (0afd1359-6104-48da-ba3c-7e6a9c8b4483)] -&gt; xpath: //div[@class=&apos;item&apos;]], [[FirefoxDriver: firefox on XP (0afd1359-6104-48da-ba3c-7e6a9c8b4483)] -&gt; xpath: //div[@class=&apos;item&apos;]], [[FirefoxDriver: firefox on XP (0afd1359-6104-48da-ba3c-7e6a9c8b4483)] -&gt; xpath: //div[@class=&apos;item&apos;]], [[FirefoxDriver: firefox on XP (0afd1359-6104-48da-ba3c-7e6a9c8b4483)] -&gt; xpath: //div[@class=&apos;item&apos;]], [[FirefoxDriver: firefox on XP (0afd1359-6104-48da-ba3c-7e6a9c8b4483)] -&gt; xpath: //div[@class=&apos;item&apos;]], [[FirefoxDriver: firefox on XP (0afd1359-6104-48da-ba3c-7e6a9c8b4483)] -&gt; xpath: //div[@class=&apos;item&apos;]], [[FirefoxDriver: firefox on XP (0afd1359-6104-48da-ba3c-7e6a9c8b4483)] -&gt; xpath: //div[@class=&apos;item&apos;]]]
allMachines.size: 380
[[[FirefoxDriver: firefox on XP (0afd1359-6104-48da-ba3c-7e6a9c8b4483)] -&gt; xpath: //div[@class=&apos;item&apos;]], [[FirefoxDriver: firefox on XP (0afd1359-6104-48da-ba3c-7e6a9c8b4483)] -&gt; xpath: //div[@class=&apos;item&apos;]], [[FirefoxDriver: firefox on XP (0afd1359-6104-48da-ba3c-7e6a9c8b4483)] -&gt; xpath: //div[@class=&apos;item&apos;]], [[FirefoxDriver: firefox on XP (0afd1359-6104-48da-ba3c-7e6a9c8b4483)] -&gt; xpath: //div[@class=&apos;item&apos;]], [[FirefoxDriver: firefox on XP (0afd1359-6104-48da-ba3c-7e6a9c8b4483)] -&gt; xpath: //div[@class=&apos;item&apos;]], [[FirefoxDriver: firefox on XP (0afd1359-6104-48da-ba3c-7e6a9c8b4483)] -&gt; xpath: //div[@class=&apos;item&apos;]], [[FirefoxDriver: firefox on XP (0afd1359-6104-48da-ba3c-7e6a9c8b4483)] -&gt; xpath: //div[@class=&apos;item&apos;]], [[FirefoxDriver: firefox on XP (0afd1359-6104-48da-ba3c-7e6a9c8b4483)] -&gt; xpath: //div[@class=&apos;item&apos;]], [[FirefoxDriver: firefox on XP (0afd1359-6104-48da-ba3c-7e6a9c8b4483)] -&gt; xpath: //div[@class=&apos;item&apos;]], [[FirefoxDriver: firefox on XP (0afd1359-6104-48da-ba3c-7e6a9c8b4483)] -&gt; xpath: //div[@class=&apos;item&apos;]], [[FirefoxDriver: firefox on XP (0afd1359-6104-48da-ba3c-7e6a9c8b4483)] -&gt; xpath: //div[@class=&apos;item&apos;]], [[FirefoxDriver: firefox on XP (0afd1359-6104-48da-ba3c-7e6a9c8b4483)] -&gt; xpath: //div[@class=&apos;item&apos;]], [[FirefoxDriver: firefox on XP (0afd1359-6104-48da-ba3c-7e6a9c8b4483)] -&gt; xpath: //div[@class=&apos;item&apos;]], [[FirefoxDriver: firefox on XP (0afd1359-6104-48da-ba3c-7e6a9c8b4483)] -&gt; xpath: //div[@class=&apos;item&apos;]], [[FirefoxDriver: firefox on XP (0afd1359-6104-48da-ba3c-7e6a9c8b4483)] -&gt; xpath: //div[@class=&apos;item&apos;]], [[FirefoxDriver: firefox on XP (0afd1359-6104-48da-ba3c-7e6a9c8b4483)] -&gt; xpath: //div[@class=&apos;item&apos;]], [[FirefoxDriver: firefox on XP (0afd1359-6104-48da-ba3c-7e6a9c8b4483)] -&gt; xpath: //div[@class=&apos;item&apos;]], [[FirefoxDriver: firefox on XP (0afd1359-6104-48da-ba3c-7e6a9c8b4483)] -&gt; xpath: //div[@class=&apos;item&apos;]], [[FirefoxDriver: firefox on XP (0afd1359-6104-48da-ba3c-7e6a9c8b4483)] -&gt; xpath: //div[@class=&apos;item&apos;]], [[FirefoxDriver: firefox on XP (0afd1359-6104-48da-ba3c-7e6a9c8b4483)] -&gt; xpath: //div[@class=&apos;item&apos;]]]
allMachines.size: 400
[[[FirefoxDriver: firefox on XP (0afd1359-6104-48da-ba3c-7e6a9c8b4483)] -&gt; xpath: //div[@class=&apos;item&apos;]], [[FirefoxDriver: firefox on XP (0afd1359-6104-48da-ba3c-7e6a9c8b4483)] -&gt; xpath: //div[@class=&apos;item&apos;]], [[FirefoxDriver: firefox on XP (0afd1359-6104-48da-ba3c-7e6a9c8b4483)] -&gt; xpath: //div[@class=&apos;item&apos;]], [[FirefoxDriver: firefox on XP (0afd1359-6104-48da-ba3c-7e6a9c8b4483)] -&gt; xpath: //div[@class=&apos;item&apos;]], [[FirefoxDriver: firefox on XP (0afd1359-6104-48da-ba3c-7e6a9c8b4483)] -&gt; xpath: //div[@class=&apos;item&apos;]], [[FirefoxDriver: firefox on XP (0afd1359-6104-48da-ba3c-7e6a9c8b4483)] -&gt; xpath: //div[@class=&apos;item&apos;]], [[FirefoxDriver: firefox on XP (0afd1359-6104-48da-ba3c-7e6a9c8b4483)] -&gt; xpath: //div[@class=&apos;item&apos;]], [[FirefoxDriver: firefox on XP (0afd1359-6104-48da-ba3c-7e6a9c8b4483)] -&gt; xpath: //div[@class=&apos;item&apos;]], [[FirefoxDriver: firefox on XP (0afd1359-6104-48da-ba3c-7e6a9c8b4483)] -&gt; xpath: //div[@class=&apos;item&apos;]], [[FirefoxDriver: firefox on XP (0afd1359-6104-48da-ba3c-7e6a9c8b4483)] -&gt; xpath: //div[@class=&apos;item&apos;]], [[FirefoxDriver: firefox on XP (0afd1359-6104-48da-ba3c-7e6a9c8b4483)] -&gt; xpath: //div[@class=&apos;item&apos;]], [[FirefoxDriver: firefox on XP (0afd1359-6104-48da-ba3c-7e6a9c8b4483)] -&gt; xpath: //div[@class=&apos;item&apos;]], [[FirefoxDriver: firefox on XP (0afd1359-6104-48da-ba3c-7e6a9c8b4483)] -&gt; xpath: //div[@class=&apos;item&apos;]], [[FirefoxDriver: firefox on XP (0afd1359-6104-48da-ba3c-7e6a9c8b4483)] -&gt; xpath: //div[@class=&apos;item&apos;]], [[FirefoxDriver: firefox on XP (0afd1359-6104-48da-ba3c-7e6a9c8b4483)] -&gt; xpath: //div[@class=&apos;item&apos;]], [[FirefoxDriver: firefox on XP (0afd1359-6104-48da-ba3c-7e6a9c8b4483)] -&gt; xpath: //div[@class=&apos;item&apos;]], [[FirefoxDriver: firefox on XP (0afd1359-6104-48da-ba3c-7e6a9c8b4483)] -&gt; xpath: //div[@class=&apos;item&apos;]], [[FirefoxDriver: firefox on XP (0afd1359-6104-48da-ba3c-7e6a9c8b4483)] -&gt; xpath: //div[@class=&apos;item&apos;]], [[FirefoxDriver: firefox on XP (0afd1359-6104-48da-ba3c-7e6a9c8b4483)] -&gt; xpath: //div[@class=&apos;item&apos;]], [[FirefoxDriver: firefox on XP (0afd1359-6104-48da-ba3c-7e6a9c8b4483)] -&gt; xpath: //div[@class=&apos;item&apos;]]]
allMachines.size: 420
[[[FirefoxDriver: firefox on XP (0afd1359-6104-48da-ba3c-7e6a9c8b4483)] -&gt; xpath: //div[@class=&apos;item&apos;]], [[FirefoxDriver: firefox on XP (0afd1359-6104-48da-ba3c-7e6a9c8b4483)] -&gt; xpath: //div[@class=&apos;item&apos;]], [[FirefoxDriver: firefox on XP (0afd1359-6104-48da-ba3c-7e6a9c8b4483)] -&gt; xpath: //div[@class=&apos;item&apos;]], [[FirefoxDriver: firefox on XP (0afd1359-6104-48da-ba3c-7e6a9c8b4483)] -&gt; xpath: //div[@class=&apos;item&apos;]], [[FirefoxDriver: firefox on XP (0afd1359-6104-48da-ba3c-7e6a9c8b4483)] -&gt; xpath: //div[@class=&apos;item&apos;]], [[FirefoxDriver: firefox on XP (0afd1359-6104-48da-ba3c-7e6a9c8b4483)] -&gt; xpath: //div[@class=&apos;item&apos;]], [[FirefoxDriver: firefox on XP (0afd1359-6104-48da-ba3c-7e6a9c8b4483)] -&gt; xpath: //div[@class=&apos;item&apos;]], [[FirefoxDriver: firefox on XP (0afd1359-6104-48da-ba3c-7e6a9c8b4483)] -&gt; xpath: //div[@class=&apos;item&apos;]], [[FirefoxDriver: firefox on XP (0afd1359-6104-48da-ba3c-7e6a9c8b4483)] -&gt; xpath: //div[@class=&apos;item&apos;]], [[FirefoxDriver: firefox on XP (0afd1359-6104-48da-ba3c-7e6a9c8b4483)] -&gt; xpath: //div[@class=&apos;item&apos;]], [[FirefoxDriver: firefox on XP (0afd1359-6104-48da-ba3c-7e6a9c8b4483)] -&gt; xpath: //div[@class=&apos;item&apos;]], [[FirefoxDriver: firefox on XP (0afd1359-6104-48da-ba3c-7e6a9c8b4483)] -&gt; xpath: //div[@class=&apos;item&apos;]], [[FirefoxDriver: firefox on XP (0afd1359-6104-48da-ba3c-7e6a9c8b4483)] -&gt; xpath: //div[@class=&apos;item&apos;]], [[FirefoxDriver: firefox on XP (0afd1359-6104-48da-ba3c-7e6a9c8b4483)] -&gt; xpath: //div[@class=&apos;item&apos;]], [[FirefoxDriver: firefox on XP (0afd1359-6104-48da-ba3c-7e6a9c8b4483)] -&gt; xpath: //div[@class=&apos;item&apos;]], [[FirefoxDriver: firefox on XP (0afd1359-6104-48da-ba3c-7e6a9c8b4483)] -&gt; xpath: //div[@class=&apos;item&apos;]], [[FirefoxDriver: firefox on XP (0afd1359-6104-48da-ba3c-7e6a9c8b4483)] -&gt; xpath: //div[@class=&apos;item&apos;]], [[FirefoxDriver: firefox on XP (0afd1359-6104-48da-ba3c-7e6a9c8b4483)] -&gt; xpath: //div[@class=&apos;item&apos;]], [[FirefoxDriver: firefox on XP (0afd1359-6104-48da-ba3c-7e6a9c8b4483)] -&gt; xpath: //div[@class=&apos;item&apos;]], [[FirefoxDriver: firefox on XP (0afd1359-6104-48da-ba3c-7e6a9c8b4483)] -&gt; xpath: //div[@class=&apos;item&apos;]]]
allMachines.size: 440
[[[FirefoxDriver: firefox on XP (0afd1359-6104-48da-ba3c-7e6a9c8b4483)] -&gt; xpath: //div[@class=&apos;item&apos;]], [[FirefoxDriver: firefox on XP (0afd1359-6104-48da-ba3c-7e6a9c8b4483)] -&gt; xpath: //div[@class=&apos;item&apos;]], [[FirefoxDriver: firefox on XP (0afd1359-6104-48da-ba3c-7e6a9c8b4483)] -&gt; xpath: //div[@class=&apos;item&apos;]], [[FirefoxDriver: firefox on XP (0afd1359-6104-48da-ba3c-7e6a9c8b4483)] -&gt; xpath: //div[@class=&apos;item&apos;]], [[FirefoxDriver: firefox on XP (0afd1359-6104-48da-ba3c-7e6a9c8b4483)] -&gt; xpath: //div[@class=&apos;item&apos;]], [[FirefoxDriver: firefox on XP (0afd1359-6104-48da-ba3c-7e6a9c8b4483)] -&gt; xpath: //div[@class=&apos;item&apos;]], [[FirefoxDriver: firefox on XP (0afd1359-6104-48da-ba3c-7e6a9c8b4483)] -&gt; xpath: //div[@class=&apos;item&apos;]], [[FirefoxDriver: firefox on XP (0afd1359-6104-48da-ba3c-7e6a9c8b4483)] -&gt; xpath: //div[@class=&apos;item&apos;]], [[FirefoxDriver: firefox on XP (0afd1359-6104-48da-ba3c-7e6a9c8b4483)] -&gt; xpath: //div[@class=&apos;item&apos;]], [[FirefoxDriver: firefox on XP (0afd1359-6104-48da-ba3c-7e6a9c8b4483)] -&gt; xpath: //div[@class=&apos;item&apos;]], [[FirefoxDriver: firefox on XP (0afd1359-6104-48da-ba3c-7e6a9c8b4483)] -&gt; xpath: //div[@class=&apos;item&apos;]], [[FirefoxDriver: firefox on XP (0afd1359-6104-48da-ba3c-7e6a9c8b4483)] -&gt; xpath: //div[@class=&apos;item&apos;]], [[FirefoxDriver: firefox on XP (0afd1359-6104-48da-ba3c-7e6a9c8b4483)] -&gt; xpath: //div[@class=&apos;item&apos;]], [[FirefoxDriver: firefox on XP (0afd1359-6104-48da-ba3c-7e6a9c8b4483)] -&gt; xpath: //div[@class=&apos;item&apos;]], [[FirefoxDriver: firefox on XP (0afd1359-6104-48da-ba3c-7e6a9c8b4483)] -&gt; xpath: //div[@class=&apos;item&apos;]], [[FirefoxDriver: firefox on XP (0afd1359-6104-48da-ba3c-7e6a9c8b4483)] -&gt; xpath: //div[@class=&apos;item&apos;]], [[FirefoxDriver: firefox on XP (0afd1359-6104-48da-ba3c-7e6a9c8b4483)] -&gt; xpath: //div[@class=&apos;item&apos;]], [[FirefoxDriver: firefox on XP (0afd1359-6104-48da-ba3c-7e6a9c8b4483)] -&gt; xpath: //div[@class=&apos;item&apos;]], [[FirefoxDriver: firefox on XP (0afd1359-6104-48da-ba3c-7e6a9c8b4483)] -&gt; xpath: //div[@class=&apos;item&apos;]], [[FirefoxDriver: firefox on XP (0afd1359-6104-48da-ba3c-7e6a9c8b4483)] -&gt; xpath: //div[@class=&apos;item&apos;]]]
allMachines.size: 460
[[[FirefoxDriver: firefox on XP (0afd1359-6104-48da-ba3c-7e6a9c8b4483)] -&gt; xpath: //div[@class=&apos;item&apos;]], [[FirefoxDriver: firefox on XP (0afd1359-6104-48da-ba3c-7e6a9c8b4483)] -&gt; xpath: //div[@class=&apos;item&apos;]], [[FirefoxDriver: firefox on XP (0afd1359-6104-48da-ba3c-7e6a9c8b4483)] -&gt; xpath: //div[@class=&apos;item&apos;]], [[FirefoxDriver: firefox on XP (0afd1359-6104-48da-ba3c-7e6a9c8b4483)] -&gt; xpath: //div[@class=&apos;item&apos;]], [[FirefoxDriver: firefox on XP (0afd1359-6104-48da-ba3c-7e6a9c8b4483)] -&gt; xpath: //div[@class=&apos;item&apos;]], [[FirefoxDriver: firefox on XP (0afd1359-6104-48da-ba3c-7e6a9c8b4483)] -&gt; xpath: //div[@class=&apos;item&apos;]], [[FirefoxDriver: firefox on XP (0afd1359-6104-48da-ba3c-7e6a9c8b4483)] -&gt; xpath: //div[@class=&apos;item&apos;]], [[FirefoxDriver: firefox on XP (0afd1359-6104-48da-ba3c-7e6a9c8b4483)] -&gt; xpath: //div[@class=&apos;item&apos;]], [[FirefoxDriver: firefox on XP (0afd1359-6104-48da-ba3c-7e6a9c8b4483)] -&gt; xpath: //div[@class=&apos;item&apos;]], [[FirefoxDriver: firefox on XP (0afd1359-6104-48da-ba3c-7e6a9c8b4483)] -&gt; xpath: //div[@class=&apos;item&apos;]], [[FirefoxDriver: firefox on XP (0afd1359-6104-48da-ba3c-7e6a9c8b4483)] -&gt; xpath: //div[@class=&apos;item&apos;]], [[FirefoxDriver: firefox on XP (0afd1359-6104-48da-ba3c-7e6a9c8b4483)] -&gt; xpath: //div[@class=&apos;item&apos;]], [[FirefoxDriver: firefox on XP (0afd1359-6104-48da-ba3c-7e6a9c8b4483)] -&gt; xpath: //div[@class=&apos;item&apos;]], [[FirefoxDriver: firefox on XP (0afd1359-6104-48da-ba3c-7e6a9c8b4483)] -&gt; xpath: //div[@class=&apos;item&apos;]], [[FirefoxDriver: firefox on XP (0afd1359-6104-48da-ba3c-7e6a9c8b4483)] -&gt; xpath: //div[@class=&apos;item&apos;]], [[FirefoxDriver: firefox on XP (0afd1359-6104-48da-ba3c-7e6a9c8b4483)] -&gt; xpath: //div[@class=&apos;item&apos;]], [[FirefoxDriver: firefox on XP (0afd1359-6104-48da-ba3c-7e6a9c8b4483)] -&gt; xpath: //div[@class=&apos;item&apos;]], [[FirefoxDriver: firefox on XP (0afd1359-6104-48da-ba3c-7e6a9c8b4483)] -&gt; xpath: //div[@class=&apos;item&apos;]], [[FirefoxDriver: firefox on XP (0afd1359-6104-48da-ba3c-7e6a9c8b4483)] -&gt; xpath: //div[@class=&apos;item&apos;]], [[FirefoxDriver: firefox on XP (0afd1359-6104-48da-ba3c-7e6a9c8b4483)] -&gt; xpath: //div[@class=&apos;item&apos;]]]
allMachines.size: 480
[[[FirefoxDriver: firefox on XP (0afd1359-6104-48da-ba3c-7e6a9c8b4483)] -&gt; xpath: //div[@class=&apos;item&apos;]], [[FirefoxDriver: firefox on XP (0afd1359-6104-48da-ba3c-7e6a9c8b4483)] -&gt; xpath: //div[@class=&apos;item&apos;]], [[FirefoxDriver: firefox on XP (0afd1359-6104-48da-ba3c-7e6a9c8b4483)] -&gt; xpath: //div[@class=&apos;item&apos;]], [[FirefoxDriver: firefox on XP (0afd1359-6104-48da-ba3c-7e6a9c8b4483)] -&gt; xpath: //div[@class=&apos;item&apos;]], [[FirefoxDriver: firefox on XP (0afd1359-6104-48da-ba3c-7e6a9c8b4483)] -&gt; xpath: //div[@class=&apos;item&apos;]], [[FirefoxDriver: firefox on XP (0afd1359-6104-48da-ba3c-7e6a9c8b4483)] -&gt; xpath: //div[@class=&apos;item&apos;]], [[FirefoxDriver: firefox on XP (0afd1359-6104-48da-ba3c-7e6a9c8b4483)] -&gt; xpath: //div[@class=&apos;item&apos;]], [[FirefoxDriver: firefox on XP (0afd1359-6104-48da-ba3c-7e6a9c8b4483)] -&gt; xpath: //div[@class=&apos;item&apos;]], [[FirefoxDriver: firefox on XP (0afd1359-6104-48da-ba3c-7e6a9c8b4483)] -&gt; xpath: //div[@class=&apos;item&apos;]], [[FirefoxDriver: firefox on XP (0afd1359-6104-48da-ba3c-7e6a9c8b4483)] -&gt; xpath: //div[@class=&apos;item&apos;]], [[FirefoxDriver: firefox on XP (0afd1359-6104-48da-ba3c-7e6a9c8b4483)] -&gt; xpath: //div[@class=&apos;item&apos;]], [[FirefoxDriver: firefox on XP (0afd1359-6104-48da-ba3c-7e6a9c8b4483)] -&gt; xpath: //div[@class=&apos;item&apos;]], [[FirefoxDriver: firefox on XP (0afd1359-6104-48da-ba3c-7e6a9c8b4483)] -&gt; xpath: //div[@class=&apos;item&apos;]], [[FirefoxDriver: firefox on XP (0afd1359-6104-48da-ba3c-7e6a9c8b4483)] -&gt; xpath: //div[@class=&apos;item&apos;]], [[FirefoxDriver: firefox on XP (0afd1359-6104-48da-ba3c-7e6a9c8b4483)] -&gt; xpath: //div[@class=&apos;item&apos;]], [[FirefoxDriver: firefox on XP (0afd1359-6104-48da-ba3c-7e6a9c8b4483)] -&gt; xpath: //div[@class=&apos;item&apos;]], [[FirefoxDriver: firefox on XP (0afd1359-6104-48da-ba3c-7e6a9c8b4483)] -&gt; xpath: //div[@class=&apos;item&apos;]], [[FirefoxDriver: firefox on XP (0afd1359-6104-48da-ba3c-7e6a9c8b4483)] -&gt; xpath: //div[@class=&apos;item&apos;]], [[FirefoxDriver: firefox on XP (0afd1359-6104-48da-ba3c-7e6a9c8b4483)] -&gt; xpath: //div[@class=&apos;item&apos;]], [[FirefoxDriver: firefox on XP (0afd1359-6104-48da-ba3c-7e6a9c8b4483)] -&gt; xpath: //div[@class=&apos;item&apos;]]]
allMachines.size: 500
[[[FirefoxDriver: firefox on XP (0afd1359-6104-48da-ba3c-7e6a9c8b4483)] -&gt; xpath: //div[@class=&apos;item&apos;]], [[FirefoxDriver: firefox on XP (0afd1359-6104-48da-ba3c-7e6a9c8b4483)] -&gt; xpath: //div[@class=&apos;item&apos;]], [[FirefoxDriver: firefox on XP (0afd1359-6104-48da-ba3c-7e6a9c8b4483)] -&gt; xpath: //div[@class=&apos;item&apos;]], [[FirefoxDriver: firefox on XP (0afd1359-6104-48da-ba3c-7e6a9c8b4483)] -&gt; xpath: //div[@class=&apos;item&apos;]], [[FirefoxDriver: firefox on XP (0afd1359-6104-48da-ba3c-7e6a9c8b4483)] -&gt; xpath: //div[@class=&apos;item&apos;]], [[FirefoxDriver: firefox on XP (0afd1359-6104-48da-ba3c-7e6a9c8b4483)] -&gt; xpath: //div[@class=&apos;item&apos;]], [[FirefoxDriver: firefox on XP (0afd1359-6104-48da-ba3c-7e6a9c8b4483)] -&gt; xpath: //div[@class=&apos;item&apos;]], [[FirefoxDriver: firefox on XP (0afd1359-6104-48da-ba3c-7e6a9c8b4483)] -&gt; xpath: //div[@class=&apos;item&apos;]], [[FirefoxDriver: firefox on XP (0afd1359-6104-48da-ba3c-7e6a9c8b4483)] -&gt; xpath: //div[@class=&apos;item&apos;]], [[FirefoxDriver: firefox on XP (0afd1359-6104-48da-ba3c-7e6a9c8b4483)] -&gt; xpath: //div[@class=&apos;item&apos;]], [[FirefoxDriver: firefox on XP (0afd1359-6104-48da-ba3c-7e6a9c8b4483)] -&gt; xpath: //div[@class=&apos;item&apos;]], [[FirefoxDriver: firefox on XP (0afd1359-6104-48da-ba3c-7e6a9c8b4483)] -&gt; xpath: //div[@class=&apos;item&apos;]], [[FirefoxDriver: firefox on XP (0afd1359-6104-48da-ba3c-7e6a9c8b4483)] -&gt; xpath: //div[@class=&apos;item&apos;]], [[FirefoxDriver: firefox on XP (0afd1359-6104-48da-ba3c-7e6a9c8b4483)] -&gt; xpath: //div[@class=&apos;item&apos;]], [[FirefoxDriver: firefox on XP (0afd1359-6104-48da-ba3c-7e6a9c8b4483)] -&gt; xpath: //div[@class=&apos;item&apos;]], [[FirefoxDriver: firefox on XP (0afd1359-6104-48da-ba3c-7e6a9c8b4483)] -&gt; xpath: //div[@class=&apos;item&apos;]], [[FirefoxDriver: firefox on XP (0afd1359-6104-48da-ba3c-7e6a9c8b4483)] -&gt; xpath: //div[@class=&apos;item&apos;]], [[FirefoxDriver: firefox on XP (0afd1359-6104-48da-ba3c-7e6a9c8b4483)] -&gt; xpath: //div[@class=&apos;item&apos;]], [[FirefoxDriver: firefox on XP (0afd1359-6104-48da-ba3c-7e6a9c8b4483)] -&gt; xpath: //div[@class=&apos;item&apos;]], [[FirefoxDriver: firefox on XP (0afd1359-6104-48da-ba3c-7e6a9c8b4483)] -&gt; xpath: //div[@class=&apos;item&apos;]]]
allMachines.size: 520
[[[FirefoxDriver: firefox on XP (0afd1359-6104-48da-ba3c-7e6a9c8b4483)] -&gt; xpath: //div[@class=&apos;item&apos;]], [[FirefoxDriver: firefox on XP (0afd1359-6104-48da-ba3c-7e6a9c8b4483)] -&gt; xpath: //div[@class=&apos;item&apos;]], [[FirefoxDriver: firefox on XP (0afd1359-6104-48da-ba3c-7e6a9c8b4483)] -&gt; xpath: //div[@class=&apos;item&apos;]], [[FirefoxDriver: firefox on XP (0afd1359-6104-48da-ba3c-7e6a9c8b4483)] -&gt; xpath: //div[@class=&apos;item&apos;]], [[FirefoxDriver: firefox on XP (0afd1359-6104-48da-ba3c-7e6a9c8b4483)] -&gt; xpath: //div[@class=&apos;item&apos;]], [[FirefoxDriver: firefox on XP (0afd1359-6104-48da-ba3c-7e6a9c8b4483)] -&gt; xpath: //div[@class=&apos;item&apos;]], [[FirefoxDriver: firefox on XP (0afd1359-6104-48da-ba3c-7e6a9c8b4483)] -&gt; xpath: //div[@class=&apos;item&apos;]], [[FirefoxDriver: firefox on XP (0afd1359-6104-48da-ba3c-7e6a9c8b4483)] -&gt; xpath: //div[@class=&apos;item&apos;]], [[FirefoxDriver: firefox on XP (0afd1359-6104-48da-ba3c-7e6a9c8b4483)] -&gt; xpath: //div[@class=&apos;item&apos;]], [[FirefoxDriver: firefox on XP (0afd1359-6104-48da-ba3c-7e6a9c8b4483)] -&gt; xpath: //div[@class=&apos;item&apos;]], [[FirefoxDriver: firefox on XP (0afd1359-6104-48da-ba3c-7e6a9c8b4483)] -&gt; xpath: //div[@class=&apos;item&apos;]], [[FirefoxDriver: firefox on XP (0afd1359-6104-48da-ba3c-7e6a9c8b4483)] -&gt; xpath: //div[@class=&apos;item&apos;]], [[FirefoxDriver: firefox on XP (0afd1359-6104-48da-ba3c-7e6a9c8b4483)] -&gt; xpath: //div[@class=&apos;item&apos;]], [[FirefoxDriver: firefox on XP (0afd1359-6104-48da-ba3c-7e6a9c8b4483)] -&gt; xpath: //div[@class=&apos;item&apos;]], [[FirefoxDriver: firefox on XP (0afd1359-6104-48da-ba3c-7e6a9c8b4483)] -&gt; xpath: //div[@class=&apos;item&apos;]], [[FirefoxDriver: firefox on XP (0afd1359-6104-48da-ba3c-7e6a9c8b4483)] -&gt; xpath: //div[@class=&apos;item&apos;]], [[FirefoxDriver: firefox on XP (0afd1359-6104-48da-ba3c-7e6a9c8b4483)] -&gt; xpath: //div[@class=&apos;item&apos;]], [[FirefoxDriver: firefox on XP (0afd1359-6104-48da-ba3c-7e6a9c8b4483)] -&gt; xpath: //div[@class=&apos;item&apos;]], [[FirefoxDriver: firefox on XP (0afd1359-6104-48da-ba3c-7e6a9c8b4483)] -&gt; xpath: //div[@class=&apos;item&apos;]], [[FirefoxDriver: firefox on XP (0afd1359-6104-48da-ba3c-7e6a9c8b4483)] -&gt; xpath: //div[@class=&apos;item&apos;]]]
allMachines.size: 540
[[[FirefoxDriver: firefox on XP (0afd1359-6104-48da-ba3c-7e6a9c8b4483)] -&gt; xpath: //div[@class=&apos;item&apos;]], [[FirefoxDriver: firefox on XP (0afd1359-6104-48da-ba3c-7e6a9c8b4483)] -&gt; xpath: //div[@class=&apos;item&apos;]], [[FirefoxDriver: firefox on XP (0afd1359-6104-48da-ba3c-7e6a9c8b4483)] -&gt; xpath: //div[@class=&apos;item&apos;]], [[FirefoxDriver: firefox on XP (0afd1359-6104-48da-ba3c-7e6a9c8b4483)] -&gt; xpath: //div[@class=&apos;item&apos;]], [[FirefoxDriver: firefox on XP (0afd1359-6104-48da-ba3c-7e6a9c8b4483)] -&gt; xpath: //div[@class=&apos;item&apos;]], [[FirefoxDriver: firefox on XP (0afd1359-6104-48da-ba3c-7e6a9c8b4483)] -&gt; xpath: //div[@class=&apos;item&apos;]], [[FirefoxDriver: firefox on XP (0afd1359-6104-48da-ba3c-7e6a9c8b4483)] -&gt; xpath: //div[@class=&apos;item&apos;]], [[FirefoxDriver: firefox on XP (0afd1359-6104-48da-ba3c-7e6a9c8b4483)] -&gt; xpath: //div[@class=&apos;item&apos;]], [[FirefoxDriver: firefox on XP (0afd1359-6104-48da-ba3c-7e6a9c8b4483)] -&gt; xpath: //div[@class=&apos;item&apos;]], [[FirefoxDriver: firefox on XP (0afd1359-6104-48da-ba3c-7e6a9c8b4483)] -&gt; xpath: //div[@class=&apos;item&apos;]], [[FirefoxDriver: firefox on XP (0afd1359-6104-48da-ba3c-7e6a9c8b4483)] -&gt; xpath: //div[@class=&apos;item&apos;]], [[FirefoxDriver: firefox on XP (0afd1359-6104-48da-ba3c-7e6a9c8b4483)] -&gt; xpath: //div[@class=&apos;item&apos;]], [[FirefoxDriver: firefox on XP (0afd1359-6104-48da-ba3c-7e6a9c8b4483)] -&gt; xpath: //div[@class=&apos;item&apos;]], [[FirefoxDriver: firefox on XP (0afd1359-6104-48da-ba3c-7e6a9c8b4483)] -&gt; xpath: //div[@class=&apos;item&apos;]], [[FirefoxDriver: firefox on XP (0afd1359-6104-48da-ba3c-7e6a9c8b4483)] -&gt; xpath: //div[@class=&apos;item&apos;]], [[FirefoxDriver: firefox on XP (0afd1359-6104-48da-ba3c-7e6a9c8b4483)] -&gt; xpath: //div[@class=&apos;item&apos;]], [[FirefoxDriver: firefox on XP (0afd1359-6104-48da-ba3c-7e6a9c8b4483)] -&gt; xpath: //div[@class=&apos;item&apos;]], [[FirefoxDriver: firefox on XP (0afd1359-6104-48da-ba3c-7e6a9c8b4483)] -&gt; xpath: //div[@class=&apos;item&apos;]], [[FirefoxDriver: firefox on XP (0afd1359-6104-48da-ba3c-7e6a9c8b4483)] -&gt; xpath: //div[@class=&apos;item&apos;]], [[FirefoxDriver: firefox on XP (0afd1359-6104-48da-ba3c-7e6a9c8b4483)] -&gt; xpath: //div[@class=&apos;item&apos;]]]
allMachines.size: 560
[[[FirefoxDriver: firefox on XP (0afd1359-6104-48da-ba3c-7e6a9c8b4483)] -&gt; xpath: //div[@class=&apos;item&apos;]], [[FirefoxDriver: firefox on XP (0afd1359-6104-48da-ba3c-7e6a9c8b4483)] -&gt; xpath: //div[@class=&apos;item&apos;]], [[FirefoxDriver: firefox on XP (0afd1359-6104-48da-ba3c-7e6a9c8b4483)] -&gt; xpath: //div[@class=&apos;item&apos;]], [[FirefoxDriver: firefox on XP (0afd1359-6104-48da-ba3c-7e6a9c8b4483)] -&gt; xpath: //div[@class=&apos;item&apos;]], [[FirefoxDriver: firefox on XP (0afd1359-6104-48da-ba3c-7e6a9c8b4483)] -&gt; xpath: //div[@class=&apos;item&apos;]], [[FirefoxDriver: firefox on XP (0afd1359-6104-48da-ba3c-7e6a9c8b4483)] -&gt; xpath: //div[@class=&apos;item&apos;]], [[FirefoxDriver: firefox on XP (0afd1359-6104-48da-ba3c-7e6a9c8b4483)] -&gt; xpath: //div[@class=&apos;item&apos;]], [[FirefoxDriver: firefox on XP (0afd1359-6104-48da-ba3c-7e6a9c8b4483)] -&gt; xpath: //div[@class=&apos;item&apos;]], [[FirefoxDriver: firefox on XP (0afd1359-6104-48da-ba3c-7e6a9c8b4483)] -&gt; xpath: //div[@class=&apos;item&apos;]], [[FirefoxDriver: firefox on XP (0afd1359-6104-48da-ba3c-7e6a9c8b4483)] -&gt; xpath: //div[@class=&apos;item&apos;]], [[FirefoxDriver: firefox on XP (0afd1359-6104-48da-ba3c-7e6a9c8b4483)] -&gt; xpath: //div[@class=&apos;item&apos;]], [[FirefoxDriver: firefox on XP (0afd1359-6104-48da-ba3c-7e6a9c8b4483)] -&gt; xpath: //div[@class=&apos;item&apos;]], [[FirefoxDriver: firefox on XP (0afd1359-6104-48da-ba3c-7e6a9c8b4483)] -&gt; xpath: //div[@class=&apos;item&apos;]], [[FirefoxDriver: firefox on XP (0afd1359-6104-48da-ba3c-7e6a9c8b4483)] -&gt; xpath: //div[@class=&apos;item&apos;]]]
allMachines.size: 574
574
[Item [name=Bosch SPV 43M10, price=4631, desciption=Посудомоечная машина, встраиваемая полностью, электронное управление; на 9 комплектов; класс мойки A; 9 л/цикл; Автоматические программы; 48 дБ; 82x45x57 см], Item [name=Bosch SPV 43M10, price=4631, desciption=Посудомоечная машина, встраиваемая полностью, электронное управление; на 9 комплектов; класс мойки A; 9 л/цикл; Автоматические программы; 48 дБ; 82x45x57 см], Item [name=Bosch SPV 43M10, price=4631, desciption=Посудомоечная машина, встраиваемая полностью, электронное управление; на 9 комплектов; класс мойки A; 9 л/цикл; Автоматические программы; 48 дБ; 82x45x57 см], Item [name=Bosch SPV 43M10, price=4631, desciption=Посудомоечная машина, встраиваемая полностью, электронное управление; на 9 комплектов; класс мойки A; 9 л/цикл; Автоматические программы; 48 дБ; 82x45x57 см], Item [name=Bosch SPV 43M10, price=4631, desciption=Посудомоечная машина, встраиваемая полностью, электронное управление; на 9 комплектов; класс мойки A; 9 л/цикл; Автоматические программы; 48 дБ; 82x45x57 см], Item [name=Bosch SPV 43M10, price=4631, desciption=Посудомоечная машина, встраиваемая полностью, электронное управление; на 9 комплектов; класс мойки A; 9 л/цикл; Автоматические программы; 48 дБ; 82x45x57 см], Item [name=Bosch SPV 43M10, price=4631, desciption=Посудомоечная машина, встраиваемая полностью, электронное управление; на 9 комплектов; класс мойки A; 9 л/цикл; Автоматические программы; 48 дБ; 82x45x57 см], Item [name=Bosch SPV 43M10, price=4631, desciption=Посудомоечная машина, встраиваемая полностью, электронное управление; на 9 комплектов; класс мойки A; 9 л/цикл; Автоматические программы; 48 дБ; 82x45x57 см], Item [name=Bosch SPV 43M10, price=4631, desciption=Посудомоечная машина, встраиваемая полностью, электронное управление; на 9 комплектов; класс мойки A; 9 л/цикл; Автоматические программы; 48 дБ; 82x45x57 см], Item [name=Bosch SPV 43M10, price=4631, desciption=Посудомоечная машина, встраиваемая полностью, электронное управление; на 9 комплектов; класс мойки A; 9 л/цикл; Автоматические программы; 48 дБ; 82x45x57 см], Item [name=Bosch SPV 43M10, price=4631, desciption=Посудомоечная машина, встраиваемая полностью, электронное управление; на 9 комплектов; класс мойки A; 9 л/цикл; Автоматические программы; 48 дБ; 82x45x57 см], Item [name=Bosch SPV 43M10, price=4631, desciption=Посудомоечная машина, встраиваемая полностью, электронное управление; на 9 комплектов; класс мойки A; 9 л/цикл; Автоматические программы; 48 дБ; 82x45x57 см], Item [name=Bosch SPV 43M10, price=4631, desciption=Посудомоечная машина, встраиваемая полностью, электронное управление; на 9 комплектов; класс мойки A; 9 л/цикл; Автоматические программы; 48 дБ; 82x45x57 см], Item [name=Bosch SPV 43M10, price=4631, desciption=Посудомоечная машина, встраиваемая полностью, электронное управление; на 9 комплектов; класс мойки A; 9 л/цикл; Автоматические программы; 48 дБ; 82x45x57 см], Item [name=Bosch SPV 43M10, price=4631, desciption=Посудомоечная машина, встраиваемая полностью, электронное управление; на 9 комплектов; класс мойки A; 9 л/цикл; Автоматические программы; 48 дБ; 82x45x57 см], Item [name=Bosch SPV 43M10, price=4631, desciption=Посудомоечная машина, встраиваемая полностью, электронное управление; на 9 комплектов; класс мойки A; 9 л/цикл; Автоматические программы; 48 дБ; 82x45x57 см], Item [name=Bosch SPV 43M10, price=4631, desciption=Посудомоечная машина, встраиваемая полностью, электронное управление; на 9 комплектов; класс мойки A; 9 л/цикл; Автоматические программы; 48 дБ; 82x45x57 см], Item [name=Bosch SPV 43M10, price=4631, desciption=Посудомоечная машина, встраиваемая полностью, электронное управление; на 9 комплектов; класс мойки A; 9 л/цикл; Автоматические программы; 48 дБ; 82x45x57 см], Item [name=Bosch SPV 43M10, price=4631, desciption=Посудомоечная машина, встраиваемая полностью, электронное управление; на 9 комплектов; класс мойки A; 9 л/цикл; Автоматические программы; 48 дБ; 82x45x57 см], Item [name=Bosch SPV 43M10, price=4631, desciption=Посудомоечная машина, встраиваемая полностью, электронное управление; на 9 комплектов; класс мойки A; 9 л/цикл; Автоматические программы; 48 дБ; 82x45x57 см], Item [name=Electrolux ESF 2210 DK, price=2748, desciption=Посудомоечная машина, отдельностоящая, электронное управление; на 6 комплектов; класс мойки A; 7 л/цикл; Автоматические программы; чёрная; 53 дБ; 44.7x54.5x51.5 см], Item [name=Electrolux ESF 2210 DK, price=2748, desciption=Посудомоечная машина, отдельностоящая, электронное управление; на 6 комплектов; класс мойки A; 7 л/цикл; Автоматические программы; чёрная; 53 дБ; 44.7x54.5x51.5 см], Item [name=Electrolux ESF 2210 DK, price=2748, desciption=Посудомоечная машина, отдельностоящая, электронное управление; на 6 комплектов; класс мойки A; 7 л/цикл; Автоматические программы; чёрная; 53 дБ; 44.7x54.5x51.5 см], Item [name=Electrolux ESF 2210 DK, price=2748, desciption=Посудомоечная машина, отдельностоящая, электронное управление; на 6 комплектов; класс мойки A; 7 л/цикл; Автоматические программы; чёрная; 53 дБ; 44.7x54.5x51.5 см], Item [name=Electrolux ESF 2210 DK, price=2748, desciption=Посудомоечная машина, отдельностоящая, электронное управление; на 6 комплектов; класс мойки A; 7 л/цикл; Автоматические программы; чёрная; 53 дБ; 44.7x54.5x51.5 см], Item [name=Electrolux ESF 2210 DK, price=2748, desciption=Посудомоечная машина, отдельностоящая, электронное управление; на 6 комплектов; класс мойки A; 7 л/цикл; Автоматические программы; чёрная; 53 дБ; 44.7x54.5x51.5 см], Item [name=Electrolux ESF 2210 DK, price=2748, desciption=Посудомоечная машина, отдельностоящая, электронное управление; на 6 комплектов; класс мойки A; 7 л/цикл; Автоматические программы; чёрная; 53 дБ; 44.7x54.5x51.5 см], Item [name=Electrolux ESF 2210 DK, price=2748, desciption=Посудомоечная машина, отдельностоящая, электронное управление; на 6 комплектов; класс мойки A; 7 л/цикл; Автоматические программы; чёрная; 53 дБ; 44.7x54.5x51.5 см], Item [name=Electrolux ESF 2210 DK, price=2748, desciption=Посудомоечная машина, отдельностоящая, электронное управление; на 6 комплектов; класс мойки A; 7 л/цикл; Автоматические программы; чёрная; 53 дБ; 44.7x54.5x51.5 см], Item [name=Electrolux ESF 2210 DK, price=2748, desciption=Посудомоечная машина, отдельностоящая, электронное управление; на 6 комплектов; класс мойки A; 7 л/цикл; Автоматические программы; чёрная; 53 дБ; 44.7x54.5x51.5 см], Item [name=Electrolux ESF 2210 DK, price=2748, desciption=Посудомоечная машина, отдельностоящая, электронное управление; на 6 комплектов; класс мойки A; 7 л/цикл; Автоматические программы; чёрная; 53 дБ; 44.7x54.5x51.5 см], Item [name=Electrolux ESF 2210 DK, price=2748, desciption=Посудомоечная машина, отдельностоящая, электронное управление; на 6 комплектов; класс мойки A; 7 л/цикл; Автоматические программы; чёрная; 53 дБ; 44.7x54.5x51.5 см], Item [name=Electrolux ESF 2210 DK, price=2748, desciption=Посудомоечная машина, отдельностоящая, электронное управление; на 6 комплектов; класс мойки A; 7 л/цикл; Автоматические программы; чёрная; 53 дБ; 44.7x54.5x51.5 см], Item [name=Electrolux ESF 2210 DK, price=2748, desciption=Посудомоечная машина, отдельностоящая, электронное управление; на 6 комплектов; класс мойки A; 7 л/цикл; Автоматические программы; чёрная; 53 дБ; 44.7x54.5x51.5 см], Item [name=Electrolux ESF 2210 DK, price=2748, desciption=Посудомоечная машина, отдельностоящая, электронное управление; на 6 комплектов; класс мойки A; 7 л/цикл; Автоматические программы; чёрная; 53 дБ; 44.7x54.5x51.5 см], Item [name=Electrolux ESF 2210 DK, price=2748, desciption=Посудомоечная машина, отдельностоящая, электронное управление; на 6 комплектов; класс мойки A; 7 л/цикл; Автоматические программы; чёрная; 53 дБ; 44.7x54.5x51.5 см], Item [name=Electrolux ESF 2210 DK, price=2748, desciption=Посудомоечная машина, отдельностоящая, электронное управление; на 6 комплектов; класс мойки A; 7 л/цикл; Автоматические программы; чёрная; 53 дБ; 44.7x54.5x51.5 см], Item [name=Electrolux ESF 2210 DK, price=2748, desciption=Посудомоечная машина, отдельностоящая, электронное управление; на 6 комплектов; класс мойки A; 7 л/цикл; Автоматические программы; чёрная; 53 дБ; 44.7x54.5x51.5 см], Item [name=Electrolux ESF 2210 DK, price=2748, desciption=Посудомоечная машина, отдельностоящая, электронное управление; на 6 комплектов; класс мойки A; 7 л/цикл; Автоматические программы; чёрная; 53 дБ; 44.7x54.5x51.5 см], Item [name=Electrolux ESF 2210 DK, price=2748, desciption=Посудомоечная машина, отдельностоящая, электронное управление; на 6 комплектов; класс мойки A; 7 л/цикл; Автоматические программы; чёрная; 53 дБ; 44.7x54.5x51.5 см], Item [name=Bosch SMS 40D32, price=3510, desciption=Посудомоечная машина, отдельностоящая, электронное управление; на 12 комплектов; класс мойки A; Автоматические программы; 54 дБ; 85x60x60 см], Item [name=Bosch SMS 40D32, price=3510, desciption=Посудомоечная машина, отдельностоящая, электронное управление; на 12 комплектов; класс мойки A; Автоматические программы; 54 дБ; 85x60x60 см], Item [name=Bosch SMS 40D32, price=3510, desciption=Посудомоечная машина, отдельностоящая, электронное управление; на 12 комплектов; класс мойки A; Автоматические программы; 54 дБ; 85x60x60 см], Item [name=Bosch SMS 40D32, price=3510, desciption=Посудомоечная машина, отдельностоящая, электронное управление; на 12 комплектов; класс мойки A; Автоматические программы; 54 дБ; 85x60x60 см], Item [name=Bosch SMS 40D32, price=3510, desciption=Посудомоечная машина, отдельностоящая, электронное управление; на 12 комплектов; класс мойки A; Автоматические программы; 54 дБ; 85x60x60 см], Item [name=Bosch SMS 40D32, price=3510, desciption=Посудомоечная машина, отдельностоящая, электронное управление; на 12 комплектов; класс мойки A; Автоматические программы; 54 дБ; 85x60x60 см], Item [name=Bosch SMS 40D32, price=3510, desciption=Посудомоечная машина, отдельностоящая, электронное управление; на 12 комплектов; класс мойки A; Автоматические программы; 54 дБ; 85x60x60 см], Item [name=Bosch SMS 40D32, price=3510, desciption=Посудомоечная машина, отдельностоящая, электронное управление; на 12 комплектов; класс мойки A; Автоматические программы; 54 дБ; 85x60x60 см], Item [name=Bosch SMS 40D32, price=3510, desciption=Посудомоечная машина, отдельностоящая, электронное управление; на 12 комплектов; класс мойки A; Автоматические программы; 54 дБ; 85x60x60 см], Item [name=Bosch SMS 40D32, price=3510, desciption=Посудомоечная машина, отдельностоящая, электронное управление; на 12 комплектов; класс мойки A; Автоматические программы; 54 дБ; 85x60x60 см], Item [name=Bosch SMS 40D32, price=3510, desciption=Посудомоечная машина, отдельностоящая, электронное управление; на 12 комплектов; класс мойки A; Автоматические программы; 54 дБ; 85x60x60 см], Item [name=Bosch SMS 40D32, price=3510, desciption=Посудомоечная машина, отдельностоящая, электронное управление; на 12 комплектов; класс мойки A; Автоматические программы; 54 дБ; 85x60x60 см], Item [name=Bosch SMS 40D32, price=3510, desciption=Посудомоечная машина, отдельностоящая, электронное управление; на 12 комплектов; класс мойки A; Автоматические программы; 54 дБ; 85x60x60 см], Item [name=Bosch SMS 40D32, price=3510, desciption=Посудомоечная машина, отдельностоящая, электронное управление; на 12 комплектов; класс мойки A; Автоматические программы; 54 дБ; 85x60x60 см], Item [name=Bosch SMS 40D32, price=3510, desciption=Посудомоечная машина, отдельностоящая, электронное управление; на 12 комплектов; класс мойки A; Автоматические программы; 54 дБ; 85x60x60 см], Item [name=Bosch SMS 40D32, price=3510, desciption=Посудомоечная машина, отдельностоящая, электронное управление; на 12 комплектов; класс мойки A; Автоматические программы; 54 дБ; 85x60x60 см], Item [name=Bosch SMS 40D32, price=3510, desciption=Посудомоечная машина, отдельностоящая, электронное управление; на 12 комплектов; класс мойки A; Автоматические программы; 54 дБ; 85x60x60 см], Item [name=Bosch SMS 40D32, price=3510, desciption=Посудомоечная машина, отдельностоящая, электронное управление; на 12 комплектов; класс мойки A; Автоматические программы; 54 дБ; 85x60x60 см], Item [name=Bosch SMS 40D32, price=3510, desciption=Посудомоечная машина, отдельностоящая, электронное управление; на 12 комплектов; класс мойки A; Автоматические программы; 54 дБ; 85x60x60 см], Item [name=Bosch SMS 40D32, price=3510, desciption=Посудомоечная машина, отдельностоящая, электронное управление; на 12 комплектов; класс мойки A; Автоматические программы; 54 дБ; 85x60x60 см], Item [name=Electrolux ESF 6550 ROX, price=5510, desciption=Посудомоечная машина, отдельностоящая, электронное управление; на 12 комплектов; класс мойки A; 11 л/цикл; Автоматические программы; серебристая; 48 дБ; 85x59.6x61 см], Item [name=Electrolux ESF 6550 ROX, price=5510, desciption=Посудомоечная машина, отдельностоящая, электронное управление; на 12 комплектов; класс мойки A; 11 л/цикл; Автоматические программы; серебристая; 48 дБ; 85x59.6x61 см], Item [name=Electrolux ESF 6550 ROX, price=5510, desciption=Посудомоечная машина, отдельностоящая, электронное управление; на 12 комплектов; класс мойки A; 11 л/цикл; Автоматические программы; серебристая; 48 дБ; 85x59.6x61 см], Item [name=Electrolux ESF 6550 ROX, price=5510, desciption=Посудомоечная машина, отдельностоящая, электронное управление; на 12 комплектов; класс мойки A; 11 л/цикл; Автоматические программы; серебристая; 48 дБ; 85x59.6x61 см], Item [name=Electrolux ESF 6550 ROX, price=5510, desciption=Посудомоечная машина, отдельностоящая, электронное управление; на 12 комплектов; класс мойки A; 11 л/цикл; Автоматические программы; серебристая; 48 дБ; 85x59.6x61 см], Item [name=Electrolux ESF 6550 ROX, price=5510, desciption=Посудомоечная машина, отдельностоящая, электронное управление; на 12 комплектов; класс мойки A; 11 л/цикл; Автоматические программы; серебристая; 48 дБ; 85x59.6x61 см], Item [name=Electrolux ESF 6550 ROX, price=5510, desciption=Посудомоечная машина, отдельностоящая, электронное управление; на 12 комплектов; класс мойки A; 11 л/цикл; Автоматические программы; серебристая; 48 дБ; 85x59.6x61 см], Item [name=Electrolux ESF 6550 ROX, price=5510, desciption=Посудомоечная машина, отдельностоящая, электронное управление; на 12 комплектов; класс мойки A; 11 л/цикл; Автоматические программы; серебристая; 48 дБ; 85x59.6x61 см], Item [name=Electrolux ESF 6550 ROX, price=5510, desciption=Посудомоечная машина, отдельностоящая, электронное управление; на 12 комплектов; класс мойки A; 11 л/цикл; Автоматические программы; серебристая; 48 дБ; 85x59.6x61 см], Item [name=Electrolux ESF 6550 ROX, price=5510, desciption=Посудомоечная машина, отдельностоящая, электронное управление; на 12 комплектов; класс мойки A; 11 л/цикл; Автоматические программы; серебристая; 48 дБ; 85x59.6x61 см], Item [name=Electrolux ESF 6550 ROX, price=5510, desciption=Посудомоечная машина, отдельностоящая, электронное управление; на 12 комплектов; класс мойки A; 11 л/цикл; Автоматические программы; серебристая; 48 дБ; 85x59.6x61 см], Item [name=Electrolux ESF 6550 ROX, price=5510, desciption=Посудомоечная машина, отдельностоящая, электронное управление; на 12 комплектов; класс мойки A; 11 л/цикл; Автоматические программы; серебристая; 48 дБ; 85x59.6x61 см], Item [name=Electrolux ESF 6550 ROX, price=5510, desciption=Посудомоечная машина, отдельностоящая, электронное управление; на 12 комплектов; класс мойки A; 11 л/цикл; Автоматические программы; серебристая; 48 дБ; 85x59.6x61 см], Item [name=Electrolux ESF 6550 ROX, price=5510, desciption=Посудомоечная машина, отдельностоящая, электронное управление; на 12 комплектов; класс мойки A; 11 л/цикл; Автоматические программы; серебристая; 48 дБ; 85x59.6x61 см], Item [name=Electrolux ESF 6550 ROX, price=5510, desciption=Посудомоечная машина, отдельностоящая, электронное управление; на 12 комплектов; класс мойки A; 11 л/цикл; Автоматические программы; серебристая; 48 дБ; 85x59.6x61 см], Item [name=Electrolux ESF 6550 ROX, price=5510, desciption=Посудомоечная машина, отдельностоящая, электронное управление; на 12 комплектов; класс мойки A; 11 л/цикл; Автоматические программы; серебристая; 48 дБ; 85x59.6x61 см], Item [name=Electrolux ESF 6550 ROX, price=5510, desciption=Посудомоечная машина, отдельностоящая, электронное управление; на 12 комплектов; класс мойки A; 11 л/цикл; Автоматические программы; серебристая; 48 дБ; 85x59.6x61 см], Item [name=Electrolux ESF 6550 ROX, price=5510, desciption=Посудомоечная машина, отдельностоящая, электронное управление; на 12 комплектов; класс мойки A; 11 л/цикл; Автоматические программы; серебристая; 48 дБ; 85x59.6x61 см], Item [name=Electrolux ESF 6550 ROX, price=5510, desciption=Посудомоечная машина, отдельностоящая, электронное управление; на 12 комплектов; класс мойки A; 11 л/цикл; Автоматические программы; серебристая; 48 дБ; 85x59.6x61 см], Item [name=Electrolux ESF 6550 ROX, price=5510, desciption=Посудомоечная машина, отдельностоящая, электронное управление; на 12 комплектов; класс мойки A; 11 л/цикл; Автоматические программы; серебристая; 48 дБ; 85x59.6x61 см], Item [name=Siemens SN 26N296, price=7200, desciption=Посудомоечная машина, отдельностоящая, электронное управление; на 13 комплектов; 6 л/цикл; Автоматические программы; белая; 44 дБ; 84.5x60x60 см], Item [name=Siemens SN 26N296, price=7200, desciption=Посудомоечная машина, отдельностоящая, электронное управление; на 13 комплектов; 6 л/цикл; Автоматические программы; белая; 44 дБ; 84.5x60x60 см], Item [name=Siemens SN 26N296, price=7200, desciption=Посудомоечная машина, отдельностоящая, электронное управление; на 13 комплектов; 6 л/цикл; Автоматические программы; белая; 44 дБ; 84.5x60x60 см], Item [name=Siemens SN 26N296, price=7200, desciption=Посудомоечная машина, отдельностоящая, электронное управление; на 13 комплектов; 6 л/цикл; Автоматические программы; белая; 44 дБ; 84.5x60x60 см], Item [name=Siemens SN 26N296, price=7200, desciption=Посудомоечная машина, отдельностоящая, электронное управление; на 13 комплектов; 6 л/цикл; Автоматические программы; белая; 44 дБ; 84.5x60x60 см], Item [name=Siemens SN 26N296, price=7200, desciption=Посудомоечная машина, отдельностоящая, электронное управление; на 13 комплектов; 6 л/цикл; Автоматические программы; белая; 44 дБ; 84.5x60x60 см], Item [name=Siemens SN 26N296, price=7200, desciption=Посудомоечная машина, отдельностоящая, электронное управление; на 13 комплектов; 6 л/цикл; Автоматические программы; белая; 44 дБ; 84.5x60x60 см], Item [name=Siemens SN 26N296, price=7200, desciption=Посудомоечная машина, отдельностоящая, электронное управление; на 13 комплектов; 6 л/цикл; Автоматические программы; белая; 44 дБ; 84.5x60x60 см], Item [name=Siemens SN 26N296, price=7200, desciption=Посудомоечная машина, отдельностоящая, электронное управление; на 13 комплектов; 6 л/цикл; Автоматические программы; белая; 44 дБ; 84.5x60x60 см], Item [name=Siemens SN 26N296, price=7200, desciption=Посудомоечная машина, отдельностоящая, электронное управление; на 13 комплектов; 6 л/цикл; Автоматические программы; белая; 44 дБ; 84.5x60x60 см], Item [name=Siemens SN 26N296, price=7200, desciption=Посудомоечная машина, отдельностоящая, электронное управление; на 13 комплектов; 6 л/цикл; Автоматические программы; белая; 44 дБ; 84.5x60x60 см], Item [name=Siemens SN 26N296, price=7200, desciption=Посудомоечная машина, отдельностоящая, электронное управление; на 13 комплектов; 6 л/цикл; Автоматические программы; белая; 44 дБ; 84.5x60x60 см], Item [name=Siemens SN 26N296, price=7200, desciption=Посудомоечная машина, отдельностоящая, электронное управление; на 13 комплектов; 6 л/цикл; Автоматические программы; белая; 44 дБ; 84.5x60x60 см], Item [name=Siemens SN 26N296, price=7200, desciption=Посудомоечная машина, отдельностоящая, электронное управление; на 13 комплектов; 6 л/цикл; Автоматические программы; белая; 44 дБ; 84.5x60x60 см], Item [name=Siemens SN 26N296, price=7200, desciption=Посудомоечная машина, отдельностоящая, электронное управление; на 13 комплектов; 6 л/цикл; Автоматические программы; белая; 44 дБ; 84.5x60x60 см], Item [name=Siemens SN 26N296, price=7200, desciption=Посудомоечная машина, отдельностоящая, электронное управление; на 13 комплектов; 6 л/цикл; Автоматические программы; белая; 44 дБ; 84.5x60x60 см], Item [name=Siemens SN 26N296, price=7200, desciption=Посудомоечная машина, отдельностоящая, электронное управление; на 13 комплектов; 6 л/цикл; Автоматические программы; белая; 44 дБ; 84.5x60x60 см], Item [name=Siemens SN 26N296, price=7200, desciption=Посудомоечная машина, отдельностоящая, электронное управление; на 13 комплектов; 6 л/цикл; Автоматические программы; белая; 44 дБ; 84.5x60x60 см], Item [name=Siemens SN 26N296, price=7200, desciption=Посудомоечная машина, отдельностоящая, электронное управление; на 13 комплектов; 6 л/цикл; Автоматические программы; белая; 44 дБ; 84.5x60x60 см], Item [name=Siemens SN 26N296, price=7200, desciption=Посудомоечная машина, отдельностоящая, электронное управление; на 13 комплектов; 6 л/цикл; Автоматические программы; белая; 44 дБ; 84.5x60x60 см], Item [name=Siemens SN 56V594, price=10675, desciption=Посудомоечная машина, отдельностоящая, электронное управление; на 13 комплектов; 7 л/цикл; Автоматические программы; 44 дБ; 81.5x59.8x57.3 см], Item [name=Siemens SN 56V594, price=10675, desciption=Посудомоечная машина, отдельностоящая, электронное управление; на 13 комплектов; 7 л/цикл; Автоматические программы; 44 дБ; 81.5x59.8x57.3 см], Item [name=Siemens SN 56V594, price=10675, desciption=Посудомоечная машина, отдельностоящая, электронное управление; на 13 комплектов; 7 л/цикл; Автоматические программы; 44 дБ; 81.5x59.8x57.3 см], Item [name=Siemens SN 56V594, price=10675, desciption=Посудомоечная машина, отдельностоящая, электронное управление; на 13 комплектов; 7 л/цикл; Автоматические программы; 44 дБ; 81.5x59.8x57.3 см], Item [name=Siemens SN 56V594, price=10675, desciption=Посудомоечная машина, отдельностоящая, электронное управление; на 13 комплектов; 7 л/цикл; Автоматические программы; 44 дБ; 81.5x59.8x57.3 см], Item [name=Siemens SN 56V594, price=10675, desciption=Посудомоечная машина, отдельностоящая, электронное управление; на 13 комплектов; 7 л/цикл; Автоматические программы; 44 дБ; 81.5x59.8x57.3 см], Item [name=Siemens SN 56V594, price=10675, desciption=Посудомоечная машина, отдельностоящая, электронное управление; на 13 комплектов; 7 л/цикл; Автоматические программы; 44 дБ; 81.5x59.8x57.3 см], Item [name=Siemens SN 56V594, price=10675, desciption=Посудомоечная машина, отдельностоящая, электронное управление; на 13 комплектов; 7 л/цикл; Автоматические программы; 44 дБ; 81.5x59.8x57.3 см], Item [name=Siemens SN 56V594, price=10675, desciption=Посудомоечная машина, отдельностоящая, электронное управление; на 13 комплектов; 7 л/цикл; Автоматические программы; 44 дБ; 81.5x59.8x57.3 см], Item [name=Siemens SN 56V594, price=10675, desciption=Посудомоечная машина, отдельностоящая, электронное управление; на 13 комплектов; 7 л/цикл; Автоматические программы; 44 дБ; 81.5x59.8x57.3 см], Item [name=Siemens SN 56V594, price=10675, desciption=Посудомоечная машина, отдельностоящая, электронное управление; на 13 комплектов; 7 л/цикл; Автоматические программы; 44 дБ; 81.5x59.8x57.3 см], Item [name=Siemens SN 56V594, price=10675, desciption=Посудомоечная машина, отдельностоящая, электронное управление; на 13 комплектов; 7 л/цикл; Автоматические программы; 44 дБ; 81.5x59.8x57.3 см], Item [name=Siemens SN 56V594, price=10675, desciption=Посудомоечная машина, отдельностоящая, электронное управление; на 13 комплектов; 7 л/цикл; Автоматические программы; 44 дБ; 81.5x59.8x57.3 см], Item [name=Siemens SN 56V594, price=10675, desciption=Посудомоечная машина, отдельностоящая, электронное управление; на 13 комплектов; 7 л/цикл; Автоматические программы; 44 дБ; 81.5x59.8x57.3 см], Item [name=Siemens SN 56V594, price=10675, desciption=Посудомоечная машина, отдельностоящая, электронное управление; на 13 комплектов; 7 л/цикл; Автоматические программы; 44 дБ; 81.5x59.8x57.3 см], Item [name=Siemens SN 56V594, price=10675, desciption=Посудомоечная машина, отдельностоящая, электронное управление; на 13 комплектов; 7 л/цикл; Автоматические программы; 44 дБ; 81.5x59.8x57.3 см], Item [name=Siemens SN 56V594, price=10675, desciption=Посудомоечная машина, отдельностоящая, электронное управление; на 13 комплектов; 7 л/цикл; Автоматические программы; 44 дБ; 81.5x59.8x57.3 см], Item [name=Siemens SN 56V594, price=10675, desciption=Посудомоечная машина, отдельностоящая, электронное управление; на 13 комплектов; 7 л/цикл; Автоматические программы; 44 дБ; 81.5x59.8x57.3 см], Item [name=Siemens SN 56V594, price=10675, desciption=Посудомоечная машина, отдельностоящая, электронное управление; на 13 комплектов; 7 л/цикл; Автоматические программы; 44 дБ; 81.5x59.8x57.3 см], Item [name=Siemens SN 56V594, price=10675, desciption=Посудомоечная машина, отдельностоящая, электронное управление; на 13 комплектов; 7 л/цикл; Автоматические программы; 44 дБ; 81.5x59.8x57.3 см], Item [name=Zanussi ZDV 15001 FA, price=3889, desciption=Посудомоечная машина, встраиваемая полностью, электронное управление; на 9 комплектов; класс мойки A; 12 л/цикл; Автоматические программы; 47 дБ; 82x45x55 см], Item [name=Zanussi ZDV 15001 FA, price=3889, desciption=Посудомоечная машина, встраиваемая полностью, электронное управление; на 9 комплектов; класс мойки A; 12 л/цикл; Автоматические программы; 47 дБ; 82x45x55 см], Item [name=Zanussi ZDV 15001 FA, price=3889, desciption=Посудомоечная машина, встраиваемая полностью, электронное управление; на 9 комплектов; класс мойки A; 12 л/цикл; Автоматические программы; 47 дБ; 82x45x55 см], Item [name=Zanussi ZDV 15001 FA, price=3889, desciption=Посудомоечная машина, встраиваемая полностью, электронное управление; на 9 комплектов; класс мойки A; 12 л/цикл; Автоматические программы; 47 дБ; 82x45x55 см], Item [name=Zanussi ZDV 15001 FA, price=3889, desciption=Посудомоечная машина, встраиваемая полностью, электронное управление; на 9 комплектов; класс мойки A; 12 л/цикл; Автоматические программы; 47 дБ; 82x45x55 см], Item [name=Zanussi ZDV 15001 FA, price=3889, desciption=Посудомоечная машина, встраиваемая полностью, электронное управление; на 9 комплектов; класс мойки A; 12 л/цикл; Автоматические программы; 47 дБ; 82x45x55 см], Item [name=Zanussi ZDV 15001 FA, price=3889, desciption=Посудомоечная машина, встраиваемая полностью, электронное управление; на 9 комплектов; класс мойки A; 12 л/цикл; Автоматические программы; 47 дБ; 82x45x55 см], Item [name=Zanussi ZDV 15001 FA, price=3889, desciption=Посудомоечная машина, встраиваемая полностью, электронное управление; на 9 комплектов; класс мойки A; 12 л/цикл; Автоматические программы; 47 дБ; 82x45x55 см], Item [name=Zanussi ZDV 15001 FA, price=3889, desciption=Посудомоечная машина, встраиваемая полностью, электронное управление; на 9 комплектов; класс мойки A; 12 л/цикл; Автоматические программы; 47 дБ; 82x45x55 см], Item [name=Zanussi ZDV 15001 FA, price=3889, desciption=Посудомоечная машина, встраиваемая полностью, электронное управление; на 9 комплектов; класс мойки A; 12 л/цикл; Автоматические программы; 47 дБ; 82x45x55 см], Item [name=Zanussi ZDV 15001 FA, price=3889, desciption=Посудомоечная машина, встраиваемая полностью, электронное управление; на 9 комплектов; класс мойки A; 12 л/цикл; Автоматические программы; 47 дБ; 82x45x55 см], Item [name=Zanussi ZDV 15001 FA, price=3889, desciption=Посудомоечная машина, встраиваемая полностью, электронное управление; на 9 комплектов; класс мойки A; 12 л/цикл; Автоматические программы; 47 дБ; 82x45x55 см], Item [name=Zanussi ZDV 15001 FA, price=3889, desciption=Посудомоечная машина, встраиваемая полностью, электронное управление; на 9 комплектов; класс мойки A; 12 л/цикл; Автоматические программы; 47 дБ; 82x45x55 см], Item [name=Zanussi ZDV 15001 FA, price=3889, desciption=Посудомоечная машина, встраиваемая полностью, электронное управление; на 9 комплектов; класс мойки A; 12 л/цикл; Автоматические программы; 47 дБ; 82x45x55 см], Item [name=Zanussi ZDV 15001 FA, price=3889, desciption=Посудомоечная машина, встраиваемая полностью, электронное управление; на 9 комплектов; класс мойки A; 12 л/цикл; Автоматические программы; 47 дБ; 82x45x55 см], Item [name=Zanussi ZDV 15001 FA, price=3889, desciption=Посудомоечная машина, встраиваемая полностью, электронное управление; на 9 комплектов; класс мойки A; 12 л/цикл; Автоматические программы; 47 дБ; 82x45x55 см], Item [name=Zanussi ZDV 15001 FA, price=3889, desciption=Посудомоечная машина, встраиваемая полностью, электронное управление; на 9 комплектов; класс мойки A; 12 л/цикл; Автоматические программы; 47 дБ; 82x45x55 см], Item [name=Zanussi ZDV 15001 FA, price=3889, desciption=Посудомоечная машина, встраиваемая полностью, электронное управление; на 9 комплектов; класс мойки A; 12 л/цикл; Автоматические программы; 47 дБ; 82x45x55 см], Item [name=Zanussi ZDV 15001 FA, price=3889, desciption=Посудомоечная машина, встраиваемая полностью, электронное управление; на 9 комплектов; класс мойки A; 12 л/цикл; Автоматические программы; 47 дБ; 82x45x55 см], Item [name=Zanussi ZDV 15001 FA, price=3889, desciption=Посудомоечная машина, встраиваемая полностью, электронное управление; на 9 комплектов; класс мойки A; 12 л/цикл; Автоматические программы; 47 дБ; 82x45x55 см], Item [name=Delfa DDW-671, price=2417, desciption=Посудомоечная машина, отдельностоящая, механическое управление; на 14 комплектов; класс мойки A; 13 л/цикл; белая; 49 дБ; 85x60x60 см], Item [name=Delfa DDW-671, price=2417, desciption=Посудомоечная машина, отдельностоящая, механическое управление; на 14 комплектов; класс мойки A; 13 л/цикл; белая; 49 дБ; 85x60x60 см], Item [name=Delfa DDW-671, price=2417, desciption=Посудомоечная машина, отдельностоящая, механическое управление; на 14 комплектов; класс мойки A; 13 л/цикл; белая; 49 дБ; 85x60x60 см], Item [name=Delfa DDW-671, price=2417, desciption=Посудомоечная машина, отдельностоящая, механическое управление; на 14 комплектов; класс мойки A; 13 л/цикл; белая; 49 дБ; 85x60x60 см], Item [name=Delfa DDW-671, price=2417, desciption=Посудомоечная машина, отдельностоящая, механическое управление; на 14 комплектов; класс мойки A; 13 л/цикл; белая; 49 дБ; 85x60x60 см], Item [name=Delfa DDW-671, price=2417, desciption=Посудомоечная машина, отдельностоящая, механическое управление; на 14 комплектов; класс мойки A; 13 л/цикл; белая; 49 дБ; 85x60x60 см], Item [name=Delfa DDW-671, price=2417, desciption=Посудомоечная машина, отдельностоящая, механическое управление; на 14 комплектов; класс мойки A; 13 л/цикл; белая; 49 дБ; 85x60x60 см], Item [name=Delfa DDW-671, price=2417, desciption=Посудомоечная машина, отдельностоящая, механическое управление; на 14 комплектов; класс мойки A; 13 л/цикл; белая; 49 дБ; 85x60x60 см], Item [name=Delfa DDW-671, price=2417, desciption=Посудомоечная машина, отдельностоящая, механическое управление; на 14 комплектов; класс мойки A; 13 л/цикл; белая; 49 дБ; 85x60x60 см], Item [name=Delfa DDW-671, price=2417, desciption=Посудомоечная машина, отдельностоящая, механическое управление; на 14 комплектов; класс мойки A; 13 л/цикл; белая; 49 дБ; 85x60x60 см], Item [name=Delfa DDW-671, price=2417, desciption=Посудомоечная машина, отдельностоящая, механическое управление; на 14 комплектов; класс мойки A; 13 л/цикл; белая; 49 дБ; 85x60x60 см], Item [name=Delfa DDW-671, price=2417, desciption=Посудомоечная машина, отдельностоящая, механическое управление; на 14 комплектов; класс мойки A; 13 л/цикл; белая; 49 дБ; 85x60x60 см], Item [name=Delfa DDW-671, price=2417, desciption=Посудомоечная машина, отдельностоящая, механическое управление; на 14 комплектов; класс мойки A; 13 л/цикл; белая; 49 дБ; 85x60x60 см], Item [name=Delfa DDW-671, price=2417, desciption=Посудомоечная машина, отдельностоящая, механическое управление; на 14 комплектов; класс мойки A; 13 л/цикл; белая; 49 дБ; 85x60x60 см], Item [name=Delfa DDW-671, price=2417, desciption=Посудомоечная машина, отдельностоящая, механическое управление; на 14 комплектов; класс мойки A; 13 л/цикл; белая; 49 дБ; 85x60x60 см], Item [name=Delfa DDW-671, price=2417, desciption=Посудомоечная машина, отдельностоящая, механическое управление; на 14 комплектов; класс мойки A; 13 л/цикл; белая; 49 дБ; 85x60x60 см], Item [name=Delfa DDW-671, price=2417, desciption=Посудомоечная машина, отдельностоящая, механическое управление; на 14 комплектов; класс мойки A; 13 л/цикл; белая; 49 дБ; 85x60x60 см], Item [name=Delfa DDW-671, price=2417, desciption=Посудомоечная машина, отдельностоящая, механическое управление; на 14 комплектов; класс мойки A; 13 л/цикл; белая; 49 дБ; 85x60x60 см], Item [name=Delfa DDW-671, price=2417, desciption=Посудомоечная машина, отдельностоящая, механическое управление; на 14 комплектов; класс мойки A; 13 л/цикл; белая; 49 дБ; 85x60x60 см], Item [name=Delfa DDW-671, price=2417, desciption=Посудомоечная машина, отдельностоящая, механическое управление; на 14 комплектов; класс мойки A; 13 л/цикл; белая; 49 дБ; 85x60x60 см], Item [name=Pyramida DP-09 N, price=2713, desciption=Посудомоечная машина, встраиваемая полностью, электронное управление; на 9 комплектов; класс мойки A; 9 л/цикл; белая; 49 дБ; 82x45 см], Item [name=Pyramida DP-09 N, price=2713, desciption=Посудомоечная машина, встраиваемая полностью, электронное управление; на 9 комплектов; класс мойки A; 9 л/цикл; белая; 49 дБ; 82x45 см], Item [name=Pyramida DP-09 N, price=2713, desciption=Посудомоечная машина, встраиваемая полностью, электронное управление; на 9 комплектов; класс мойки A; 9 л/цикл; белая; 49 дБ; 82x45 см], Item [name=Pyramida DP-09 N, price=2713, desciption=Посудомоечная машина, встраиваемая полностью, электронное управление; на 9 комплектов; класс мойки A; 9 л/цикл; белая; 49 дБ; 82x45 см], Item [name=Pyramida DP-09 N, price=2713, desciption=Посудомоечная машина, встраиваемая полностью, электронное управление; на 9 комплектов; класс мойки A; 9 л/цикл; белая; 49 дБ; 82x45 см], Item [name=Pyramida DP-09 N, price=2713, desciption=Посудомоечная машина, встраиваемая полностью, электронное управление; на 9 комплектов; класс мойки A; 9 л/цикл; белая; 49 дБ; 82x45 см], Item [name=Pyramida DP-09 N, price=2713, desciption=Посудомоечная машина, встраиваемая полностью, электронное управление; на 9 комплектов; класс мойки A; 9 л/цикл; белая; 49 дБ; 82x45 см], Item [name=Pyramida DP-09 N, price=2713, desciption=Посудомоечная машина, встраиваемая полностью, электронное управление; на 9 комплектов; класс мойки A; 9 л/цикл; белая; 49 дБ; 82x45 см], Item [name=Pyramida DP-09 N, price=2713, desciption=Посудомоечная машина, встраиваемая полностью, электронное управление; на 9 комплектов; класс мойки A; 9 л/цикл; белая; 49 дБ; 82x45 см], Item [name=Pyramida DP-09 N, price=2713, desciption=Посудомоечная машина, встраиваемая полностью, электронное управление; на 9 комплектов; класс мойки A; 9 л/цикл; белая; 49 дБ; 82x45 см], Item [name=Pyramida DP-09 N, price=2713, desciption=Посудомоечная машина, встраиваемая полностью, электронное управление; на 9 комплектов; класс мойки A; 9 л/цикл; белая; 49 дБ; 82x45 см], Item [name=Pyramida DP-09 N, price=2713, desciption=Посудомоечная машина, встраиваемая полностью, электронное управление; на 9 комплектов; класс мойки A; 9 л/цикл; белая; 49 дБ; 82x45 см], Item [name=Pyramida DP-09 N, price=2713, desciption=Посудомоечная машина, встраиваемая полностью, электронное управление; на 9 комплектов; класс мойки A; 9 л/цикл; белая; 49 дБ; 82x45 см], Item [name=Pyramida DP-09 N, price=2713, desciption=Посудомоечная машина, встраиваемая полностью, электронное управление; на 9 комплектов; класс мойки A; 9 л/цикл; белая; 49 дБ; 82x45 см], Item [name=Pyramida DP-09 N, price=2713, desciption=Посудомоечная машина, встраиваемая полностью, электронное управление; на 9 комплектов; класс мойки A; 9 л/цикл; белая; 49 дБ; 82x45 см], Item [name=Pyramida DP-09 N, price=2713, desciption=Посудомоечная машина, встраиваемая полностью, электронное управление; на 9 комплектов; класс мойки A; 9 л/цикл; белая; 49 дБ; 82x45 см], Item [name=Pyramida DP-09 N, price=2713, desciption=Посудомоечная машина, встраиваемая полностью, электронное управление; на 9 комплектов; класс мойки A; 9 л/цикл; белая; 49 дБ; 82x45 см], Item [name=Pyramida DP-09 N, price=2713, desciption=Посудомоечная машина, встраиваемая полностью, электронное управление; на 9 комплектов; класс мойки A; 9 л/цикл; белая; 49 дБ; 82x45 см], Item [name=Pyramida DP-09 N, price=2713, desciption=Посудомоечная машина, встраиваемая полностью, электронное управление; на 9 комплектов; класс мойки A; 9 л/цикл; белая; 49 дБ; 82x45 см], Item [name=Pyramida DP-09 N, price=2713, desciption=Посудомоечная машина, встраиваемая полностью, электронное управление; на 9 комплектов; класс мойки A; 9 л/цикл; белая; 49 дБ; 82x45 см], Item [name=Kaiser S 60 I 83 XL, price=4811, desciption=Посудомоечная машина, встраиваемая полностью, электронное управление; на 14 комплектов; класс мойки A; 13 л/цикл; Автоматические программы; 82x60x56 см], Item [name=Kaiser S 60 I 83 XL, price=4811, desciption=Посудомоечная машина, встраиваемая полностью, электронное управление; на 14 комплектов; класс мойки A; 13 л/цикл; Автоматические программы; 82x60x56 см], Item [name=Kaiser S 60 I 83 XL, price=4811, desciption=Посудомоечная машина, встраиваемая полностью, электронное управление; на 14 комплектов; класс мойки A; 13 л/цикл; Автоматические программы; 82x60x56 см], Item [name=Kaiser S 60 I 83 XL, price=4811, desciption=Посудомоечная машина, встраиваемая полностью, электронное управление; на 14 комплектов; класс мойки A; 13 л/цикл; Автоматические программы; 82x60x56 см], Item [name=Kaiser S 60 I 83 XL, price=4811, desciption=Посудомоечная машина, встраиваемая полностью, электронное управление; на 14 комплектов; класс мойки A; 13 л/цикл; Автоматические программы; 82x60x56 см], Item [name=Kaiser S 60 I 83 XL, price=4811, desciption=Посудомоечная машина, встраиваемая полностью, электронное управление; на 14 комплектов; класс мойки A; 13 л/цикл; Автоматические программы; 82x60x56 см], Item [name=Kaiser S 60 I 83 XL, price=4811, desciption=Посудомоечная машина, встраиваемая полностью, электронное управление; на 14 комплектов; класс мойки A; 13 л/цикл; Автоматические программы; 82x60x56 см], Item [name=Kaiser S 60 I 83 XL, price=4811, desciption=Посудомоечная машина, встраиваемая полностью, электронное управление; на 14 комплектов; класс мойки A; 13 л/цикл; Автоматические программы; 82x60x56 см], Item [name=Kaiser S 60 I 83 XL, price=4811, desciption=Посудомоечная машина, встраиваемая полностью, электронное управление; на 14 комплектов; класс мойки A; 13 л/цикл; Автоматические программы; 82x60x56 см], Item [name=Kaiser S 60 I 83 XL, price=4811, desciption=Посудомоечная машина, встраиваемая полностью, электронное управление; на 14 комплектов; класс мойки A; 13 л/цикл; Автоматические программы; 82x60x56 см], Item [name=Kaiser S 60 I 83 XL, price=4811, desciption=Посудомоечная машина, встраиваемая полностью, электронное управление; на 14 комплектов; класс мойки A; 13 л/цикл; Автоматические программы; 82x60x56 см], Item [name=Kaiser S 60 I 83 XL, price=4811, desciption=Посудомоечная машина, встраиваемая полностью, электронное управление; на 14 комплектов; класс мойки A; 13 л/цикл; Автоматические программы; 82x60x56 см], Item [name=Kaiser S 60 I 83 XL, price=4811, desciption=Посудомоечная машина, встраиваемая полностью, электронное управление; на 14 комплектов; класс мойки A; 13 л/цикл; Автоматические программы; 82x60x56 см], Item [name=Kaiser S 60 I 83 XL, price=4811, desciption=Посудомоечная машина, встраиваемая полностью, электронное управление; на 14 комплектов; класс мойки A; 13 л/цикл; Автоматические программы; 82x60x56 см], Item [name=Kaiser S 60 I 83 XL, price=4811, desciption=Посудомоечная машина, встраиваемая полностью, электронное управление; на 14 комплектов; класс мойки A; 13 л/цикл; Автоматические программы; 82x60x56 см], Item [name=Kaiser S 60 I 83 XL, price=4811, desciption=Посудомоечная машина, встраиваемая полностью, электронное управление; на 14 комплектов; класс мойки A; 13 л/цикл; Автоматические программы; 82x60x56 см], Item [name=Kaiser S 60 I 83 XL, price=4811, desciption=Посудомоечная машина, встраиваемая полностью, электронное управление; на 14 комплектов; класс мойки A; 13 л/цикл; Автоматические программы; 82x60x56 см], Item [name=Kaiser S 60 I 83 XL, price=4811, desciption=Посудомоечная машина, встраиваемая полностью, электронное управление; на 14 комплектов; класс мойки A; 13 л/цикл; Автоматические программы; 82x60x56 см], Item [name=Kaiser S 60 I 83 XL, price=4811, desciption=Посудомоечная машина, встраиваемая полностью, электронное управление; на 14 комплектов; класс мойки A; 13 л/цикл; Автоматические программы; 82x60x56 см], Item [name=Kaiser S 60 I 83 XL, price=4811, desciption=Посудомоечная машина, встраиваемая полностью, электронное управление; на 14 комплектов; класс мойки A; 13 л/цикл; Автоматические программы; 82x60x56 см], Item [name=Electrolux ESF 2300 OS, price=3587, desciption=Посудомоечная машина, отдельностоящая, электронное управление; на 6 комплектов; класс мойки A; 7 л/цикл; Автоматические программы; серебристая; 48 дБ; 44.7x54.5x51.5 см], Item [name=Electrolux ESF 2300 OS, price=3587, desciption=Посудомоечная машина, отдельностоящая, электронное управление; на 6 комплектов; класс мойки A; 7 л/цикл; Автоматические программы; серебристая; 48 дБ; 44.7x54.5x51.5 см], Item [name=Electrolux ESF 2300 OS, price=3587, desciption=Посудомоечная машина, отдельностоящая, электронное управление; на 6 комплектов; класс мойки A; 7 л/цикл; Автоматические программы; серебристая; 48 дБ; 44.7x54.5x51.5 см], Item [name=Electrolux ESF 2300 OS, price=3587, desciption=Посудомоечная машина, отдельностоящая, электронное управление; на 6 комплектов; класс мойки A; 7 л/цикл; Автоматические программы; серебристая; 48 дБ; 44.7x54.5x51.5 см], Item [name=Electrolux ESF 2300 OS, price=3587, desciption=Посудомоечная машина, отдельностоящая, электронное управление; на 6 комплектов; класс мойки A; 7 л/цикл; Автоматические программы; серебристая; 48 дБ; 44.7x54.5x51.5 см], Item [name=Electrolux ESF 2300 OS, price=3587, desciption=Посудомоечная машина, отдельностоящая, электронное управление; на 6 комплектов; класс мойки A; 7 л/цикл; Автоматические программы; серебристая; 48 дБ; 44.7x54.5x51.5 см], Item [name=Electrolux ESF 2300 OS, price=3587, desciption=Посудомоечная машина, отдельностоящая, электронное управление; на 6 комплектов; класс мойки A; 7 л/цикл; Автоматические программы; серебристая; 48 дБ; 44.7x54.5x51.5 см], Item [name=Electrolux ESF 2300 OS, price=3587, desciption=Посудомоечная машина, отдельностоящая, электронное управление; на 6 комплектов; класс мойки A; 7 л/цикл; Автоматические программы; серебристая; 48 дБ; 44.7x54.5x51.5 см], Item [name=Electrolux ESF 2300 OS, price=3587, desciption=Посудомоечная машина, отдельностоящая, электронное управление; на 6 комплектов; класс мойки A; 7 л/цикл; Автоматические программы; серебристая; 48 дБ; 44.7x54.5x51.5 см], Item [name=Electrolux ESF 2300 OS, price=3587, desciption=Посудомоечная машина, отдельностоящая, электронное управление; на 6 комплектов; класс мойки A; 7 л/цикл; Автоматические программы; серебристая; 48 дБ; 44.7x54.5x51.5 см], Item [name=Electrolux ESF 2300 OS, price=3587, desciption=Посудомоечная машина, отдельностоящая, электронное управление; на 6 комплектов; класс мойки A; 7 л/цикл; Автоматические программы; серебристая; 48 дБ; 44.7x54.5x51.5 см], Item [name=Electrolux ESF 2300 OS, price=3587, desciption=Посудомоечная машина, отдельностоящая, электронное управление; на 6 комплектов; класс мойки A; 7 л/цикл; Автоматические программы; серебристая; 48 дБ; 44.7x54.5x51.5 см], Item [name=Electrolux ESF 2300 OS, price=3587, desciption=Посудомоечная машина, отдельностоящая, электронное управление; на 6 комплектов; класс мойки A; 7 л/цикл; Автоматические программы; серебристая; 48 дБ; 44.7x54.5x51.5 см], Item [name=Electrolux ESF 2300 OS, price=3587, desciption=Посудомоечная машина, отдельностоящая, электронное управление; на 6 комплектов; класс мойки A; 7 л/цикл; Автоматические программы; серебристая; 48 дБ; 44.7x54.5x51.5 см], Item [name=Electrolux ESF 2300 OS, price=3587, desciption=Посудомоечная машина, отдельностоящая, электронное управление; на 6 комплектов; класс мойки A; 7 л/цикл; Автоматические программы; серебристая; 48 дБ; 44.7x54.5x51.5 см], Item [name=Electrolux ESF 2300 OS, price=3587, desciption=Посудомоечная машина, отдельностоящая, электронное управление; на 6 комплектов; класс мойки A; 7 л/цикл; Автоматические программы; серебристая; 48 дБ; 44.7x54.5x51.5 см], Item [name=Electrolux ESF 2300 OS, price=3587, desciption=Посудомоечная машина, отдельностоящая, электронное управление; на 6 комплектов; класс мойки A; 7 л/цикл; Автоматические программы; серебристая; 48 дБ; 44.7x54.5x51.5 см], Item [name=Electrolux ESF 2300 OS, price=3587, desciption=Посудомоечная машина, отдельностоящая, электронное управление; на 6 комплектов; класс мойки A; 7 л/цикл; Автоматические программы; серебристая; 48 дБ; 44.7x54.5x51.5 см], Item [name=Electrolux ESF 2300 OS, price=3587, desciption=Посудомоечная машина, отдельностоящая, электронное управление; на 6 комплектов; класс мойки A; 7 л/цикл; Автоматические программы; серебристая; 48 дБ; 44.7x54.5x51.5 см], Item [name=Electrolux ESF 2300 OS, price=3587, desciption=Посудомоечная машина, отдельностоящая, электронное управление; на 6 комплектов; класс мойки A; 7 л/цикл; Автоматические программы; серебристая; 48 дБ; 44.7x54.5x51.5 см], Item [name=Whirlpool ADG 165, price=2997, desciption=Посудомоечная машина, встраиваемая полностью, электронное управление; на 9 комплектов; класс мойки A; 13 л/цикл; 52 дБ; 82x45x54 см], Item [name=Whirlpool ADG 165, price=2997, desciption=Посудомоечная машина, встраиваемая полностью, электронное управление; на 9 комплектов; класс мойки A; 13 л/цикл; 52 дБ; 82x45x54 см], Item [name=Whirlpool ADG 165, price=2997, desciption=Посудомоечная машина, встраиваемая полностью, электронное управление; на 9 комплектов; класс мойки A; 13 л/цикл; 52 дБ; 82x45x54 см], Item [name=Whirlpool ADG 165, price=2997, desciption=Посудомоечная машина, встраиваемая полностью, электронное управление; на 9 комплектов; класс мойки A; 13 л/цикл; 52 дБ; 82x45x54 см], Item [name=Whirlpool ADG 165, price=2997, desciption=Посудомоечная машина, встраиваемая полностью, электронное управление; на 9 комплектов; класс мойки A; 13 л/цикл; 52 дБ; 82x45x54 см], Item [name=Whirlpool ADG 165, price=2997, desciption=Посудомоечная машина, встраиваемая полностью, электронное управление; на 9 комплектов; класс мойки A; 13 л/цикл; 52 дБ; 82x45x54 см], Item [name=Whirlpool ADG 165, price=2997, desciption=Посудомоечная машина, встраиваемая полностью, электронное управление; на 9 комплектов; класс мойки A; 13 л/цикл; 52 дБ; 82x45x54 см], Item [name=Whirlpool ADG 165, price=2997, desciption=Посудомоечная машина, встраиваемая полностью, электронное управление; на 9 комплектов; класс мойки A; 13 л/цикл; 52 дБ; 82x45x54 см], Item [name=Whirlpool ADG 165, price=2997, desciption=Посудомоечная машина, встраиваемая полностью, электронное управление; на 9 комплектов; класс мойки A; 13 л/цикл; 52 дБ; 82x45x54 см], Item [name=Whirlpool ADG 165, price=2997, desciption=Посудомоечная машина, встраиваемая полностью, электронное управление; на 9 комплектов; класс мойки A; 13 л/цикл; 52 дБ; 82x45x54 см], Item [name=Whirlpool ADG 165, price=2997, desciption=Посудомоечная машина, встраиваемая полностью, электронное управление; на 9 комплектов; класс мойки A; 13 л/цикл; 52 дБ; 82x45x54 см], Item [name=Whirlpool ADG 165, price=2997, desciption=Посудомоечная машина, встраиваемая полностью, электронное управление; на 9 комплектов; класс мойки A; 13 л/цикл; 52 дБ; 82x45x54 см], Item [name=Whirlpool ADG 165, price=2997, desciption=Посудомоечная машина, встраиваемая полностью, электронное управление; на 9 комплектов; класс мойки A; 13 л/цикл; 52 дБ; 82x45x54 см], Item [name=Whirlpool ADG 165, price=2997, desciption=Посудомоечная машина, встраиваемая полностью, электронное управление; на 9 комплектов; класс мойки A; 13 л/цикл; 52 дБ; 82x45x54 см], Item [name=Whirlpool ADG 165, price=2997, desciption=Посудомоечная машина, встраиваемая полностью, электронное управление; на 9 комплектов; класс мойки A; 13 л/цикл; 52 дБ; 82x45x54 см], Item [name=Whirlpool ADG 165, price=2997, desciption=Посудомоечная машина, встраиваемая полностью, электронное управление; на 9 комплектов; класс мойки A; 13 л/цикл; 52 дБ; 82x45x54 см], Item [name=Whirlpool ADG 165, price=2997, desciption=Посудомоечная машина, встраиваемая полностью, электронное управление; на 9 комплектов; класс мойки A; 13 л/цикл; 52 дБ; 82x45x54 см], Item [name=Whirlpool ADG 165, price=2997, desciption=Посудомоечная машина, встраиваемая полностью, электронное управление; на 9 комплектов; класс мойки A; 13 л/цикл; 52 дБ; 82x45x54 см], Item [name=Whirlpool ADG 165, price=2997, desciption=Посудомоечная машина, встраиваемая полностью, электронное управление; на 9 комплектов; класс мойки A; 13 л/цикл; 52 дБ; 82x45x54 см], Item [name=Whirlpool ADG 165, price=2997, desciption=Посудомоечная машина, встраиваемая полностью, электронное управление; на 9 комплектов; класс мойки A; 13 л/цикл; 52 дБ; 82x45x54 см], Item [name=BEKO DSFS 6831, price=3263, desciption=Посудомоечная машина, отдельностоящая, электронное управление; на 10 комплектов; класс мойки A; 9 л/цикл; Автоматические программы; белая; 47 дБ; 85x45x57 см], Item [name=BEKO DSFS 6831, price=3263, desciption=Посудомоечная машина, отдельностоящая, электронное управление; на 10 комплектов; класс мойки A; 9 л/цикл; Автоматические программы; белая; 47 дБ; 85x45x57 см], Item [name=BEKO DSFS 6831, price=3263, desciption=Посудомоечная машина, отдельностоящая, электронное управление; на 10 комплектов; класс мойки A; 9 л/цикл; Автоматические программы; белая; 47 дБ; 85x45x57 см], Item [name=BEKO DSFS 6831, price=3263, desciption=Посудомоечная машина, отдельностоящая, электронное управление; на 10 комплектов; класс мойки A; 9 л/цикл; Автоматические программы; белая; 47 дБ; 85x45x57 см], Item [name=BEKO DSFS 6831, price=3263, desciption=Посудомоечная машина, отдельностоящая, электронное управление; на 10 комплектов; класс мойки A; 9 л/цикл; Автоматические программы; белая; 47 дБ; 85x45x57 см], Item [name=BEKO DSFS 6831, price=3263, desciption=Посудомоечная машина, отдельностоящая, электронное управление; на 10 комплектов; класс мойки A; 9 л/цикл; Автоматические программы; белая; 47 дБ; 85x45x57 см], Item [name=BEKO DSFS 6831, price=3263, desciption=Посудомоечная машина, отдельностоящая, электронное управление; на 10 комплектов; класс мойки A; 9 л/цикл; Автоматические программы; белая; 47 дБ; 85x45x57 см], Item [name=BEKO DSFS 6831, price=3263, desciption=Посудомоечная машина, отдельностоящая, электронное управление; на 10 комплектов; класс мойки A; 9 л/цикл; Автоматические программы; белая; 47 дБ; 85x45x57 см], Item [name=BEKO DSFS 6831, price=3263, desciption=Посудомоечная машина, отдельностоящая, электронное управление; на 10 комплектов; класс мойки A; 9 л/цикл; Автоматические программы; белая; 47 дБ; 85x45x57 см], Item [name=BEKO DSFS 6831, price=3263, desciption=Посудомоечная машина, отдельностоящая, электронное управление; на 10 комплектов; класс мойки A; 9 л/цикл; Автоматические программы; белая; 47 дБ; 85x45x57 см], Item [name=BEKO DSFS 6831, price=3263, desciption=Посудомоечная машина, отдельностоящая, электронное управление; на 10 комплектов; класс мойки A; 9 л/цикл; Автоматические программы; белая; 47 дБ; 85x45x57 см], Item [name=BEKO DSFS 6831, price=3263, desciption=Посудомоечная машина, отдельностоящая, электронное управление; на 10 комплектов; класс мойки A; 9 л/цикл; Автоматические программы; белая; 47 дБ; 85x45x57 см], Item [name=BEKO DSFS 6831, price=3263, desciption=Посудомоечная машина, отдельностоящая, электронное управление; на 10 комплектов; класс мойки A; 9 л/цикл; Автоматические программы; белая; 47 дБ; 85x45x57 см], Item [name=BEKO DSFS 6831, price=3263, desciption=Посудомоечная машина, отдельностоящая, электронное управление; на 10 комплектов; класс мойки A; 9 л/цикл; Автоматические программы; белая; 47 дБ; 85x45x57 см], Item [name=BEKO DSFS 6831, price=3263, desciption=Посудомоечная машина, отдельностоящая, электронное управление; на 10 комплектов; класс мойки A; 9 л/цикл; Автоматические программы; белая; 47 дБ; 85x45x57 см], Item [name=BEKO DSFS 6831, price=3263, desciption=Посудомоечная машина, отдельностоящая, электронное управление; на 10 комплектов; класс мойки A; 9 л/цикл; Автоматические программы; белая; 47 дБ; 85x45x57 см], Item [name=BEKO DSFS 6831, price=3263, desciption=Посудомоечная машина, отдельностоящая, электронное управление; на 10 комплектов; класс мойки A; 9 л/цикл; Автоматические программы; белая; 47 дБ; 85x45x57 см], Item [name=BEKO DSFS 6831, price=3263, desciption=Посудомоечная машина, отдельностоящая, электронное управление; на 10 комплектов; класс мойки A; 9 л/цикл; Автоматические программы; белая; 47 дБ; 85x45x57 см], Item [name=BEKO DSFS 6831, price=3263, desciption=Посудомоечная машина, отдельностоящая, электронное управление; на 10 комплектов; класс мойки A; 9 л/цикл; Автоматические программы; белая; 47 дБ; 85x45x57 см], Item [name=BEKO DSFS 6831, price=3263, desciption=Посудомоечная машина, отдельностоящая, электронное управление; на 10 комплектов; класс мойки A; 9 л/цикл; Автоматические программы; белая; 47 дБ; 85x45x57 см], Item [name=Candy CDP 4609, price=2238, desciption=Посудомоечная машина, отдельностоящая, механическое управление; на 9 комплектов; класс мойки A; 13 л/цикл; белая; 54 дБ; 85x45x60 см], Item [name=Candy CDP 4609, price=2238, desciption=Посудомоечная машина, отдельностоящая, механическое управление; на 9 комплектов; класс мойки A; 13 л/цикл; белая; 54 дБ; 85x45x60 см], Item [name=Candy CDP 4609, price=2238, desciption=Посудомоечная машина, отдельностоящая, механическое управление; на 9 комплектов; класс мойки A; 13 л/цикл; белая; 54 дБ; 85x45x60 см], Item [name=Candy CDP 4609, price=2238, desciption=Посудомоечная машина, отдельностоящая, механическое управление; на 9 комплектов; класс мойки A; 13 л/цикл; белая; 54 дБ; 85x45x60 см], Item [name=Candy CDP 4609, price=2238, desciption=Посудомоечная машина, отдельностоящая, механическое управление; на 9 комплектов; класс мойки A; 13 л/цикл; белая; 54 дБ; 85x45x60 см], Item [name=Candy CDP 4609, price=2238, desciption=Посудомоечная машина, отдельностоящая, механическое управление; на 9 комплектов; класс мойки A; 13 л/цикл; белая; 54 дБ; 85x45x60 см], Item [name=Candy CDP 4609, price=2238, desciption=Посудомоечная машина, отдельностоящая, механическое управление; на 9 комплектов; класс мойки A; 13 л/цикл; белая; 54 дБ; 85x45x60 см], Item [name=Candy CDP 4609, price=2238, desciption=Посудомоечная машина, отдельностоящая, механическое управление; на 9 комплектов; класс мойки A; 13 л/цикл; белая; 54 дБ; 85x45x60 см], Item [name=Candy CDP 4609, price=2238, desciption=Посудомоечная машина, отдельностоящая, механическое управление; на 9 комплектов; класс мойки A; 13 л/цикл; белая; 54 дБ; 85x45x60 см], Item [name=Candy CDP 4609, price=2238, desciption=Посудомоечная машина, отдельностоящая, механическое управление; на 9 комплектов; класс мойки A; 13 л/цикл; белая; 54 дБ; 85x45x60 см], Item [name=Candy CDP 4609, price=2238, desciption=Посудомоечная машина, отдельностоящая, механическое управление; на 9 комплектов; класс мойки A; 13 л/цикл; белая; 54 дБ; 85x45x60 см], Item [name=Candy CDP 4609, price=2238, desciption=Посудомоечная машина, отдельностоящая, механическое управление; на 9 комплектов; класс мойки A; 13 л/цикл; белая; 54 дБ; 85x45x60 см], Item [name=Candy CDP 4609, price=2238, desciption=Посудомоечная машина, отдельностоящая, механическое управление; на 9 комплектов; класс мойки A; 13 л/цикл; белая; 54 дБ; 85x45x60 см], Item [name=Candy CDP 4609, price=2238, desciption=Посудомоечная машина, отдельностоящая, механическое управление; на 9 комплектов; класс мойки A; 13 л/цикл; белая; 54 дБ; 85x45x60 см], Item [name=Candy CDP 4609, price=2238, desciption=Посудомоечная машина, отдельностоящая, механическое управление; на 9 комплектов; класс мойки A; 13 л/цикл; белая; 54 дБ; 85x45x60 см], Item [name=Candy CDP 4609, price=2238, desciption=Посудомоечная машина, отдельностоящая, механическое управление; на 9 комплектов; класс мойки A; 13 л/цикл; белая; 54 дБ; 85x45x60 см], Item [name=Candy CDP 4609, price=2238, desciption=Посудомоечная машина, отдельностоящая, механическое управление; на 9 комплектов; класс мойки A; 13 л/цикл; белая; 54 дБ; 85x45x60 см], Item [name=Candy CDP 4609, price=2238, desciption=Посудомоечная машина, отдельностоящая, механическое управление; на 9 комплектов; класс мойки A; 13 л/цикл; белая; 54 дБ; 85x45x60 см], Item [name=Candy CDP 4609, price=2238, desciption=Посудомоечная машина, отдельностоящая, механическое управление; на 9 комплектов; класс мойки A; 13 л/цикл; белая; 54 дБ; 85x45x60 см], Item [name=Candy CDP 4609, price=2238, desciption=Посудомоечная машина, отдельностоящая, механическое управление; на 9 комплектов; класс мойки A; 13 л/цикл; белая; 54 дБ; 85x45x60 см], Item [name=Indesit DIFP 48, price=2892, desciption=Посудомоечная машина, встраиваемая полностью, электронное управление; на 12 комплектов; класс мойки A; 14 л/цикл; белая; 47 дБ; 82x59.5x57 см], Item [name=Indesit DIFP 48, price=2892, desciption=Посудомоечная машина, встраиваемая полностью, электронное управление; на 12 комплектов; класс мойки A; 14 л/цикл; белая; 47 дБ; 82x59.5x57 см], Item [name=Indesit DIFP 48, price=2892, desciption=Посудомоечная машина, встраиваемая полностью, электронное управление; на 12 комплектов; класс мойки A; 14 л/цикл; белая; 47 дБ; 82x59.5x57 см], Item [name=Indesit DIFP 48, price=2892, desciption=Посудомоечная машина, встраиваемая полностью, электронное управление; на 12 комплектов; класс мойки A; 14 л/цикл; белая; 47 дБ; 82x59.5x57 см], Item [name=Indesit DIFP 48, price=2892, desciption=Посудомоечная машина, встраиваемая полностью, электронное управление; на 12 комплектов; класс мойки A; 14 л/цикл; белая; 47 дБ; 82x59.5x57 см], Item [name=Indesit DIFP 48, price=2892, desciption=Посудомоечная машина, встраиваемая полностью, электронное управление; на 12 комплектов; класс мойки A; 14 л/цикл; белая; 47 дБ; 82x59.5x57 см], Item [name=Indesit DIFP 48, price=2892, desciption=Посудомоечная машина, встраиваемая полностью, электронное управление; на 12 комплектов; класс мойки A; 14 л/цикл; белая; 47 дБ; 82x59.5x57 см], Item [name=Indesit DIFP 48, price=2892, desciption=Посудомоечная машина, встраиваемая полностью, электронное управление; на 12 комплектов; класс мойки A; 14 л/цикл; белая; 47 дБ; 82x59.5x57 см], Item [name=Indesit DIFP 48, price=2892, desciption=Посудомоечная машина, встраиваемая полностью, электронное управление; на 12 комплектов; класс мойки A; 14 л/цикл; белая; 47 дБ; 82x59.5x57 см], Item [name=Indesit DIFP 48, price=2892, desciption=Посудомоечная машина, встраиваемая полностью, электронное управление; на 12 комплектов; класс мойки A; 14 л/цикл; белая; 47 дБ; 82x59.5x57 см], Item [name=Indesit DIFP 48, price=2892, desciption=Посудомоечная машина, встраиваемая полностью, электронное управление; на 12 комплектов; класс мойки A; 14 л/цикл; белая; 47 дБ; 82x59.5x57 см], Item [name=Indesit DIFP 48, price=2892, desciption=Посудомоечная машина, встраиваемая полностью, электронное управление; на 12 комплектов; класс мойки A; 14 л/цикл; белая; 47 дБ; 82x59.5x57 см], Item [name=Indesit DIFP 48, price=2892, desciption=Посудомоечная машина, встраиваемая полностью, электронное управление; на 12 комплектов; класс мойки A; 14 л/цикл; белая; 47 дБ; 82x59.5x57 см], Item [name=Indesit DIFP 48, price=2892, desciption=Посудомоечная машина, встраиваемая полностью, электронное управление; на 12 комплектов; класс мойки A; 14 л/цикл; белая; 47 дБ; 82x59.5x57 см], Item [name=Indesit DIFP 48, price=2892, desciption=Посудомоечная машина, встраиваемая полностью, электронное управление; на 12 комплектов; класс мойки A; 14 л/цикл; белая; 47 дБ; 82x59.5x57 см], Item [name=Indesit DIFP 48, price=2892, desciption=Посудомоечная машина, встраиваемая полностью, электронное управление; на 12 комплектов; класс мойки A; 14 л/цикл; белая; 47 дБ; 82x59.5x57 см], Item [name=Indesit DIFP 48, price=2892, desciption=Посудомоечная машина, встраиваемая полностью, электронное управление; на 12 комплектов; класс мойки A; 14 л/цикл; белая; 47 дБ; 82x59.5x57 см], Item [name=Indesit DIFP 48, price=2892, desciption=Посудомоечная машина, встраиваемая полностью, электронное управление; на 12 комплектов; класс мойки A; 14 л/цикл; белая; 47 дБ; 82x59.5x57 см], Item [name=Indesit DIFP 48, price=2892, desciption=Посудомоечная машина, встраиваемая полностью, электронное управление; на 12 комплектов; класс мойки A; 14 л/цикл; белая; 47 дБ; 82x59.5x57 см], Item [name=Indesit DIFP 48, price=2892, desciption=Посудомоечная машина, встраиваемая полностью, электронное управление; на 12 комплектов; класс мойки A; 14 л/цикл; белая; 47 дБ; 82x59.5x57 см], Item [name=Bosch SMS 50D12, price=3508, desciption=Посудомоечная машина, отдельностоящая, электронное управление; на 12 комплектов; класс мойки A; 14 л/цикл; Автоматические программы; белая; 52 дБ; 84.5x60x60 см], Item [name=Bosch SMS 50D12, price=3508, desciption=Посудомоечная машина, отдельностоящая, электронное управление; на 12 комплектов; класс мойки A; 14 л/цикл; Автоматические программы; белая; 52 дБ; 84.5x60x60 см], Item [name=Bosch SMS 50D12, price=3508, desciption=Посудомоечная машина, отдельностоящая, электронное управление; на 12 комплектов; класс мойки A; 14 л/цикл; Автоматические программы; белая; 52 дБ; 84.5x60x60 см], Item [name=Bosch SMS 50D12, price=3508, desciption=Посудомоечная машина, отдельностоящая, электронное управление; на 12 комплектов; класс мойки A; 14 л/цикл; Автоматические программы; белая; 52 дБ; 84.5x60x60 см], Item [name=Bosch SMS 50D12, price=3508, desciption=Посудомоечная машина, отдельностоящая, электронное управление; на 12 комплектов; класс мойки A; 14 л/цикл; Автоматические программы; белая; 52 дБ; 84.5x60x60 см], Item [name=Bosch SMS 50D12, price=3508, desciption=Посудомоечная машина, отдельностоящая, электронное управление; на 12 комплектов; класс мойки A; 14 л/цикл; Автоматические программы; белая; 52 дБ; 84.5x60x60 см], Item [name=Bosch SMS 50D12, price=3508, desciption=Посудомоечная машина, отдельностоящая, электронное управление; на 12 комплектов; класс мойки A; 14 л/цикл; Автоматические программы; белая; 52 дБ; 84.5x60x60 см], Item [name=Bosch SMS 50D12, price=3508, desciption=Посудомоечная машина, отдельностоящая, электронное управление; на 12 комплектов; класс мойки A; 14 л/цикл; Автоматические программы; белая; 52 дБ; 84.5x60x60 см], Item [name=Bosch SMS 50D12, price=3508, desciption=Посудомоечная машина, отдельностоящая, электронное управление; на 12 комплектов; класс мойки A; 14 л/цикл; Автоматические программы; белая; 52 дБ; 84.5x60x60 см], Item [name=Bosch SMS 50D12, price=3508, desciption=Посудомоечная машина, отдельностоящая, электронное управление; на 12 комплектов; класс мойки A; 14 л/цикл; Автоматические программы; белая; 52 дБ; 84.5x60x60 см], Item [name=Bosch SMS 50D12, price=3508, desciption=Посудомоечная машина, отдельностоящая, электронное управление; на 12 комплектов; класс мойки A; 14 л/цикл; Автоматические программы; белая; 52 дБ; 84.5x60x60 см], Item [name=Bosch SMS 50D12, price=3508, desciption=Посудомоечная машина, отдельностоящая, электронное управление; на 12 комплектов; класс мойки A; 14 л/цикл; Автоматические программы; белая; 52 дБ; 84.5x60x60 см], Item [name=Bosch SMS 50D12, price=3508, desciption=Посудомоечная машина, отдельностоящая, электронное управление; на 12 комплектов; класс мойки A; 14 л/цикл; Автоматические программы; белая; 52 дБ; 84.5x60x60 см], Item [name=Bosch SMS 50D12, price=3508, desciption=Посудомоечная машина, отдельностоящая, электронное управление; на 12 комплектов; класс мойки A; 14 л/цикл; Автоматические программы; белая; 52 дБ; 84.5x60x60 см], Item [name=Bosch SMS 50D12, price=3508, desciption=Посудомоечная машина, отдельностоящая, электронное управление; на 12 комплектов; класс мойки A; 14 л/цикл; Автоматические программы; белая; 52 дБ; 84.5x60x60 см], Item [name=Bosch SMS 50D12, price=3508, desciption=Посудомоечная машина, отдельностоящая, электронное управление; на 12 комплектов; класс мойки A; 14 л/цикл; Автоматические программы; белая; 52 дБ; 84.5x60x60 см], Item [name=Bosch SMS 50D12, price=3508, desciption=Посудомоечная машина, отдельностоящая, электронное управление; на 12 комплектов; класс мойки A; 14 л/цикл; Автоматические программы; белая; 52 дБ; 84.5x60x60 см], Item [name=Bosch SMS 50D12, price=3508, desciption=Посудомоечная машина, отдельностоящая, электронное управление; на 12 комплектов; класс мойки A; 14 л/цикл; Автоматические программы; белая; 52 дБ; 84.5x60x60 см], Item [name=Bosch SMS 50D12, price=3508, desciption=Посудомоечная машина, отдельностоящая, электронное управление; на 12 комплектов; класс мойки A; 14 л/цикл; Автоматические программы; белая; 52 дБ; 84.5x60x60 см], Item [name=Bosch SMS 50D12, price=3508, desciption=Посудомоечная машина, отдельностоящая, электронное управление; на 12 комплектов; класс мойки A; 14 л/цикл; Автоматические программы; белая; 52 дБ; 84.5x60x60 см], Item [name=Hansa ZIM 436 EH, price=3646, desciption=Посудомоечная машина, встраиваемая полностью, электронное управление; на 10 комплектов; класс мойки A; 9 л/цикл; Автоматические программы; 47 дБ; 81.5x44.8x57 см], Item [name=Hansa ZIM 436 EH, price=3646, desciption=Посудомоечная машина, встраиваемая полностью, электронное управление; на 10 комплектов; класс мойки A; 9 л/цикл; Автоматические программы; 47 дБ; 81.5x44.8x57 см], Item [name=Hansa ZIM 436 EH, price=3646, desciption=Посудомоечная машина, встраиваемая полностью, электронное управление; на 10 комплектов; класс мойки A; 9 л/цикл; Автоматические программы; 47 дБ; 81.5x44.8x57 см], Item [name=Hansa ZIM 436 EH, price=3646, desciption=Посудомоечная машина, встраиваемая полностью, электронное управление; на 10 комплектов; класс мойки A; 9 л/цикл; Автоматические программы; 47 дБ; 81.5x44.8x57 см], Item [name=Hansa ZIM 436 EH, price=3646, desciption=Посудомоечная машина, встраиваемая полностью, электронное управление; на 10 комплектов; класс мойки A; 9 л/цикл; Автоматические программы; 47 дБ; 81.5x44.8x57 см], Item [name=Hansa ZIM 436 EH, price=3646, desciption=Посудомоечная машина, встраиваемая полностью, электронное управление; на 10 комплектов; класс мойки A; 9 л/цикл; Автоматические программы; 47 дБ; 81.5x44.8x57 см], Item [name=Hansa ZIM 436 EH, price=3646, desciption=Посудомоечная машина, встраиваемая полностью, электронное управление; на 10 комплектов; класс мойки A; 9 л/цикл; Автоматические программы; 47 дБ; 81.5x44.8x57 см], Item [name=Hansa ZIM 436 EH, price=3646, desciption=Посудомоечная машина, встраиваемая полностью, электронное управление; на 10 комплектов; класс мойки A; 9 л/цикл; Автоматические программы; 47 дБ; 81.5x44.8x57 см], Item [name=Hansa ZIM 436 EH, price=3646, desciption=Посудомоечная машина, встраиваемая полностью, электронное управление; на 10 комплектов; класс мойки A; 9 л/цикл; Автоматические программы; 47 дБ; 81.5x44.8x57 см], Item [name=Hansa ZIM 436 EH, price=3646, desciption=Посудомоечная машина, встраиваемая полностью, электронное управление; на 10 комплектов; класс мойки A; 9 л/цикл; Автоматические программы; 47 дБ; 81.5x44.8x57 см], Item [name=Hansa ZIM 436 EH, price=3646, desciption=Посудомоечная машина, встраиваемая полностью, электронное управление; на 10 комплектов; класс мойки A; 9 л/цикл; Автоматические программы; 47 дБ; 81.5x44.8x57 см], Item [name=Hansa ZIM 436 EH, price=3646, desciption=Посудомоечная машина, встраиваемая полностью, электронное управление; на 10 комплектов; класс мойки A; 9 л/цикл; Автоматические программы; 47 дБ; 81.5x44.8x57 см], Item [name=Hansa ZIM 436 EH, price=3646, desciption=Посудомоечная машина, встраиваемая полностью, электронное управление; на 10 комплектов; класс мойки A; 9 л/цикл; Автоматические программы; 47 дБ; 81.5x44.8x57 см], Item [name=Hansa ZIM 436 EH, price=3646, desciption=Посудомоечная машина, встраиваемая полностью, электронное управление; на 10 комплектов; класс мойки A; 9 л/цикл; Автоматические программы; 47 дБ; 81.5x44.8x57 см], Item [name=Hansa ZIM 436 EH, price=3646, desciption=Посудомоечная машина, встраиваемая полностью, электронное управление; на 10 комплектов; класс мойки A; 9 л/цикл; Автоматические программы; 47 дБ; 81.5x44.8x57 см], Item [name=Hansa ZIM 436 EH, price=3646, desciption=Посудомоечная машина, встраиваемая полностью, электронное управление; на 10 комплектов; класс мойки A; 9 л/цикл; Автоматические программы; 47 дБ; 81.5x44.8x57 см], Item [name=Hansa ZIM 436 EH, price=3646, desciption=Посудомоечная машина, встраиваемая полностью, электронное управление; на 10 комплектов; класс мойки A; 9 л/цикл; Автоматические программы; 47 дБ; 81.5x44.8x57 см], Item [name=Hansa ZIM 436 EH, price=3646, desciption=Посудомоечная машина, встраиваемая полностью, электронное управление; на 10 комплектов; класс мойки A; 9 л/цикл; Автоматические программы; 47 дБ; 81.5x44.8x57 см], Item [name=Hansa ZIM 436 EH, price=3646, desciption=Посудомоечная машина, встраиваемая полностью, электронное управление; на 10 комплектов; класс мойки A; 9 л/цикл; Автоматические программы; 47 дБ; 81.5x44.8x57 см], Item [name=Hansa ZIM 436 EH, price=3646, desciption=Посудомоечная машина, встраиваемая полностью, электронное управление; на 10 комплектов; класс мойки A; 9 л/цикл; Автоматические программы; 47 дБ; 81.5x44.8x57 см], Item [name=Hotpoint-Ariston LFT 114 HA, price=3241, desciption=Посудомоечная машина, встраиваемая полностью, электронное управление; на 12 комплектов; класс мойки A; 14 л/цикл; 82x60x57 см], Item [name=Hotpoint-Ariston LFT 114 HA, price=3241, desciption=Посудомоечная машина, встраиваемая полностью, электронное управление; на 12 комплектов; класс мойки A; 14 л/цикл; 82x60x57 см], Item [name=Hotpoint-Ariston LFT 114 HA, price=3241, desciption=Посудомоечная машина, встраиваемая полностью, электронное управление; на 12 комплектов; класс мойки A; 14 л/цикл; 82x60x57 см], Item [name=Hotpoint-Ariston LFT 114 HA, price=3241, desciption=Посудомоечная машина, встраиваемая полностью, электронное управление; на 12 комплектов; класс мойки A; 14 л/цикл; 82x60x57 см], Item [name=Hotpoint-Ariston LFT 114 HA, price=3241, desciption=Посудомоечная машина, встраиваемая полностью, электронное управление; на 12 комплектов; класс мойки A; 14 л/цикл; 82x60x57 см], Item [name=Hotpoint-Ariston LFT 114 HA, price=3241, desciption=Посудомоечная машина, встраиваемая полностью, электронное управление; на 12 комплектов; класс мойки A; 14 л/цикл; 82x60x57 см], Item [name=Hotpoint-Ariston LFT 114 HA, price=3241, desciption=Посудомоечная машина, встраиваемая полностью, электронное управление; на 12 комплектов; класс мойки A; 14 л/цикл; 82x60x57 см], Item [name=Hotpoint-Ariston LFT 114 HA, price=3241, desciption=Посудомоечная машина, встраиваемая полностью, электронное управление; на 12 комплектов; класс мойки A; 14 л/цикл; 82x60x57 см], Item [name=Hotpoint-Ariston LFT 114 HA, price=3241, desciption=Посудомоечная машина, встраиваемая полностью, электронное управление; на 12 комплектов; класс мойки A; 14 л/цикл; 82x60x57 см], Item [name=Hotpoint-Ariston LFT 114 HA, price=3241, desciption=Посудомоечная машина, встраиваемая полностью, электронное управление; на 12 комплектов; класс мойки A; 14 л/цикл; 82x60x57 см], Item [name=Hotpoint-Ariston LFT 114 HA, price=3241, desciption=Посудомоечная машина, встраиваемая полностью, электронное управление; на 12 комплектов; класс мойки A; 14 л/цикл; 82x60x57 см], Item [name=Hotpoint-Ariston LFT 114 HA, price=3241, desciption=Посудомоечная машина, встраиваемая полностью, электронное управление; на 12 комплектов; класс мойки A; 14 л/цикл; 82x60x57 см], Item [name=Hotpoint-Ariston LFT 114 HA, price=3241, desciption=Посудомоечная машина, встраиваемая полностью, электронное управление; на 12 комплектов; класс мойки A; 14 л/цикл; 82x60x57 см], Item [name=Hotpoint-Ariston LFT 114 HA, price=3241, desciption=Посудомоечная машина, встраиваемая полностью, электронное управление; на 12 комплектов; класс мойки A; 14 л/цикл; 82x60x57 см], Item [name=Hotpoint-Ariston LFT 114 HA, price=3241, desciption=Посудомоечная машина, встраиваемая полностью, электронное управление; на 12 комплектов; класс мойки A; 14 л/цикл; 82x60x57 см], Item [name=Hotpoint-Ariston LFT 114 HA, price=3241, desciption=Посудомоечная машина, встраиваемая полностью, электронное управление; на 12 комплектов; класс мойки A; 14 л/цикл; 82x60x57 см], Item [name=Hotpoint-Ariston LFT 114 HA, price=3241, desciption=Посудомоечная машина, встраиваемая полностью, электронное управление; на 12 комплектов; класс мойки A; 14 л/цикл; 82x60x57 см], Item [name=Hotpoint-Ariston LFT 114 HA, price=3241, desciption=Посудомоечная машина, встраиваемая полностью, электронное управление; на 12 комплектов; класс мойки A; 14 л/цикл; 82x60x57 см], Item [name=Hotpoint-Ariston LFT 114 HA, price=3241, desciption=Посудомоечная машина, встраиваемая полностью, электронное управление; на 12 комплектов; класс мойки A; 14 л/цикл; 82x60x57 см], Item [name=Hotpoint-Ariston LFT 114 HA, price=3241, desciption=Посудомоечная машина, встраиваемая полностью, электронное управление; на 12 комплектов; класс мойки A; 14 л/цикл; 82x60x57 см], Item [name=Bosch SKS 50E12, price=3897, desciption=Посудомоечная машина, отдельностоящая; на 6 комплектов; класс мойки A; 7 л/цикл; белая; 52 дБ; 45x55.1x50 см], Item [name=Bosch SKS 50E12, price=3897, desciption=Посудомоечная машина, отдельностоящая; на 6 комплектов; класс мойки A; 7 л/цикл; белая; 52 дБ; 45x55.1x50 см], Item [name=Bosch SKS 50E12, price=3897, desciption=Посудомоечная машина, отдельностоящая; на 6 комплектов; класс мойки A; 7 л/цикл; белая; 52 дБ; 45x55.1x50 см], Item [name=Bosch SKS 50E12, price=3897, desciption=Посудомоечная машина, отдельностоящая; на 6 комплектов; класс мойки A; 7 л/цикл; белая; 52 дБ; 45x55.1x50 см], Item [name=Bosch SKS 50E12, price=3897, desciption=Посудомоечная машина, отдельностоящая; на 6 комплектов; класс мойки A; 7 л/цикл; белая; 52 дБ; 45x55.1x50 см], Item [name=Bosch SKS 50E12, price=3897, desciption=Посудомоечная машина, отдельностоящая; на 6 комплектов; класс мойки A; 7 л/цикл; белая; 52 дБ; 45x55.1x50 см], Item [name=Bosch SKS 50E12, price=3897, desciption=Посудомоечная машина, отдельностоящая; на 6 комплектов; класс мойки A; 7 л/цикл; белая; 52 дБ; 45x55.1x50 см], Item [name=Bosch SKS 50E12, price=3897, desciption=Посудомоечная машина, отдельностоящая; на 6 комплектов; класс мойки A; 7 л/цикл; белая; 52 дБ; 45x55.1x50 см], Item [name=Bosch SKS 50E12, price=3897, desciption=Посудомоечная машина, отдельностоящая; на 6 комплектов; класс мойки A; 7 л/цикл; белая; 52 дБ; 45x55.1x50 см], Item [name=Bosch SKS 50E12, price=3897, desciption=Посудомоечная машина, отдельностоящая; на 6 комплектов; класс мойки A; 7 л/цикл; белая; 52 дБ; 45x55.1x50 см], Item [name=Bosch SKS 50E12, price=3897, desciption=Посудомоечная машина, отдельностоящая; на 6 комплектов; класс мойки A; 7 л/цикл; белая; 52 дБ; 45x55.1x50 см], Item [name=Bosch SKS 50E12, price=3897, desciption=Посудомоечная машина, отдельностоящая; на 6 комплектов; класс мойки A; 7 л/цикл; белая; 52 дБ; 45x55.1x50 см], Item [name=Bosch SKS 50E12, price=3897, desciption=Посудомоечная машина, отдельностоящая; на 6 комплектов; класс мойки A; 7 л/цикл; белая; 52 дБ; 45x55.1x50 см], Item [name=Bosch SKS 50E12, price=3897, desciption=Посудомоечная машина, отдельностоящая; на 6 комплектов; класс мойки A; 7 л/цикл; белая; 52 дБ; 45x55.1x50 см], Item [name=Bosch SKS 50E12, price=3897, desciption=Посудомоечная машина, отдельностоящая; на 6 комплектов; класс мойки A; 7 л/цикл; белая; 52 дБ; 45x55.1x50 см], Item [name=Bosch SKS 50E12, price=3897, desciption=Посудомоечная машина, отдельностоящая; на 6 комплектов; класс мойки A; 7 л/цикл; белая; 52 дБ; 45x55.1x50 см], Item [name=Bosch SKS 50E12, price=3897, desciption=Посудомоечная машина, отдельностоящая; на 6 комплектов; класс мойки A; 7 л/цикл; белая; 52 дБ; 45x55.1x50 см], Item [name=Bosch SKS 50E12, price=3897, desciption=Посудомоечная машина, отдельностоящая; на 6 комплектов; класс мойки A; 7 л/цикл; белая; 52 дБ; 45x55.1x50 см], Item [name=Bosch SKS 50E12, price=3897, desciption=Посудомоечная машина, отдельностоящая; на 6 комплектов; класс мойки A; 7 л/цикл; белая; 52 дБ; 45x55.1x50 см], Item [name=Bosch SKS 50E12, price=3897, desciption=Посудомоечная машина, отдельностоящая; на 6 комплектов; класс мойки A; 7 л/цикл; белая; 52 дБ; 45x55.1x50 см], Item [name=AEG F 88419 M, price=4482, desciption=Посудомоечная машина, отдельностоящая, электронное управление; на 9 комплектов; класс мойки A; 9 л/цикл; Автоматические программы; серебристая; 41 дБ; 85x45x62 см], Item [name=AEG F 88419 M, price=4482, desciption=Посудомоечная машина, отдельностоящая, электронное управление; на 9 комплектов; класс мойки A; 9 л/цикл; Автоматические программы; серебристая; 41 дБ; 85x45x62 см], Item [name=AEG F 88419 M, price=4482, desciption=Посудомоечная машина, отдельностоящая, электронное управление; на 9 комплектов; класс мойки A; 9 л/цикл; Автоматические программы; серебристая; 41 дБ; 85x45x62 см], Item [name=AEG F 88419 M, price=4482, desciption=Посудомоечная машина, отдельностоящая, электронное управление; на 9 комплектов; класс мойки A; 9 л/цикл; Автоматические программы; серебристая; 41 дБ; 85x45x62 см], Item [name=AEG F 88419 M, price=4482, desciption=Посудомоечная машина, отдельностоящая, электронное управление; на 9 комплектов; класс мойки A; 9 л/цикл; Автоматические программы; серебристая; 41 дБ; 85x45x62 см], Item [name=AEG F 88419 M, price=4482, desciption=Посудомоечная машина, отдельностоящая, электронное управление; на 9 комплектов; класс мойки A; 9 л/цикл; Автоматические программы; серебристая; 41 дБ; 85x45x62 см], Item [name=AEG F 88419 M, price=4482, desciption=Посудомоечная машина, отдельностоящая, электронное управление; на 9 комплектов; класс мойки A; 9 л/цикл; Автоматические программы; серебристая; 41 дБ; 85x45x62 см], Item [name=AEG F 88419 M, price=4482, desciption=Посудомоечная машина, отдельностоящая, электронное управление; на 9 комплектов; класс мойки A; 9 л/цикл; Автоматические программы; серебристая; 41 дБ; 85x45x62 см], Item [name=AEG F 88419 M, price=4482, desciption=Посудомоечная машина, отдельностоящая, электронное управление; на 9 комплектов; класс мойки A; 9 л/цикл; Автоматические программы; серебристая; 41 дБ; 85x45x62 см], Item [name=AEG F 88419 M, price=4482, desciption=Посудомоечная машина, отдельностоящая, электронное управление; на 9 комплектов; класс мойки A; 9 л/цикл; Автоматические программы; серебристая; 41 дБ; 85x45x62 см], Item [name=AEG F 88419 M, price=4482, desciption=Посудомоечная машина, отдельностоящая, электронное управление; на 9 комплектов; класс мойки A; 9 л/цикл; Автоматические программы; серебристая; 41 дБ; 85x45x62 см], Item [name=AEG F 88419 M, price=4482, desciption=Посудомоечная машина, отдельностоящая, электронное управление; на 9 комплектов; класс мойки A; 9 л/цикл; Автоматические программы; серебристая; 41 дБ; 85x45x62 см], Item [name=AEG F 88419 M, price=4482, desciption=Посудомоечная машина, отдельностоящая, электронное управление; на 9 комплектов; класс мойки A; 9 л/цикл; Автоматические программы; серебристая; 41 дБ; 85x45x62 см], Item [name=AEG F 88419 M, price=4482, desciption=Посудомоечная машина, отдельностоящая, электронное управление; на 9 комплектов; класс мойки A; 9 л/цикл; Автоматические программы; серебристая; 41 дБ; 85x45x62 см], Item [name=AEG F 88419 M, price=4482, desciption=Посудомоечная машина, отдельностоящая, электронное управление; на 9 комплектов; класс мойки A; 9 л/цикл; Автоматические программы; серебристая; 41 дБ; 85x45x62 см], Item [name=AEG F 88419 M, price=4482, desciption=Посудомоечная машина, отдельностоящая, электронное управление; на 9 комплектов; класс мойки A; 9 л/цикл; Автоматические программы; серебристая; 41 дБ; 85x45x62 см], Item [name=AEG F 88419 M, price=4482, desciption=Посудомоечная машина, отдельностоящая, электронное управление; на 9 комплектов; класс мойки A; 9 л/цикл; Автоматические программы; серебристая; 41 дБ; 85x45x62 см], Item [name=AEG F 88419 M, price=4482, desciption=Посудомоечная машина, отдельностоящая, электронное управление; на 9 комплектов; класс мойки A; 9 л/цикл; Автоматические программы; серебристая; 41 дБ; 85x45x62 см], Item [name=AEG F 88419 M, price=4482, desciption=Посудомоечная машина, отдельностоящая, электронное управление; на 9 комплектов; класс мойки A; 9 л/цикл; Автоматические программы; серебристая; 41 дБ; 85x45x62 см], Item [name=AEG F 88419 M, price=4482, desciption=Посудомоечная машина, отдельностоящая, электронное управление; на 9 комплектов; класс мойки A; 9 л/цикл; Автоматические программы; серебристая; 41 дБ; 85x45x62 см], Item [name=Bosch SGI 53E75, price=4117, desciption=Посудомоечная машина, встраиваемая, с наружной панелью, механическое управление; на 12 комплектов; класс мойки A; 13 л/цикл; серебристая; 49 дБ; 82x60x57 см], Item [name=Bosch SGI 53E75, price=4117, desciption=Посудомоечная машина, встраиваемая, с наружной панелью, механическое управление; на 12 комплектов; класс мойки A; 13 л/цикл; серебристая; 49 дБ; 82x60x57 см], Item [name=Bosch SGI 53E75, price=4117, desciption=Посудомоечная машина, встраиваемая, с наружной панелью, механическое управление; на 12 комплектов; класс мойки A; 13 л/цикл; серебристая; 49 дБ; 82x60x57 см], Item [name=Bosch SGI 53E75, price=4117, desciption=Посудомоечная машина, встраиваемая, с наружной панелью, механическое управление; на 12 комплектов; класс мойки A; 13 л/цикл; серебристая; 49 дБ; 82x60x57 см], Item [name=Bosch SGI 53E75, price=4117, desciption=Посудомоечная машина, встраиваемая, с наружной панелью, механическое управление; на 12 комплектов; класс мойки A; 13 л/цикл; серебристая; 49 дБ; 82x60x57 см], Item [name=Bosch SGI 53E75, price=4117, desciption=Посудомоечная машина, встраиваемая, с наружной панелью, механическое управление; на 12 комплектов; класс мойки A; 13 л/цикл; серебристая; 49 дБ; 82x60x57 см], Item [name=Bosch SGI 53E75, price=4117, desciption=Посудомоечная машина, встраиваемая, с наружной панелью, механическое управление; на 12 комплектов; класс мойки A; 13 л/цикл; серебристая; 49 дБ; 82x60x57 см], Item [name=Bosch SGI 53E75, price=4117, desciption=Посудомоечная машина, встраиваемая, с наружной панелью, механическое управление; на 12 комплектов; класс мойки A; 13 л/цикл; серебристая; 49 дБ; 82x60x57 см], Item [name=Bosch SGI 53E75, price=4117, desciption=Посудомоечная машина, встраиваемая, с наружной панелью, механическое управление; на 12 комплектов; класс мойки A; 13 л/цикл; серебристая; 49 дБ; 82x60x57 см], Item [name=Bosch SGI 53E75, price=4117, desciption=Посудомоечная машина, встраиваемая, с наружной панелью, механическое управление; на 12 комплектов; класс мойки A; 13 л/цикл; серебристая; 49 дБ; 82x60x57 см], Item [name=Bosch SGI 53E75, price=4117, desciption=Посудомоечная машина, встраиваемая, с наружной панелью, механическое управление; на 12 комплектов; класс мойки A; 13 л/цикл; серебристая; 49 дБ; 82x60x57 см], Item [name=Bosch SGI 53E75, price=4117, desciption=Посудомоечная машина, встраиваемая, с наружной панелью, механическое управление; на 12 комплектов; класс мойки A; 13 л/цикл; серебристая; 49 дБ; 82x60x57 см], Item [name=Bosch SGI 53E75, price=4117, desciption=Посудомоечная машина, встраиваемая, с наружной панелью, механическое управление; на 12 комплектов; класс мойки A; 13 л/цикл; серебристая; 49 дБ; 82x60x57 см], Item [name=Bosch SGI 53E75, price=4117, desciption=Посудомоечная машина, встраиваемая, с наружной панелью, механическое управление; на 12 комплектов; класс мойки A; 13 л/цикл; серебристая; 49 дБ; 82x60x57 см], Item [name=Bosch SGI 53E75, price=4117, desciption=Посудомоечная машина, встраиваемая, с наружной панелью, механическое управление; на 12 комплектов; класс мойки A; 13 л/цикл; серебристая; 49 дБ; 82x60x57 см], Item [name=Bosch SGI 53E75, price=4117, desciption=Посудомоечная машина, встраиваемая, с наружной панелью, механическое управление; на 12 комплектов; класс мойки A; 13 л/цикл; серебристая; 49 дБ; 82x60x57 см], Item [name=Bosch SGI 53E75, price=4117, desciption=Посудомоечная машина, встраиваемая, с наружной панелью, механическое управление; на 12 комплектов; класс мойки A; 13 л/цикл; серебристая; 49 дБ; 82x60x57 см], Item [name=Bosch SGI 53E75, price=4117, desciption=Посудомоечная машина, встраиваемая, с наружной панелью, механическое управление; на 12 комплектов; класс мойки A; 13 л/цикл; серебристая; 49 дБ; 82x60x57 см], Item [name=Bosch SGI 53E75, price=4117, desciption=Посудомоечная машина, встраиваемая, с наружной панелью, механическое управление; на 12 комплектов; класс мойки A; 13 л/цикл; серебристая; 49 дБ; 82x60x57 см], Item [name=Bosch SGI 53E75, price=4117, desciption=Посудомоечная машина, встраиваемая, с наружной панелью, механическое управление; на 12 комплектов; класс мойки A; 13 л/цикл; серебристая; 49 дБ; 82x60x57 см], Item [name=Bosch SMV 59U00, price=8489, desciption=Посудомоечная машина, встраиваемая полностью, электронное управление; на 13 комплектов; класс мойки A; 9 л/цикл; Автоматические программы; 44 дБ; 81.5x59.8x55 см], Item [name=Bosch SMV 59U00, price=8489, desciption=Посудомоечная машина, встраиваемая полностью, электронное управление; на 13 комплектов; класс мойки A; 9 л/цикл; Автоматические программы; 44 дБ; 81.5x59.8x55 см], Item [name=Bosch SMV 59U00, price=8489, desciption=Посудомоечная машина, встраиваемая полностью, электронное управление; на 13 комплектов; класс мойки A; 9 л/цикл; Автоматические программы; 44 дБ; 81.5x59.8x55 см], Item [name=Bosch SMV 59U00, price=8489, desciption=Посудомоечная машина, встраиваемая полностью, электронное управление; на 13 комплектов; класс мойки A; 9 л/цикл; Автоматические программы; 44 дБ; 81.5x59.8x55 см], Item [name=Bosch SMV 59U00, price=8489, desciption=Посудомоечная машина, встраиваемая полностью, электронное управление; на 13 комплектов; класс мойки A; 9 л/цикл; Автоматические программы; 44 дБ; 81.5x59.8x55 см], Item [name=Bosch SMV 59U00, price=8489, desciption=Посудомоечная машина, встраиваемая полностью, электронное управление; на 13 комплектов; класс мойки A; 9 л/цикл; Автоматические программы; 44 дБ; 81.5x59.8x55 см], Item [name=Bosch SMV 59U00, price=8489, desciption=Посудомоечная машина, встраиваемая полностью, электронное управление; на 13 комплектов; класс мойки A; 9 л/цикл; Автоматические программы; 44 дБ; 81.5x59.8x55 см], Item [name=Bosch SMV 59U00, price=8489, desciption=Посудомоечная машина, встраиваемая полностью, электронное управление; на 13 комплектов; класс мойки A; 9 л/цикл; Автоматические программы; 44 дБ; 81.5x59.8x55 см], Item [name=Bosch SMV 59U00, price=8489, desciption=Посудомоечная машина, встраиваемая полностью, электронное управление; на 13 комплектов; класс мойки A; 9 л/цикл; Автоматические программы; 44 дБ; 81.5x59.8x55 см], Item [name=Bosch SMV 59U00, price=8489, desciption=Посудомоечная машина, встраиваемая полностью, электронное управление; на 13 комплектов; класс мойки A; 9 л/цикл; Автоматические программы; 44 дБ; 81.5x59.8x55 см], Item [name=Bosch SMV 59U00, price=8489, desciption=Посудомоечная машина, встраиваемая полностью, электронное управление; на 13 комплектов; класс мойки A; 9 л/цикл; Автоматические программы; 44 дБ; 81.5x59.8x55 см], Item [name=Bosch SMV 59U00, price=8489, desciption=Посудомоечная машина, встраиваемая полностью, электронное управление; на 13 комплектов; класс мойки A; 9 л/цикл; Автоматические программы; 44 дБ; 81.5x59.8x55 см], Item [name=Bosch SMV 59U00, price=8489, desciption=Посудомоечная машина, встраиваемая полностью, электронное управление; на 13 комплектов; класс мойки A; 9 л/цикл; Автоматические программы; 44 дБ; 81.5x59.8x55 см], Item [name=Bosch SMV 59U00, price=8489, desciption=Посудомоечная машина, встраиваемая полностью, электронное управление; на 13 комплектов; класс мойки A; 9 л/цикл; Автоматические программы; 44 дБ; 81.5x59.8x55 см], Item [name=Bosch SMV 59U00, price=8489, desciption=Посудомоечная машина, встраиваемая полностью, электронное управление; на 13 комплектов; класс мойки A; 9 л/цикл; Автоматические программы; 44 дБ; 81.5x59.8x55 см], Item [name=Bosch SMV 59U00, price=8489, desciption=Посудомоечная машина, встраиваемая полностью, электронное управление; на 13 комплектов; класс мойки A; 9 л/цикл; Автоматические программы; 44 дБ; 81.5x59.8x55 см], Item [name=Bosch SMV 59U00, price=8489, desciption=Посудомоечная машина, встраиваемая полностью, электронное управление; на 13 комплектов; класс мойки A; 9 л/цикл; Автоматические программы; 44 дБ; 81.5x59.8x55 см], Item [name=Bosch SMV 59U00, price=8489, desciption=Посудомоечная машина, встраиваемая полностью, электронное управление; на 13 комплектов; класс мойки A; 9 л/цикл; Автоматические программы; 44 дБ; 81.5x59.8x55 см], Item [name=Bosch SMV 59U00, price=8489, desciption=Посудомоечная машина, встраиваемая полностью, электронное управление; на 13 комплектов; класс мойки A; 9 л/цикл; Автоматические программы; 44 дБ; 81.5x59.8x55 см], Item [name=Bosch SMV 59U00, price=8489, desciption=Посудомоечная машина, встраиваемая полностью, электронное управление; на 13 комплектов; класс мойки A; 9 л/цикл; Автоматические программы; 44 дБ; 81.5x59.8x55 см], Item [name=Electrolux ESL 4550 RA, price=4761, desciption=Посудомоечная машина, встраиваемая полностью, электронное управление; на 9 комплектов; класс мойки A; 9 л/цикл; Автоматические программы; 47 дБ; 82x45x55 см], Item [name=Electrolux ESL 4550 RA, price=4761, desciption=Посудомоечная машина, встраиваемая полностью, электронное управление; на 9 комплектов; класс мойки A; 9 л/цикл; Автоматические программы; 47 дБ; 82x45x55 см], Item [name=Electrolux ESL 4550 RA, price=4761, desciption=Посудомоечная машина, встраиваемая полностью, электронное управление; на 9 комплектов; класс мойки A; 9 л/цикл; Автоматические программы; 47 дБ; 82x45x55 см], Item [name=Electrolux ESL 4550 RA, price=4761, desciption=Посудомоечная машина, встраиваемая полностью, электронное управление; на 9 комплектов; класс мойки A; 9 л/цикл; Автоматические программы; 47 дБ; 82x45x55 см], Item [name=Electrolux ESL 4550 RA, price=4761, desciption=Посудомоечная машина, встраиваемая полностью, электронное управление; на 9 комплектов; класс мойки A; 9 л/цикл; Автоматические программы; 47 дБ; 82x45x55 см], Item [name=Electrolux ESL 4550 RA, price=4761, desciption=Посудомоечная машина, встраиваемая полностью, электронное управление; на 9 комплектов; класс мойки A; 9 л/цикл; Автоматические программы; 47 дБ; 82x45x55 см], Item [name=Electrolux ESL 4550 RA, price=4761, desciption=Посудомоечная машина, встраиваемая полностью, электронное управление; на 9 комплектов; класс мойки A; 9 л/цикл; Автоматические программы; 47 дБ; 82x45x55 см], Item [name=Electrolux ESL 4550 RA, price=4761, desciption=Посудомоечная машина, встраиваемая полностью, электронное управление; на 9 комплектов; класс мойки A; 9 л/цикл; Автоматические программы; 47 дБ; 82x45x55 см], Item [name=Electrolux ESL 4550 RA, price=4761, desciption=Посудомоечная машина, встраиваемая полностью, электронное управление; на 9 комплектов; класс мойки A; 9 л/цикл; Автоматические программы; 47 дБ; 82x45x55 см], Item [name=Electrolux ESL 4550 RA, price=4761, desciption=Посудомоечная машина, встраиваемая полностью, электронное управление; на 9 комплектов; класс мойки A; 9 л/цикл; Автоматические программы; 47 дБ; 82x45x55 см], Item [name=Electrolux ESL 4550 RA, price=4761, desciption=Посудомоечная машина, встраиваемая полностью, электронное управление; на 9 комплектов; класс мойки A; 9 л/цикл; Автоматические программы; 47 дБ; 82x45x55 см], Item [name=Electrolux ESL 4550 RA, price=4761, desciption=Посудомоечная машина, встраиваемая полностью, электронное управление; на 9 комплектов; класс мойки A; 9 л/цикл; Автоматические программы; 47 дБ; 82x45x55 см], Item [name=Electrolux ESL 4550 RA, price=4761, desciption=Посудомоечная машина, встраиваемая полностью, электронное управление; на 9 комплектов; класс мойки A; 9 л/цикл; Автоматические программы; 47 дБ; 82x45x55 см], Item [name=Electrolux ESL 4550 RA, price=4761, desciption=Посудомоечная машина, встраиваемая полностью, электронное управление; на 9 комплектов; класс мойки A; 9 л/цикл; Автоматические программы; 47 дБ; 82x45x55 см], Item [name=Electrolux ESL 4550 RA, price=4761, desciption=Посудомоечная машина, встраиваемая полностью, электронное управление; на 9 комплектов; класс мойки A; 9 л/цикл; Автоматические программы; 47 дБ; 82x45x55 см], Item [name=Electrolux ESL 4550 RA, price=4761, desciption=Посудомоечная машина, встраиваемая полностью, электронное управление; на 9 комплектов; класс мойки A; 9 л/цикл; Автоматические программы; 47 дБ; 82x45x55 см], Item [name=Electrolux ESL 4550 RA, price=4761, desciption=Посудомоечная машина, встраиваемая полностью, электронное управление; на 9 комплектов; класс мойки A; 9 л/цикл; Автоматические программы; 47 дБ; 82x45x55 см], Item [name=Electrolux ESL 4550 RA, price=4761, desciption=Посудомоечная машина, встраиваемая полностью, электронное управление; на 9 комплектов; класс мойки A; 9 л/цикл; Автоматические программы; 47 дБ; 82x45x55 см], Item [name=Electrolux ESL 4550 RA, price=4761, desciption=Посудомоечная машина, встраиваемая полностью, электронное управление; на 9 комплектов; класс мойки A; 9 л/цикл; Автоматические программы; 47 дБ; 82x45x55 см], Item [name=Electrolux ESL 4550 RA, price=4761, desciption=Посудомоечная машина, встраиваемая полностью, электронное управление; на 9 комплектов; класс мойки A; 9 л/цикл; Автоматические программы; 47 дБ; 82x45x55 см], Item [name=Bosch SMS 69N28, price=6927, desciption=Посудомоечная машина, отдельностоящая, электронное управление; на 13 комплектов; класс мойки A; 6 л/цикл; Автоматические программы; серебристая; 44 дБ; 84.5x60x60 см], Item [name=Bosch SMS 69N28, price=6927, desciption=Посудомоечная машина, отдельностоящая, электронное управление; на 13 комплектов; класс мойки A; 6 л/цикл; Автоматические программы; серебристая; 44 дБ; 84.5x60x60 см], Item [name=Bosch SMS 69N28, price=6927, desciption=Посудомоечная машина, отдельностоящая, электронное управление; на 13 комплектов; класс мойки A; 6 л/цикл; Автоматические программы; серебристая; 44 дБ; 84.5x60x60 см], Item [name=Bosch SMS 69N28, price=6927, desciption=Посудомоечная машина, отдельностоящая, электронное управление; на 13 комплектов; класс мойки A; 6 л/цикл; Автоматические программы; серебристая; 44 дБ; 84.5x60x60 см], Item [name=Bosch SMS 69N28, price=6927, desciption=Посудомоечная машина, отдельностоящая, электронное управление; на 13 комплектов; класс мойки A; 6 л/цикл; Автоматические программы; серебристая; 44 дБ; 84.5x60x60 см], Item [name=Bosch SMS 69N28, price=6927, desciption=Посудомоечная машина, отдельностоящая, электронное управление; на 13 комплектов; класс мойки A; 6 л/цикл; Автоматические программы; серебристая; 44 дБ; 84.5x60x60 см], Item [name=Bosch SMS 69N28, price=6927, desciption=Посудомоечная машина, отдельностоящая, электронное управление; на 13 комплектов; класс мойки A; 6 л/цикл; Автоматические программы; серебристая; 44 дБ; 84.5x60x60 см], Item [name=Bosch SMS 69N28, price=6927, desciption=Посудомоечная машина, отдельностоящая, электронное управление; на 13 комплектов; класс мойки A; 6 л/цикл; Автоматические программы; серебристая; 44 дБ; 84.5x60x60 см], Item [name=Bosch SMS 69N28, price=6927, desciption=Посудомоечная машина, отдельностоящая, электронное управление; на 13 комплектов; класс мойки A; 6 л/цикл; Автоматические программы; серебристая; 44 дБ; 84.5x60x60 см], Item [name=Bosch SMS 69N28, price=6927, desciption=Посудомоечная машина, отдельностоящая, электронное управление; на 13 комплектов; класс мойки A; 6 л/цикл; Автоматические программы; серебристая; 44 дБ; 84.5x60x60 см], Item [name=Bosch SMS 69N28, price=6927, desciption=Посудомоечная машина, отдельностоящая, электронное управление; на 13 комплектов; класс мойки A; 6 л/цикл; Автоматические программы; серебристая; 44 дБ; 84.5x60x60 см], Item [name=Bosch SMS 69N28, price=6927, desciption=Посудомоечная машина, отдельностоящая, электронное управление; на 13 комплектов; класс мойки A; 6 л/цикл; Автоматические программы; серебристая; 44 дБ; 84.5x60x60 см], Item [name=Bosch SMS 69N28, price=6927, desciption=Посудомоечная машина, отдельностоящая, электронное управление; на 13 комплектов; класс мойки A; 6 л/цикл; Автоматические программы; серебристая; 44 дБ; 84.5x60x60 см], Item [name=Bosch SMS 69N28, price=6927, desciption=Посудомоечная машина, отдельностоящая, электронное управление; на 13 комплектов; класс мойки A; 6 л/цикл; Автоматические программы; серебристая; 44 дБ; 84.5x60x60 см], Item [name=Bosch SMS 69N28, price=6927, desciption=Посудомоечная машина, отдельностоящая, электронное управление; на 13 комплектов; класс мойки A; 6 л/цикл; Автоматические программы; серебристая; 44 дБ; 84.5x60x60 см], Item [name=Bosch SMS 69N28, price=6927, desciption=Посудомоечная машина, отдельностоящая, электронное управление; на 13 комплектов; класс мойки A; 6 л/цикл; Автоматические программы; серебристая; 44 дБ; 84.5x60x60 см], Item [name=Bosch SMS 69N28, price=6927, desciption=Посудомоечная машина, отдельностоящая, электронное управление; на 13 комплектов; класс мойки A; 6 л/цикл; Автоматические программы; серебристая; 44 дБ; 84.5x60x60 см], Item [name=Bosch SMS 69N28, price=6927, desciption=Посудомоечная машина, отдельностоящая, электронное управление; на 13 комплектов; класс мойки A; 6 л/цикл; Автоматические программы; серебристая; 44 дБ; 84.5x60x60 см], Item [name=Bosch SMS 69N28, price=6927, desciption=Посудомоечная машина, отдельностоящая, электронное управление; на 13 комплектов; класс мойки A; 6 л/цикл; Автоматические программы; серебристая; 44 дБ; 84.5x60x60 см], Item [name=Bosch SMS 69N28, price=6927, desciption=Посудомоечная машина, отдельностоящая, электронное управление; на 13 комплектов; класс мойки A; 6 л/цикл; Автоматические программы; серебристая; 44 дБ; 84.5x60x60 см], Item [name=Fagor FDW-200 WE, price=6219, desciption=Посудомоечная машина, отдельностоящая, электронное управление; на 13 комплектов; класс мойки A; 10 л/цикл; Автоматические программы; белая; 47 дБ; 82x60x60 см], Item [name=Fagor FDW-200 WE, price=6219, desciption=Посудомоечная машина, отдельностоящая, электронное управление; на 13 комплектов; класс мойки A; 10 л/цикл; Автоматические программы; белая; 47 дБ; 82x60x60 см], Item [name=Fagor FDW-200 WE, price=6219, desciption=Посудомоечная машина, отдельностоящая, электронное управление; на 13 комплектов; класс мойки A; 10 л/цикл; Автоматические программы; белая; 47 дБ; 82x60x60 см], Item [name=Fagor FDW-200 WE, price=6219, desciption=Посудомоечная машина, отдельностоящая, электронное управление; на 13 комплектов; класс мойки A; 10 л/цикл; Автоматические программы; белая; 47 дБ; 82x60x60 см], Item [name=Fagor FDW-200 WE, price=6219, desciption=Посудомоечная машина, отдельностоящая, электронное управление; на 13 комплектов; класс мойки A; 10 л/цикл; Автоматические программы; белая; 47 дБ; 82x60x60 см], Item [name=Fagor FDW-200 WE, price=6219, desciption=Посудомоечная машина, отдельностоящая, электронное управление; на 13 комплектов; класс мойки A; 10 л/цикл; Автоматические программы; белая; 47 дБ; 82x60x60 см], Item [name=Fagor FDW-200 WE, price=6219, desciption=Посудомоечная машина, отдельностоящая, электронное управление; на 13 комплектов; класс мойки A; 10 л/цикл; Автоматические программы; белая; 47 дБ; 82x60x60 см], Item [name=Fagor FDW-200 WE, price=6219, desciption=Посудомоечная машина, отдельностоящая, электронное управление; на 13 комплектов; класс мойки A; 10 л/цикл; Автоматические программы; белая; 47 дБ; 82x60x60 см], Item [name=Fagor FDW-200 WE, price=6219, desciption=Посудомоечная машина, отдельностоящая, электронное управление; на 13 комплектов; класс мойки A; 10 л/цикл; Автоматические программы; белая; 47 дБ; 82x60x60 см], Item [name=Fagor FDW-200 WE, price=6219, desciption=Посудомоечная машина, отдельностоящая, электронное управление; на 13 комплектов; класс мойки A; 10 л/цикл; Автоматические программы; белая; 47 дБ; 82x60x60 см], Item [name=Fagor FDW-200 WE, price=6219, desciption=Посудомоечная машина, отдельностоящая, электронное управление; на 13 комплектов; класс мойки A; 10 л/цикл; Автоматические программы; белая; 47 дБ; 82x60x60 см], Item [name=Fagor FDW-200 WE, price=6219, desciption=Посудомоечная машина, отдельностоящая, электронное управление; на 13 комплектов; класс мойки A; 10 л/цикл; Автоматические программы; белая; 47 дБ; 82x60x60 см], Item [name=Fagor FDW-200 WE, price=6219, desciption=Посудомоечная машина, отдельностоящая, электронное управление; на 13 комплектов; класс мойки A; 10 л/цикл; Автоматические программы; белая; 47 дБ; 82x60x60 см], Item [name=Fagor FDW-200 WE, price=6219, desciption=Посудомоечная машина, отдельностоящая, электронное управление; на 13 комплектов; класс мойки A; 10 л/цикл; Автоматические программы; белая; 47 дБ; 82x60x60 см], Item [name=Fagor FDW-200 WE, price=6219, desciption=Посудомоечная машина, отдельностоящая, электронное управление; на 13 комплектов; класс мойки A; 10 л/цикл; Автоматические программы; белая; 47 дБ; 82x60x60 см], Item [name=Fagor FDW-200 WE, price=6219, desciption=Посудомоечная машина, отдельностоящая, электронное управление; на 13 комплектов; класс мойки A; 10 л/цикл; Автоматические программы; белая; 47 дБ; 82x60x60 см], Item [name=Fagor FDW-200 WE, price=6219, desciption=Посудомоечная машина, отдельностоящая, электронное управление; на 13 комплектов; класс мойки A; 10 л/цикл; Автоматические программы; белая; 47 дБ; 82x60x60 см], Item [name=Fagor FDW-200 WE, price=6219, desciption=Посудомоечная машина, отдельностоящая, электронное управление; на 13 комплектов; класс мойки A; 10 л/цикл; Автоматические программы; белая; 47 дБ; 82x60x60 см], Item [name=Fagor FDW-200 WE, price=6219, desciption=Посудомоечная машина, отдельностоящая, электронное управление; на 13 комплектов; класс мойки A; 10 л/цикл; Автоматические программы; белая; 47 дБ; 82x60x60 см], Item [name=Fagor FDW-200 WE, price=6219, desciption=Посудомоечная машина, отдельностоящая, электронное управление; на 13 комплектов; класс мойки A; 10 л/цикл; Автоматические программы; белая; 47 дБ; 82x60x60 см], Item [name=Bosch SMS 69U02, price=8400, desciption=Посудомоечная машина, отдельностоящая, электронное управление; на 13 комплектов; класс мойки A; 9 л/цикл; Автоматические программы; белая; 40 дБ; 85x60x60 см], Item [name=Bosch SMS 69U02, price=8400, desciption=Посудомоечная машина, отдельностоящая, электронное управление; на 13 комплектов; класс мойки A; 9 л/цикл; Автоматические программы; белая; 40 дБ; 85x60x60 см], Item [name=Bosch SMS 69U02, price=8400, desciption=Посудомоечная машина, отдельностоящая, электронное управление; на 13 комплектов; класс мойки A; 9 л/цикл; Автоматические программы; белая; 40 дБ; 85x60x60 см], Item [name=Bosch SMS 69U02, price=8400, desciption=Посудомоечная машина, отдельностоящая, электронное управление; на 13 комплектов; класс мойки A; 9 л/цикл; Автоматические программы; белая; 40 дБ; 85x60x60 см], Item [name=Bosch SMS 69U02, price=8400, desciption=Посудомоечная машина, отдельностоящая, электронное управление; на 13 комплектов; класс мойки A; 9 л/цикл; Автоматические программы; белая; 40 дБ; 85x60x60 см], Item [name=Bosch SMS 69U02, price=8400, desciption=Посудомоечная машина, отдельностоящая, электронное управление; на 13 комплектов; класс мойки A; 9 л/цикл; Автоматические программы; белая; 40 дБ; 85x60x60 см], Item [name=Bosch SMS 69U02, price=8400, desciption=Посудомоечная машина, отдельностоящая, электронное управление; на 13 комплектов; класс мойки A; 9 л/цикл; Автоматические программы; белая; 40 дБ; 85x60x60 см], Item [name=Bosch SMS 69U02, price=8400, desciption=Посудомоечная машина, отдельностоящая, электронное управление; на 13 комплектов; класс мойки A; 9 л/цикл; Автоматические программы; белая; 40 дБ; 85x60x60 см], Item [name=Bosch SMS 69U02, price=8400, desciption=Посудомоечная машина, отдельностоящая, электронное управление; на 13 комплектов; класс мойки A; 9 л/цикл; Автоматические программы; белая; 40 дБ; 85x60x60 см], Item [name=Bosch SMS 69U02, price=8400, desciption=Посудомоечная машина, отдельностоящая, электронное управление; на 13 комплектов; класс мойки A; 9 л/цикл; Автоматические программы; белая; 40 дБ; 85x60x60 см], Item [name=Bosch SMS 69U02, price=8400, desciption=Посудомоечная машина, отдельностоящая, электронное управление; на 13 комплектов; класс мойки A; 9 л/цикл; Автоматические программы; белая; 40 дБ; 85x60x60 см], Item [name=Bosch SMS 69U02, price=8400, desciption=Посудомоечная машина, отдельностоящая, электронное управление; на 13 комплектов; класс мойки A; 9 л/цикл; Автоматические программы; белая; 40 дБ; 85x60x60 см], Item [name=Bosch SMS 69U02, price=8400, desciption=Посудомоечная машина, отдельностоящая, электронное управление; на 13 комплектов; класс мойки A; 9 л/цикл; Автоматические программы; белая; 40 дБ; 85x60x60 см], Item [name=Bosch SMS 69U02, price=8400, desciption=Посудомоечная машина, отдельностоящая, электронное управление; на 13 комплектов; класс мойки A; 9 л/цикл; Автоматические программы; белая; 40 дБ; 85x60x60 см], Item [name=Bosch SMS 69U02, price=8400, desciption=Посудомоечная машина, отдельностоящая, электронное управление; на 13 комплектов; класс мойки A; 9 л/цикл; Автоматические программы; белая; 40 дБ; 85x60x60 см], Item [name=Bosch SMS 69U02, price=8400, desciption=Посудомоечная машина, отдельностоящая, электронное управление; на 13 комплектов; класс мойки A; 9 л/цикл; Автоматические программы; белая; 40 дБ; 85x60x60 см], Item [name=Bosch SMS 69U02, price=8400, desciption=Посудомоечная машина, отдельностоящая, электронное управление; на 13 комплектов; класс мойки A; 9 л/цикл; Автоматические программы; белая; 40 дБ; 85x60x60 см], Item [name=Bosch SMS 69U02, price=8400, desciption=Посудомоечная машина, отдельностоящая, электронное управление; на 13 комплектов; класс мойки A; 9 л/цикл; Автоматические программы; белая; 40 дБ; 85x60x60 см], Item [name=Bosch SMS 69U02, price=8400, desciption=Посудомоечная машина, отдельностоящая, электронное управление; на 13 комплектов; класс мойки A; 9 л/цикл; Автоматические программы; белая; 40 дБ; 85x60x60 см], Item [name=Bosch SMS 69U02, price=8400, desciption=Посудомоечная машина, отдельностоящая, электронное управление; на 13 комплектов; класс мойки A; 9 л/цикл; Автоматические программы; белая; 40 дБ; 85x60x60 см], Item [name=Hansa ZWM 476 WEH, price=3195, desciption=Посудомоечная машина, отдельностоящая, электронное управление; на 10 комплектов; класс мойки A; 9 л/цикл; белая; 49 дБ; 85x45x60 см], Item [name=Hansa ZWM 476 WEH, price=3195, desciption=Посудомоечная машина, отдельностоящая, электронное управление; на 10 комплектов; класс мойки A; 9 л/цикл; белая; 49 дБ; 85x45x60 см], Item [name=Hansa ZWM 476 WEH, price=3195, desciption=Посудомоечная машина, отдельностоящая, электронное управление; на 10 комплектов; класс мойки A; 9 л/цикл; белая; 49 дБ; 85x45x60 см], Item [name=Hansa ZWM 476 WEH, price=3195, desciption=Посудомоечная машина, отдельностоящая, электронное управление; на 10 комплектов; класс мойки A; 9 л/цикл; белая; 49 дБ; 85x45x60 см], Item [name=Hansa ZWM 476 WEH, price=3195, desciption=Посудомоечная машина, отдельностоящая, электронное управление; на 10 комплектов; класс мойки A; 9 л/цикл; белая; 49 дБ; 85x45x60 см], Item [name=Hansa ZWM 476 WEH, price=3195, desciption=Посудомоечная машина, отдельностоящая, электронное управление; на 10 комплектов; класс мойки A; 9 л/цикл; белая; 49 дБ; 85x45x60 см], Item [name=Hansa ZWM 476 WEH, price=3195, desciption=Посудомоечная машина, отдельностоящая, электронное управление; на 10 комплектов; класс мойки A; 9 л/цикл; белая; 49 дБ; 85x45x60 см], Item [name=Hansa ZWM 476 WEH, price=3195, desciption=Посудомоечная машина, отдельностоящая, электронное управление; на 10 комплектов; класс мойки A; 9 л/цикл; белая; 49 дБ; 85x45x60 см], Item [name=Hansa ZWM 476 WEH, price=3195, desciption=Посудомоечная машина, отдельностоящая, электронное управление; на 10 комплектов; класс мойки A; 9 л/цикл; белая; 49 дБ; 85x45x60 см], Item [name=Hansa ZWM 476 WEH, price=3195, desciption=Посудомоечная машина, отдельностоящая, электронное управление; на 10 комплектов; класс мойки A; 9 л/цикл; белая; 49 дБ; 85x45x60 см], Item [name=Hansa ZWM 476 WEH, price=3195, desciption=Посудомоечная машина, отдельностоящая, электронное управление; на 10 комплектов; класс мойки A; 9 л/цикл; белая; 49 дБ; 85x45x60 см], Item [name=Hansa ZWM 476 WEH, price=3195, desciption=Посудомоечная машина, отдельностоящая, электронное управление; на 10 комплектов; класс мойки A; 9 л/цикл; белая; 49 дБ; 85x45x60 см], Item [name=Hansa ZWM 476 WEH, price=3195, desciption=Посудомоечная машина, отдельностоящая, электронное управление; на 10 комплектов; класс мойки A; 9 л/цикл; белая; 49 дБ; 85x45x60 см], Item [name=Hansa ZWM 476 WEH, price=3195, desciption=Посудомоечная машина, отдельностоящая, электронное управление; на 10 комплектов; класс мойки A; 9 л/цикл; белая; 49 дБ; 85x45x60 см], Item [name=Hansa ZWM 476 WEH, price=3195, desciption=Посудомоечная машина, отдельностоящая, электронное управление; на 10 комплектов; класс мойки A; 9 л/цикл; белая; 49 дБ; 85x45x60 см], Item [name=Hansa ZWM 476 WEH, price=3195, desciption=Посудомоечная машина, отдельностоящая, электронное управление; на 10 комплектов; класс мойки A; 9 л/цикл; белая; 49 дБ; 85x45x60 см], Item [name=Hansa ZWM 476 WEH, price=3195, desciption=Посудомоечная машина, отдельностоящая, электронное управление; на 10 комплектов; класс мойки A; 9 л/цикл; белая; 49 дБ; 85x45x60 см], Item [name=Hansa ZWM 476 WEH, price=3195, desciption=Посудомоечная машина, отдельностоящая, электронное управление; на 10 комплектов; класс мойки A; 9 л/цикл; белая; 49 дБ; 85x45x60 см], Item [name=Hansa ZWM 476 WEH, price=3195, desciption=Посудомоечная машина, отдельностоящая, электронное управление; на 10 комплектов; класс мойки A; 9 л/цикл; белая; 49 дБ; 85x45x60 см], Item [name=Hansa ZWM 476 WEH, price=3195, desciption=Посудомоечная машина, отдельностоящая, электронное управление; на 10 комплектов; класс мойки A; 9 л/цикл; белая; 49 дБ; 85x45x60 см], Item [name=Candy CDP 6653, price=2927, desciption=Посудомоечная машина, отдельностоящая, электронное управление; на 15 комплектов; класс мойки A; 12 л/цикл; белая; 52 дБ; 85x60x60 см], Item [name=Candy CDP 6653, price=2927, desciption=Посудомоечная машина, отдельностоящая, электронное управление; на 15 комплектов; класс мойки A; 12 л/цикл; белая; 52 дБ; 85x60x60 см], Item [name=Candy CDP 6653, price=2927, desciption=Посудомоечная машина, отдельностоящая, электронное управление; на 15 комплектов; класс мойки A; 12 л/цикл; белая; 52 дБ; 85x60x60 см], Item [name=Candy CDP 6653, price=2927, desciption=Посудомоечная машина, отдельностоящая, электронное управление; на 15 комплектов; класс мойки A; 12 л/цикл; белая; 52 дБ; 85x60x60 см], Item [name=Candy CDP 6653, price=2927, desciption=Посудомоечная машина, отдельностоящая, электронное управление; на 15 комплектов; класс мойки A; 12 л/цикл; белая; 52 дБ; 85x60x60 см], Item [name=Candy CDP 6653, price=2927, desciption=Посудомоечная машина, отдельностоящая, электронное управление; на 15 комплектов; класс мойки A; 12 л/цикл; белая; 52 дБ; 85x60x60 см], Item [name=Candy CDP 6653, price=2927, desciption=Посудомоечная машина, отдельностоящая, электронное управление; на 15 комплектов; класс мойки A; 12 л/цикл; белая; 52 дБ; 85x60x60 см], Item [name=Candy CDP 6653, price=2927, desciption=Посудомоечная машина, отдельностоящая, электронное управление; на 15 комплектов; класс мойки A; 12 л/цикл; белая; 52 дБ; 85x60x60 см], Item [name=Candy CDP 6653, price=2927, desciption=Посудомоечная машина, отдельностоящая, электронное управление; на 15 комплектов; класс мойки A; 12 л/цикл; белая; 52 дБ; 85x60x60 см], Item [name=Candy CDP 6653, price=2927, desciption=Посудомоечная машина, отдельностоящая, электронное управление; на 15 комплектов; класс мойки A; 12 л/цикл; белая; 52 дБ; 85x60x60 см], Item [name=Candy CDP 6653, price=2927, desciption=Посудомоечная машина, отдельностоящая, электронное управление; на 15 комплектов; класс мойки A; 12 л/цикл; белая; 52 дБ; 85x60x60 см], Item [name=Candy CDP 6653, price=2927, desciption=Посудомоечная машина, отдельностоящая, электронное управление; на 15 комплектов; класс мойки A; 12 л/цикл; белая; 52 дБ; 85x60x60 см], Item [name=Candy CDP 6653, price=2927, desciption=Посудомоечная машина, отдельностоящая, электронное управление; на 15 комплектов; класс мойки A; 12 л/цикл; белая; 52 дБ; 85x60x60 см], Item [name=Candy CDP 6653, price=2927, desciption=Посудомоечная машина, отдельностоящая, электронное управление; на 15 комплектов; класс мойки A; 12 л/цикл; белая; 52 дБ; 85x60x60 см], Item [name=Candy CDP 6653, price=2927, desciption=Посудомоечная машина, отдельностоящая, электронное управление; на 15 комплектов; класс мойки A; 12 л/цикл; белая; 52 дБ; 85x60x60 см], Item [name=Candy CDP 6653, price=2927, desciption=Посудомоечная машина, отдельностоящая, электронное управление; на 15 комплектов; класс мойки A; 12 л/цикл; белая; 52 дБ; 85x60x60 см], Item [name=Candy CDP 6653, price=2927, desciption=Посудомоечная машина, отдельностоящая, электронное управление; на 15 комплектов; класс мойки A; 12 л/цикл; белая; 52 дБ; 85x60x60 см], Item [name=Candy CDP 6653, price=2927, desciption=Посудомоечная машина, отдельностоящая, электронное управление; на 15 комплектов; класс мойки A; 12 л/цикл; белая; 52 дБ; 85x60x60 см], Item [name=Candy CDP 6653, price=2927, desciption=Посудомоечная машина, отдельностоящая, электронное управление; на 15 комплектов; класс мойки A; 12 л/цикл; белая; 52 дБ; 85x60x60 см], Item [name=Candy CDP 6653, price=2927, desciption=Посудомоечная машина, отдельностоящая, электронное управление; на 15 комплектов; класс мойки A; 12 л/цикл; белая; 52 дБ; 85x60x60 см], Item [name=Gaggenau DI 460111, price=24818, desciption=Посудомоечная машина, встраиваемая, с наружной панелью; на 13 комплектов; класс мойки A; 10 л/цикл; Автоматические программы; серебристая; 42 дБ; 81.5x59.8x55 см], Item [name=Gaggenau DI 460111, price=24818, desciption=Посудомоечная машина, встраиваемая, с наружной панелью; на 13 комплектов; класс мойки A; 10 л/цикл; Автоматические программы; серебристая; 42 дБ; 81.5x59.8x55 см], Item [name=Gaggenau DI 460111, price=24818, desciption=Посудомоечная машина, встраиваемая, с наружной панелью; на 13 комплектов; класс мойки A; 10 л/цикл; Автоматические программы; серебристая; 42 дБ; 81.5x59.8x55 см], Item [name=Gaggenau DI 460111, price=24818, desciption=Посудомоечная машина, встраиваемая, с наружной панелью; на 13 комплектов; класс мойки A; 10 л/цикл; Автоматические программы; серебристая; 42 дБ; 81.5x59.8x55 см], Item [name=Gaggenau DI 460111, price=24818, desciption=Посудомоечная машина, встраиваемая, с наружной панелью; на 13 комплектов; класс мойки A; 10 л/цикл; Автоматические программы; серебристая; 42 дБ; 81.5x59.8x55 см], Item [name=Gaggenau DI 460111, price=24818, desciption=Посудомоечная машина, встраиваемая, с наружной панелью; на 13 комплектов; класс мойки A; 10 л/цикл; Автоматические программы; серебристая; 42 дБ; 81.5x59.8x55 см], Item [name=Gaggenau DI 460111, price=24818, desciption=Посудомоечная машина, встраиваемая, с наружной панелью; на 13 комплектов; класс мойки A; 10 л/цикл; Автоматические программы; серебристая; 42 дБ; 81.5x59.8x55 см], Item [name=Gaggenau DI 460111, price=24818, desciption=Посудомоечная машина, встраиваемая, с наружной панелью; на 13 комплектов; класс мойки A; 10 л/цикл; Автоматические программы; серебристая; 42 дБ; 81.5x59.8x55 см], Item [name=Gaggenau DI 460111, price=24818, desciption=Посудомоечная машина, встраиваемая, с наружной панелью; на 13 комплектов; класс мойки A; 10 л/цикл; Автоматические программы; серебристая; 42 дБ; 81.5x59.8x55 см], Item [name=Gaggenau DI 460111, price=24818, desciption=Посудомоечная машина, встраиваемая, с наружной панелью; на 13 комплектов; класс мойки A; 10 л/цикл; Автоматические программы; серебристая; 42 дБ; 81.5x59.8x55 см], Item [name=Gaggenau DI 460111, price=24818, desciption=Посудомоечная машина, встраиваемая, с наружной панелью; на 13 комплектов; класс мойки A; 10 л/цикл; Автоматические программы; серебристая; 42 дБ; 81.5x59.8x55 см], Item [name=Gaggenau DI 460111, price=24818, desciption=Посудомоечная машина, встраиваемая, с наружной панелью; на 13 комплектов; класс мойки A; 10 л/цикл; Автоматические программы; серебристая; 42 дБ; 81.5x59.8x55 см], Item [name=Gaggenau DI 460111, price=24818, desciption=Посудомоечная машина, встраиваемая, с наружной панелью; на 13 комплектов; класс мойки A; 10 л/цикл; Автоматические программы; серебристая; 42 дБ; 81.5x59.8x55 см], Item [name=Gaggenau DI 460111, price=24818, desciption=Посудомоечная машина, встраиваемая, с наружной панелью; на 13 комплектов; класс мойки A; 10 л/цикл; Автоматические программы; серебристая; 42 дБ; 81.5x59.8x55 см]]
</system-out>
  </testcase>
</testsuite>