<?xml version="1.0" encoding="UTF-8"?>
<!-- Generated by org.testng.reporters.JUnitReportReporter -->
<testsuite hostname="EPUAKHAW0472" name="com.epam.preproduction.tests.CheckItemInformation" tests="1" failures="0" timestamp="12 Nov 2013 11:33:18 GMT" time="36.205" errors="0">
  <testcase name="testItemInformation" time="36.205" classname="com.epam.preproduction.tests.CheckItemInformation"/>
</testsuite> <!-- com.epam.preproduction.tests.CheckItemInformation -->
