<?xml version="1.0" encoding="UTF-8"?>
<!-- Generated by org.testng.reporters.JUnitReportReporter -->
<testsuite hostname="Ice-PC" name="com.epam.preproduction.tests.CheckPriceFilterTest" tests="1" failures="0" timestamp="15 Nov 2013 06:08:10 GMT" time="240,827" errors="0">
  <testcase name="testFilterPrice" time="240,827" classname="com.epam.preproduction.tests.CheckPriceFilterTest"/>
</testsuite>
