<?xml version="1.0" encoding="UTF-8"?>
<!-- Generated by org.testng.reporters.JUnitReportReporter -->
<testsuite hostname="Ice-PC" name="com.epam.preproduction.tests.CompareItemsTest" tests="1" failures="0" timestamp="15 Nov 2013 06:08:10 GMT" time="9,848" errors="0">
  <testcase name="testCompareItems" time="9,848" classname="com.epam.preproduction.tests.CompareItemsTest"/>
</testsuite>
