<?xml version="1.0" encoding="UTF-8"?>
<!-- Generated by org.testng.reporters.JUnitReportReporter -->
<testsuite hostname="EPUAKHAW0472" name="com.epam.preproduction.tests.BreadMakerTest" tests="2" failures="0" timestamp="11 Nov 2013 13:23:06 GMT" time="70,813" errors="0">
  <testcase name="testFilterParameter" time="1,454" classname="com.epam.preproduction.tests.BreadMakerTest"/>
  <testcase name="testFilterByProducer" time="69,359" classname="com.epam.preproduction.tests.BreadMakerTest"/>
</testsuite>
