<?xml version="1.0" encoding="UTF-8"?>
<!-- Generated by org.testng.reporters.JUnitReportReporter -->
<testsuite hostname="EPUAKHAW0472" name="com.epam.preproduction.tests.CheckFilterParameters" tests="2" failures="0" timestamp="13 Nov 2013 14:02:27 GMT" time="72,546" errors="0">
  <testcase name="testFilterByProducer" time="70,683" classname="com.epam.preproduction.tests.CheckFilterParameters"/>
  <testcase name="testFilterParameter" time="1,863" classname="com.epam.preproduction.tests.CheckFilterParameters"/>
</testsuite>
