<?xml version="1.0" encoding="UTF-8"?>
<!-- Generated by org.testng.reporters.JUnitReportReporter -->
<testsuite hostname="EPUAKHAW0472" name="com.epam.preproduction.tests.CheckFilterParameters" tests="2" failures="0" timestamp="15 Nov 2013 08:08:10 GMT" time="79,164" errors="0">
  <testcase name="testFilterParameter" time="1,243" classname="com.epam.preproduction.tests.CheckFilterParameters"/>
  <testcase name="testFilterByProducer" time="77,921" classname="com.epam.preproduction.tests.CheckFilterParameters"/>
</testsuite>
