<?xml version="1.0" encoding="UTF-8"?>
<!-- Generated by org.testng.reporters.JUnitReportReporter -->
<testsuite hostname="Ice-PC" name="com.epam.preproduction.tests.CheckFilterParameters" tests="2" failures="0" timestamp="11 Nov 2013 22:13:48 GMT" time="71,746" errors="0">
  <testcase name="testFilterByProducer" time="70,574" classname="com.epam.preproduction.tests.CheckFilterParameters"/>
  <testcase name="testFilterParameter" time="1,172" classname="com.epam.preproduction.tests.CheckFilterParameters"/>
</testsuite>
