<?xml version="1.0" encoding="UTF-8"?>
<!-- Generated by org.testng.reporters.JUnitReportReporter -->
<testsuite hostname="Ice-PC" name="com.epam.preproduction.tests.CheckPriceFilterTest" tests="1" failures="0" timestamp="11 Nov 2013 22:12:08 GMT" time="282,714" errors="0">
  <testcase name="testFilterPrice" time="282,714" classname="com.epam.preproduction.tests.CheckPriceFilterTest"/>
</testsuite>
