<?xml version="1.0" encoding="UTF-8"?>
<!-- Generated by org.testng.reporters.JUnitReportReporter -->
<testsuite hostname="Ice-PC" name="com.epam.preproduction.tests.CompareItemsTest" tests="1" failures="0" timestamp="11 Nov 2013 22:03:52 GMT" time="10,896" errors="0">
  <testcase name="testCompareItems" time="10,896" classname="com.epam.preproduction.tests.CompareItemsTest"/>
</testsuite>
