<?xml version="1.0" encoding="UTF-8"?>
<!-- Generated by org.testng.reporters.JUnitReportReporter -->
<testsuite hostname="Ice-PC" name="com.epam.preproduction.tests.CheckFilterParameters" tests="2" failures="0" timestamp="15 Nov 2013 06:08:10 GMT" time="75,351" errors="0">
  <testcase name="testFilterByProducer" time="73,469" classname="com.epam.preproduction.tests.CheckFilterParameters"/>
  <testcase name="testFilterParameter" time="1,882" classname="com.epam.preproduction.tests.CheckFilterParameters"/>
</testsuite>
