<?xml version="1.0" encoding="UTF-8"?>
<!-- Generated by org.testng.reporters.JUnitReportReporter -->
<testsuite hostname="Ice-PC" name="com.epam.preproduction.tests.SortingTest" tests="2" failures="0" timestamp="15 Nov 2013 06:08:10 GMT" time="28,968" errors="0">
  <testcase name="testSortingByName" time="14,271" classname="com.epam.preproduction.tests.SortingTest"/>
  <testcase name="testSortingByPrice" time="14,697" classname="com.epam.preproduction.tests.SortingTest"/>
</testsuite>
