<?xml version="1.0" encoding="UTF-8"?>
<!-- Generated by org.testng.reporters.JUnitReportReporter -->
<testsuite hostname="EPUAKHAW0472" name="com.epam.preproduction.tests.CompareItemsTest" tests="1" failures="0" timestamp="11 Nov 2013 15:35:17 GMT" time="21,994" errors="0">
  <testcase name="testCompareItems" time="21,994" classname="com.epam.preproduction.tests.CompareItemsTest"/>
</testsuite>
