<?xml version="1.0" encoding="UTF-8"?>
<!-- Generated by org.testng.reporters.JUnitReportReporter -->
<testsuite hostname="EPUAKHAW0472" name="com.epam.preproduction.tests.CheckItemInformation" tests="1" failures="0" timestamp="15 Nov 2013 08:08:10 GMT" time="35,532" errors="0">
  <testcase name="testItemInformation" time="35,532" classname="com.epam.preproduction.tests.CheckItemInformation"/>
</testsuite>
