<?xml version="1.0" encoding="UTF-8"?>
<!-- Generated by org.testng.reporters.JUnitReportReporter -->
<testsuite hostname="EPUAKHAW0472" name="com.epam.preproduction.tests.SortingTest" tests="2" failures="0" timestamp="13 Nov 2013 14:02:27 GMT" time="41,926" errors="0">
  <testcase name="testSortingByName" time="15,092" classname="com.epam.preproduction.tests.SortingTest"/>
  <testcase name="testSortingByPrice" time="26,834" classname="com.epam.preproduction.tests.SortingTest"/>
</testsuite>
