<?xml version="1.0" encoding="UTF-8"?>
<!-- Generated by org.testng.reporters.JUnitReportReporter -->
<testsuite hostname="Ice-PC" name="com.epam.preproduction.tests.SortingTest" tests="2" failures="0" timestamp="11 Nov 2013 19:38:35 GMT" time="39,606" errors="0">
  <testcase name="testSortingByPrice" time="21,422" classname="com.epam.preproduction.tests.SortingTest"/>
  <testcase name="testSortingByName" time="18,184" classname="com.epam.preproduction.tests.SortingTest"/>
</testsuite>
