<?xml version="1.0" encoding="UTF-8"?>
<!-- Generated by org.testng.reporters.JUnitReportReporter -->
<testsuite hostname="EPUAKHAW0472" name="com.epam.preproduction.tests.CheckItemInformation" tests="1" failures="0" timestamp="13 Nov 2013 14:02:27 GMT" time="40,258" errors="0">
  <testcase name="testItemInformation" time="40,258" classname="com.epam.preproduction.tests.CheckItemInformation"/>
</testsuite>
